<?xml version="1.0" encoding="UTF-8"?>
<testsuite xmlns:xsi="http://www.w3.org/2001/XMLSchema-instance" xsi:noNamespaceSchemaLocation="https://maven.apache.org/surefire/maven-failsafe-plugin/xsd/failsafe-test-report-3.0.xsd" version="3.0" name="com.studentapp.junit.studentinfo.FirstSerenityTest" time="5.114" tests="7" errors="2" skipped="3" failures="1">
  <properties>
    <property name="sun.desktop" value="windows"/>
    <property name="awt.toolkit" value="sun.awt.windows.WToolkit"/>
    <property name="file.encoding.pkg" value="sun.io"/>
    <property name="java.specification.version" value="1.8"/>
    <property name="sun.cpu.isalist" value="amd64"/>
    <property name="sun.jnu.encoding" value="Cp1252"/>
    <property name="java.class.path" value="C:\Users\Mansi\workspace\StudentData\target\test-classes;C:\Users\Mansi\workspace\StudentData\target\StudentData-0.0.1-SNAPSHOT.jar;C:\Users\Mansi\.m2\repository\net\serenity-bdd\serenity-core\2.6.0\serenity-core-2.6.0.jar;C:\Users\Mansi\.m2\repository\net\serenity-bdd\serenity-model\2.6.0\serenity-model-2.6.0.jar;C:\Users\Mansi\.m2\repository\org\apache\commons\commons-text\1.9\commons-text-1.9.jar;C:\Users\Mansi\.m2\repository\commons-net\commons-net\3.6\commons-net-3.6.jar;C:\Users\Mansi\.m2\repository\com\google\guava\guava\30.1-jre\guava-30.1-jre.jar;C:\Users\Mansi\.m2\repository\com\google\guava\failureaccess\1.0.1\failureaccess-1.0.1.jar;C:\Users\Mansi\.m2\repository\com\google\guava\listenablefuture\9999.0-empty-to-avoid-conflict-with-guava\listenablefuture-9999.0-empty-to-avoid-conflict-with-guava.jar;C:\Users\Mansi\.m2\repository\com\google\code\findbugs\jsr305\3.0.2\jsr305-3.0.2.jar;C:\Users\Mansi\.m2\repository\org\checkerframework\checker-qual\3.5.0\checker-qual-3.5.0.jar;C:\Users\Mansi\.m2\repository\com\google\errorprone\error_prone_annotations\2.3.4\error_prone_annotations-2.3.4.jar;C:\Users\Mansi\.m2\repository\com\google\j2objc\j2objc-annotations\1.3\j2objc-annotations-1.3.jar;C:\Users\Mansi\.m2\repository\org\slf4j\slf4j-api\1.7.30\slf4j-api-1.7.30.jar;C:\Users\Mansi\.m2\repository\com\google\inject\guice\5.0.1\guice-5.0.1.jar;C:\Users\Mansi\.m2\repository\javax\inject\javax.inject\1\javax.inject-1.jar;C:\Users\Mansi\.m2\repository\aopalliance\aopalliance\1.0\aopalliance-1.0.jar;C:\Users\Mansi\.m2\repository\org\jsoup\jsoup\1.13.1\jsoup-1.13.1.jar;C:\Users\Mansi\.m2\repository\com\thoughtworks\xstream\xstream\1.4.18\xstream-1.4.18.jar;C:\Users\Mansi\.m2\repository\io\github\x-stream\mxparser\1.2.2\mxparser-1.2.2.jar;C:\Users\Mansi\.m2\repository\xmlpull\xmlpull\1.1.3.1\xmlpull-1.1.3.1.jar;C:\Users\Mansi\.m2\repository\io\cucumber\cucumber-core\6.10.2\cucumber-core-6.10.2.jar;C:\Users\Mansi\.m2\repository\io\cucumber\cucumber-gherkin\6.10.2\cucumber-gherkin-6.10.2.jar;C:\Users\Mansi\.m2\repository\io\cucumber\cucumber-gherkin-messages\6.10.2\cucumber-gherkin-messages-6.10.2.jar;C:\Users\Mansi\.m2\repository\io\cucumber\messages\14.0.1\messages-14.0.1.jar;C:\Users\Mansi\.m2\repository\io\cucumber\tag-expressions\3.0.0\tag-expressions-3.0.0.jar;C:\Users\Mansi\.m2\repository\io\cucumber\cucumber-expressions\10.3.0\cucumber-expressions-10.3.0.jar;C:\Users\Mansi\.m2\repository\io\cucumber\cucumber-plugin\6.10.2\cucumber-plugin-6.10.2.jar;C:\Users\Mansi\.m2\repository\io\cucumber\docstring\6.10.2\docstring-6.10.2.jar;C:\Users\Mansi\.m2\repository\io\cucumber\html-formatter\12.0.0\html-formatter-12.0.0.jar;C:\Users\Mansi\.m2\repository\io\cucumber\create-meta\3.0.0\create-meta-3.0.0.jar;C:\Users\Mansi\.m2\repository\com\typesafe\config\1.3.1\config-1.3.1.jar;C:\Users\Mansi\.m2\repository\org\imgscalr\imgscalr-lib\4.2\imgscalr-lib-4.2.jar;C:\Users\Mansi\.m2\repository\org\awaitility\awaitility\4.0.3\awaitility-4.0.3.jar;C:\Users\Mansi\.m2\repository\org\freemarker\freemarker\2.3.29\freemarker-2.3.29.jar;C:\Users\Mansi\.m2\repository\org\reflections\reflections\0.9.12\reflections-0.9.12.jar;C:\Users\Mansi\.m2\repository\org\javassist\javassist\3.26.0-GA\javassist-3.26.0-GA.jar;C:\Users\Mansi\.m2\repository\net\sourceforge\jexcelapi\jxl\2.6.12\jxl-2.6.12.jar;C:\Users\Mansi\.m2\repository\org\asciidoctor\asciidoctorj\2.5.1\asciidoctorj-2.5.1.jar;C:\Users\Mansi\.m2\repository\org\asciidoctor\asciidoctorj-api\2.5.1\asciidoctorj-api-2.5.1.jar;C:\Users\Mansi\.m2\repository\org\jruby\jruby\9.2.17.0\jruby-9.2.17.0.jar;C:\Users\Mansi\.m2\repository\org\jruby\jruby-core\9.2.17.0\jruby-core-9.2.17.0.jar;C:\Users\Mansi\.m2\repository\com\github\jnr\jnr-netdb\1.2.0\jnr-netdb-1.2.0.jar;C:\Users\Mansi\.m2\repository\com\github\jnr\jnr-enxio\0.32.3\jnr-enxio-0.32.3.jar;C:\Users\Mansi\.m2\repository\com\github\jnr\jnr-unixsocket\0.38.5\jnr-unixsocket-0.38.5.jar;C:\Users\Mansi\.m2\repository\com\github\jnr\jnr-posix\3.1.4\jnr-posix-3.1.4.jar;C:\Users\Mansi\.m2\repository\com\github\jnr\jnr-constants\0.10.1\jnr-constants-0.10.1.jar;C:\Users\Mansi\.m2\repository\com\github\jnr\jffi\1.3.1\jffi-1.3.1.jar;C:\Users\Mansi\.m2\repository\com\github\jnr\jffi\1.3.1\jffi-1.3.1-native.jar;C:\Users\Mansi\.m2\repository\org\jruby\joni\joni\2.1.31\joni-2.1.31.jar;C:\Users\Mansi\.m2\repository\org\jruby\jcodings\jcodings\1.0.46\jcodings-1.0.46.jar;C:\Users\Mansi\.m2\repository\org\jruby\dirgra\0.3\dirgra-0.3.jar;C:\Users\Mansi\.m2\repository\com\headius\invokebinder\1.11\invokebinder-1.11.jar;C:\Users\Mansi\.m2\repository\com\headius\options\1.4\options-1.4.jar;C:\Users\Mansi\.m2\repository\com\jcraft\jzlib\1.1.3\jzlib-1.1.3.jar;C:\Users\Mansi\.m2\repository\com\martiansoftware\nailgun-server\0.9.1\nailgun-server-0.9.1.jar;C:\Users\Mansi\.m2\repository\com\headius\backport9\1.8\backport9-1.8.jar;C:\Users\Mansi\.m2\repository\javax\annotation\javax.annotation-api\1.3.1\javax.annotation-api-1.3.1.jar;C:\Users\Mansi\.m2\repository\org\jruby\jruby-stdlib\9.2.17.0\jruby-stdlib-9.2.17.0.jar;C:\Users\Mansi\.m2\repository\net\bytebuddy\byte-buddy-agent\1.11.1\byte-buddy-agent-1.11.1.jar;C:\Users\Mansi\.m2\repository\org\objenesis\objenesis\3.1\objenesis-3.1.jar;C:\Users\Mansi\.m2\repository\net\serenity-bdd\serenity-reports\2.6.0\serenity-reports-2.6.0.jar;C:\Users\Mansi\.m2\repository\net\serenity-bdd\serenity-stats\2.6.0\serenity-stats-2.6.0.jar;C:\Users\Mansi\.m2\repository\org\jetbrains\kotlin\kotlin-stdlib\1.5.0\kotlin-stdlib-1.5.0.jar;C:\Users\Mansi\.m2\repository\org\jetbrains\annotations\13.0\annotations-13.0.jar;C:\Users\Mansi\.m2\repository\org\jetbrains\kotlin\kotlin-stdlib-common\1.5.0\kotlin-stdlib-common-1.5.0.jar;C:\Users\Mansi\.m2\repository\net\serenity-bdd\serenity-reports-configuration\2.6.0\serenity-reports-configuration-2.6.0.jar;C:\Users\Mansi\.m2\repository\com\vladsch\flexmark\flexmark-all\0.34.30\flexmark-all-0.34.30.jar;C:\Users\Mansi\.m2\repository\com\vladsch\flexmark\flexmark\0.34.30\flexmark-0.34.30.jar;C:\Users\Mansi\.m2\repository\com\vladsch\flexmark\flexmark-ext-abbreviation\0.34.30\flexmark-ext-abbreviation-0.34.30.jar;C:\Users\Mansi\.m2\repository\com\vladsch\flexmark\flexmark-ext-admonition\0.34.30\flexmark-ext-admonition-0.34.30.jar;C:\Users\Mansi\.m2\repository\com\vladsch\flexmark\flexmark-ext-anchorlink\0.34.30\flexmark-ext-anchorlink-0.34.30.jar;C:\Users\Mansi\.m2\repository\com\vladsch\flexmark\flexmark-ext-aside\0.34.30\flexmark-ext-aside-0.34.30.jar;C:\Users\Mansi\.m2\repository\com\vladsch\flexmark\flexmark-ext-attributes\0.34.30\flexmark-ext-attributes-0.34.30.jar;C:\Users\Mansi\.m2\repository\com\vladsch\flexmark\flexmark-ext-autolink\0.34.30\flexmark-ext-autolink-0.34.30.jar;C:\Users\Mansi\.m2\repository\org\nibor\autolink\autolink\0.6.0\autolink-0.6.0.jar;C:\Users\Mansi\.m2\repository\com\vladsch\flexmark\flexmark-ext-definition\0.34.30\flexmark-ext-definition-0.34.30.jar;C:\Users\Mansi\.m2\repository\com\vladsch\flexmark\flexmark-ext-emoji\0.34.30\flexmark-ext-emoji-0.34.30.jar;C:\Users\Mansi\.m2\repository\com\vladsch\flexmark\flexmark-ext-enumerated-reference\0.34.30\flexmark-ext-enumerated-reference-0.34.30.jar;C:\Users\Mansi\.m2\repository\com\vladsch\flexmark\flexmark-ext-escaped-character\0.34.30\flexmark-ext-escaped-character-0.34.30.jar;C:\Users\Mansi\.m2\repository\com\vladsch\flexmark\flexmark-ext-footnotes\0.34.30\flexmark-ext-footnotes-0.34.30.jar;C:\Users\Mansi\.m2\repository\com\vladsch\flexmark\flexmark-ext-gfm-issues\0.34.30\flexmark-ext-gfm-issues-0.34.30.jar;C:\Users\Mansi\.m2\repository\com\vladsch\flexmark\flexmark-ext-gfm-strikethrough\0.34.30\flexmark-ext-gfm-strikethrough-0.34.30.jar;C:\Users\Mansi\.m2\repository\com\vladsch\flexmark\flexmark-ext-gfm-tables\0.34.30\flexmark-ext-gfm-tables-0.34.30.jar;C:\Users\Mansi\.m2\repository\com\vladsch\flexmark\flexmark-ext-gfm-tasklist\0.34.30\flexmark-ext-gfm-tasklist-0.34.30.jar;C:\Users\Mansi\.m2\repository\com\vladsch\flexmark\flexmark-ext-gfm-users\0.34.30\flexmark-ext-gfm-users-0.34.30.jar;C:\Users\Mansi\.m2\repository\com\vladsch\flexmark\flexmark-ext-gitlab\0.34.30\flexmark-ext-gitlab-0.34.30.jar;C:\Users\Mansi\.m2\repository\com\vladsch\flexmark\flexmark-ext-jekyll-front-matter\0.34.30\flexmark-ext-jekyll-front-matter-0.34.30.jar;C:\Users\Mansi\.m2\repository\com\vladsch\flexmark\flexmark-ext-jekyll-tag\0.34.30\flexmark-ext-jekyll-tag-0.34.30.jar;C:\Users\Mansi\.m2\repository\com\vladsch\flexmark\flexmark-ext-media-tags\0.34.30\flexmark-ext-media-tags-0.34.30.jar;C:\Users\Mansi\.m2\repository\com\vladsch\flexmark\flexmark-test-util\0.34.30\flexmark-test-util-0.34.30.jar;C:\Users\Mansi\.m2\repository\com\vladsch\flexmark\flexmark-ext-ins\0.34.30\flexmark-ext-ins-0.34.30.jar;C:\Users\Mansi\.m2\repository\com\vladsch\flexmark\flexmark-ext-xwiki-macros\0.34.30\flexmark-ext-xwiki-macros-0.34.30.jar;C:\Users\Mansi\.m2\repository\com\vladsch\flexmark\flexmark-ext-superscript\0.34.30\flexmark-ext-superscript-0.34.30.jar;C:\Users\Mansi\.m2\repository\com\vladsch\flexmark\flexmark-ext-tables\0.34.30\flexmark-ext-tables-0.34.30.jar;C:\Users\Mansi\.m2\repository\com\vladsch\flexmark\flexmark-ext-toc\0.34.30\flexmark-ext-toc-0.34.30.jar;C:\Users\Mansi\.m2\repository\com\vladsch\flexmark\flexmark-ext-typographic\0.34.30\flexmark-ext-typographic-0.34.30.jar;C:\Users\Mansi\.m2\repository\com\vladsch\flexmark\flexmark-ext-wikilink\0.34.30\flexmark-ext-wikilink-0.34.30.jar;C:\Users\Mansi\.m2\repository\com\vladsch\flexmark\flexmark-ext-yaml-front-matter\0.34.30\flexmark-ext-yaml-front-matter-0.34.30.jar;C:\Users\Mansi\.m2\repository\com\vladsch\flexmark\flexmark-ext-youtube-embedded\0.34.30\flexmark-ext-youtube-embedded-0.34.30.jar;C:\Users\Mansi\.m2\repository\com\vladsch\flexmark\flexmark-formatter\0.34.30\flexmark-formatter-0.34.30.jar;C:\Users\Mansi\.m2\repository\com\vladsch\flexmark\flexmark-html-parser\0.34.30\flexmark-html-parser-0.34.30.jar;C:\Users\Mansi\.m2\repository\com\vladsch\flexmark\flexmark-jira-converter\0.34.30\flexmark-jira-converter-0.34.30.jar;C:\Users\Mansi\.m2\repository\com\vladsch\flexmark\flexmark-pdf-converter\0.34.30\flexmark-pdf-converter-0.34.30.jar;C:\Users\Mansi\.m2\repository\com\openhtmltopdf\openhtmltopdf-core\0.0.1-RC13\openhtmltopdf-core-0.0.1-RC13.jar;C:\Users\Mansi\.m2\repository\com\openhtmltopdf\openhtmltopdf-pdfbox\0.0.1-RC13\openhtmltopdf-pdfbox-0.0.1-RC13.jar;C:\Users\Mansi\.m2\repository\org\apache\pdfbox\pdfbox\2.0.8\pdfbox-2.0.8.jar;C:\Users\Mansi\.m2\repository\org\apache\pdfbox\fontbox\2.0.8\fontbox-2.0.8.jar;C:\Users\Mansi\.m2\repository\org\apache\pdfbox\xmpbox\2.0.8\xmpbox-2.0.8.jar;C:\Users\Mansi\.m2\repository\de\rototor\pdfbox\graphics2d\0.12\graphics2d-0.12.jar;C:\Users\Mansi\.m2\repository\com\openhtmltopdf\openhtmltopdf-rtl-support\0.0.1-RC13\openhtmltopdf-rtl-support-0.0.1-RC13.jar;C:\Users\Mansi\.m2\repository\com\ibm\icu\icu4j\59.1\icu4j-59.1.jar;C:\Users\Mansi\.m2\repository\com\openhtmltopdf\openhtmltopdf-jsoup-dom-converter\0.0.1-RC13\openhtmltopdf-jsoup-dom-converter-0.0.1-RC13.jar;C:\Users\Mansi\.m2\repository\com\vladsch\flexmark\flexmark-profile-pegdown\0.34.30\flexmark-profile-pegdown-0.34.30.jar;C:\Users\Mansi\.m2\repository\com\vladsch\flexmark\flexmark-util\0.34.30\flexmark-util-0.34.30.jar;C:\Users\Mansi\.m2\repository\com\vladsch\flexmark\flexmark-youtrack-converter\0.34.30\flexmark-youtrack-converter-0.34.30.jar;C:\Users\Mansi\.m2\repository\es\nitaur\markdown\txtmark\0.16\txtmark-0.16.jar;C:\Users\Mansi\.m2\repository\net\serenity-bdd\serenity-report-resources\2.6.0\serenity-report-resources-2.6.0.jar;C:\Users\Mansi\.m2\repository\com\google\code\gson\gson\2.8.7\gson-2.8.7.jar;C:\Users\Mansi\.m2\repository\com\fasterxml\jackson\core\jackson-core\2.12.4\jackson-core-2.12.4.jar;C:\Users\Mansi\.m2\repository\com\fasterxml\jackson\core\jackson-databind\2.12.4\jackson-databind-2.12.4.jar;C:\Users\Mansi\.m2\repository\com\fasterxml\jackson\core\jackson-annotations\2.12.4\jackson-annotations-2.12.4.jar;C:\Users\Mansi\.m2\repository\commons-codec\commons-codec\1.15\commons-codec-1.15.jar;C:\Users\Mansi\.m2\repository\commons-io\commons-io\2.8.0\commons-io-2.8.0.jar;C:\Users\Mansi\.m2\repository\org\seleniumhq\selenium\selenium-server\3.141.59\selenium-server-3.141.59.jar;C:\Users\Mansi\.m2\repository\org\seleniumhq\selenium\selenium-opera-driver\3.141.59\selenium-opera-driver-3.141.59.jar;C:\Users\Mansi\.m2\repository\org\seleniumhq\selenium\selenium-remote-driver\3.141.59\selenium-remote-driver-3.141.59.jar;C:\Users\Mansi\.m2\repository\org\seleniumhq\selenium\selenium-safari-driver\3.141.59\selenium-safari-driver-3.141.59.jar;C:\Users\Mansi\.m2\repository\com\beust\jcommander\1.72\jcommander-1.72.jar;C:\Users\Mansi\.m2\repository\org\apache\commons\commons-exec\1.3\commons-exec-1.3.jar;C:\Users\Mansi\.m2\repository\net\jcip\jcip-annotations\1.0\jcip-annotations-1.0.jar;C:\Users\Mansi\.m2\repository\org\seleniumhq\selenium\jetty-repacked\9.4.12.v20180830\jetty-repacked-9.4.12.v20180830.jar;C:\Users\Mansi\.m2\repository\com\squareup\okhttp3\okhttp\3.11.0\okhttp-3.11.0.jar;C:\Users\Mansi\.m2\repository\com\squareup\okio\okio\1.14.0\okio-1.14.0.jar;C:\Users\Mansi\.m2\repository\javax\servlet\javax.servlet-api\3.1.0\javax.servlet-api-3.1.0.jar;C:\Users\Mansi\.m2\repository\org\yaml\snakeyaml\1.19\snakeyaml-1.19.jar;C:\Users\Mansi\.m2\repository\org\seleniumhq\selenium\selenium-java\3.141.59\selenium-java-3.141.59.jar;C:\Users\Mansi\.m2\repository\org\seleniumhq\selenium\selenium-api\3.141.59\selenium-api-3.141.59.jar;C:\Users\Mansi\.m2\repository\org\seleniumhq\selenium\selenium-support\3.141.59\selenium-support-3.141.59.jar;C:\Users\Mansi\.m2\repository\org\seleniumhq\selenium\selenium-chrome-driver\3.141.59\selenium-chrome-driver-3.141.59.jar;C:\Users\Mansi\.m2\repository\org\seleniumhq\selenium\selenium-firefox-driver\3.141.59\selenium-firefox-driver-3.141.59.jar;C:\Users\Mansi\.m2\repository\org\seleniumhq\selenium\selenium-edge-driver\3.141.59\selenium-edge-driver-3.141.59.jar;C:\Users\Mansi\.m2\repository\org\seleniumhq\selenium\selenium-ie-driver\3.141.59\selenium-ie-driver-3.141.59.jar;C:\Users\Mansi\.m2\repository\net\sourceforge\htmlunit\htmlunit\2.47.1\htmlunit-2.47.1.jar;C:\Users\Mansi\.m2\repository\xalan\xalan\2.7.2\xalan-2.7.2.jar;C:\Users\Mansi\.m2\repository\xalan\serializer\2.7.2\serializer-2.7.2.jar;C:\Users\Mansi\.m2\repository\net\sourceforge\htmlunit\htmlunit-core-js\2.47.0\htmlunit-core-js-2.47.0.jar;C:\Users\Mansi\.m2\repository\net\sourceforge\htmlunit\neko-htmlunit\2.47.1\neko-htmlunit-2.47.1.jar;C:\Users\Mansi\.m2\repository\xerces\xercesImpl\2.12.0\xercesImpl-2.12.0.jar;C:\Users\Mansi\.m2\repository\xml-apis\xml-apis\1.4.01\xml-apis-1.4.01.jar;C:\Users\Mansi\.m2\repository\net\sourceforge\htmlunit\htmlunit-cssparser\1.7.0\htmlunit-cssparser-1.7.0.jar;C:\Users\Mansi\.m2\repository\org\brotli\dec\0.1.2\dec-0.1.2.jar;C:\Users\Mansi\.m2\repository\com\shapesecurity\salvation2\3.0.0\salvation2-3.0.0.jar;C:\Users\Mansi\.m2\repository\org\eclipse\jetty\websocket\websocket-client\9.4.36.v20210114\websocket-client-9.4.36.v20210114.jar;C:\Users\Mansi\.m2\repository\org\eclipse\jetty\jetty-client\9.4.36.v20210114\jetty-client-9.4.36.v20210114.jar;C:\Users\Mansi\.m2\repository\org\eclipse\jetty\jetty-http\9.4.36.v20210114\jetty-http-9.4.36.v20210114.jar;C:\Users\Mansi\.m2\repository\org\eclipse\jetty\jetty-util\9.4.36.v20210114\jetty-util-9.4.36.v20210114.jar;C:\Users\Mansi\.m2\repository\org\eclipse\jetty\jetty-io\9.4.36.v20210114\jetty-io-9.4.36.v20210114.jar;C:\Users\Mansi\.m2\repository\org\eclipse\jetty\websocket\websocket-common\9.4.36.v20210114\websocket-common-9.4.36.v20210114.jar;C:\Users\Mansi\.m2\repository\org\eclipse\jetty\websocket\websocket-api\9.4.36.v20210114\websocket-api-9.4.36.v20210114.jar;C:\Users\Mansi\.m2\repository\org\projectlombok\lombok\1.18.20\lombok-1.18.20.jar;C:\Users\Mansi\.m2\repository\org\seleniumhq\selenium\htmlunit-driver\2.47.1\htmlunit-driver-2.47.1.jar;C:\Users\Mansi\.m2\repository\com\codeborne\phantomjsdriver\1.4.4\phantomjsdriver-1.4.4.jar;C:\Users\Mansi\.m2\repository\io\appium\java-client\7.5.1\java-client-7.5.1.jar;C:\Users\Mansi\.m2\repository\commons-validator\commons-validator\1.7\commons-validator-1.7.jar;C:\Users\Mansi\.m2\repository\commons-digester\commons-digester\2.1\commons-digester-2.1.jar;C:\Users\Mansi\.m2\repository\org\aspectj\aspectjweaver\1.9.6\aspectjweaver-1.9.6.jar;C:\Users\Mansi\.m2\repository\org\codehaus\groovy\groovy\3.0.8\groovy-3.0.8.jar;C:\Users\Mansi\.m2\repository\net\sf\opencsv\opencsv\2.0\opencsv-2.0.jar;C:\Users\Mansi\.m2\repository\commons-beanutils\commons-beanutils\1.9.4\commons-beanutils-1.9.4.jar;C:\Users\Mansi\.m2\repository\org\apache\commons\commons-lang3\3.11\commons-lang3-3.11.jar;C:\Users\Mansi\.m2\repository\commons-collections\commons-collections\3.2.2\commons-collections-3.2.2.jar;C:\Users\Mansi\.m2\repository\org\fluentlenium\fluentlenium-core\0.10.2\fluentlenium-core-0.10.2.jar;C:\Users\Mansi\.m2\repository\io\github\bonigarcia\webdrivermanager\4.4.1\webdrivermanager-4.4.1.jar;C:\Users\Mansi\.m2\repository\org\apache\httpcomponents\client5\httpclient5\5.0.3\httpclient5-5.0.3.jar;C:\Users\Mansi\.m2\repository\org\apache\httpcomponents\core5\httpcore5\5.0.2\httpcore5-5.0.2.jar;C:\Users\Mansi\.m2\repository\org\apache\httpcomponents\core5\httpcore5-h2\5.0.2\httpcore5-h2-5.0.2.jar;C:\Users\Mansi\.m2\repository\org\rauschig\jarchivelib\1.1.0\jarchivelib-1.1.0.jar;C:\Users\Mansi\.m2\repository\org\apache\commons\commons-compress\1.20\commons-compress-1.20.jar;C:\Users\Mansi\.m2\repository\com\jhlabs\filters\2.0.235\filters-2.0.235.jar;C:\Users\Mansi\.m2\repository\com\paulhammant\ngwebdriver\1.1.5\ngwebdriver-1.1.5.jar;C:\Users\Mansi\.m2\repository\joda-time\joda-time\2.8.2\joda-time-2.8.2.jar;C:\Users\Mansi\.m2\repository\org\hamcrest\hamcrest\2.2\hamcrest-2.2.jar;C:\Users\Mansi\.m2\repository\com\google\jimfs\jimfs\1.1\jimfs-1.1.jar;C:\Users\Mansi\.m2\repository\org\mockito\mockito-core\3.3.3\mockito-core-3.3.3.jar;C:\Users\Mansi\.m2\repository\javax\xml\bind\jaxb-api\2.3.1\jaxb-api-2.3.1.jar;C:\Users\Mansi\.m2\repository\javax\activation\javax.activation-api\1.2.0\javax.activation-api-1.2.0.jar;C:\Users\Mansi\.m2\repository\com\sun\xml\bind\jaxb-core\2.3.0.1\jaxb-core-2.3.0.1.jar;C:\Users\Mansi\.m2\repository\com\sun\xml\bind\jaxb-impl\2.3.3\jaxb-impl-2.3.3.jar;C:\Users\Mansi\.m2\repository\jakarta\xml\bind\jakarta.xml.bind-api\2.3.3\jakarta.xml.bind-api-2.3.3.jar;C:\Users\Mansi\.m2\repository\com\sun\activation\jakarta.activation\1.2.2\jakarta.activation-1.2.2.jar;C:\Users\Mansi\.m2\repository\javax\activation\activation\1.1.1\activation-1.1.1.jar;C:\Users\Mansi\.m2\repository\net\serenity-bdd\serenity-cucumber6\2.6.0\serenity-cucumber6-2.6.0.jar;C:\Users\Mansi\.m2\repository\net\serenity-bdd\serenity-screenplay\2.6.0\serenity-screenplay-2.6.0.jar;C:\Users\Mansi\.m2\repository\net\serenity-bdd\serenity-screenplay-webdriver\2.6.0\serenity-screenplay-webdriver-2.6.0.jar;C:\Users\Mansi\.m2\repository\io\cucumber\cucumber-java\6.10.4\cucumber-java-6.10.4.jar;C:\Users\Mansi\.m2\repository\org\apiguardian\apiguardian-api\1.1.1\apiguardian-api-1.1.1.jar;C:\Users\Mansi\.m2\repository\io\cucumber\cucumber-junit\6.10.4\cucumber-junit-6.10.4.jar;C:\Users\Mansi\.m2\repository\io\cucumber\datatable-matchers\3.4.0\datatable-matchers-3.4.0.jar;C:\Users\Mansi\.m2\repository\io\cucumber\datatable\3.4.0\datatable-3.4.0.jar;C:\Users\Mansi\.m2\repository\commons-logging\commons-logging\1.2\commons-logging-1.2.jar;C:\Users\Mansi\.m2\repository\org\apache\commons\commons-csv\1.5\commons-csv-1.5.jar;C:\Users\Mansi\.m2\repository\net\serenity-bdd\serenity-screenplay-rest\2.6.0\serenity-screenplay-rest-2.6.0.jar;C:\Users\Mansi\.m2\repository\net\serenity-bdd\serenity-rest-assured\2.6.0\serenity-rest-assured-2.6.0.jar;C:\Users\Mansi\.m2\repository\org\codehaus\groovy\groovy-json\3.0.8\groovy-json-3.0.8.jar;C:\Users\Mansi\.m2\repository\org\codehaus\groovy\groovy-xml\3.0.8\groovy-xml-3.0.8.jar;C:\Users\Mansi\.m2\repository\org\opentest4j\opentest4j\1.2.0\opentest4j-1.2.0.jar;C:\Users\Mansi\.m2\repository\io\rest-assured\rest-assured\4.4.0\rest-assured-4.4.0.jar;C:\Users\Mansi\.m2\repository\org\apache\httpcomponents\httpclient\4.5.13\httpclient-4.5.13.jar;C:\Users\Mansi\.m2\repository\org\apache\httpcomponents\httpcore\4.4.13\httpcore-4.4.13.jar;C:\Users\Mansi\.m2\repository\org\apache\httpcomponents\httpmime\4.5.13\httpmime-4.5.13.jar;C:\Users\Mansi\.m2\repository\org\ccil\cowan\tagsoup\tagsoup\1.2.1\tagsoup-1.2.1.jar;C:\Users\Mansi\.m2\repository\io\rest-assured\json-path\4.4.0\json-path-4.4.0.jar;C:\Users\Mansi\.m2\repository\io\rest-assured\rest-assured-common\4.4.0\rest-assured-common-4.4.0.jar;C:\Users\Mansi\.m2\repository\io\rest-assured\xml-path\4.4.0\xml-path-4.4.0.jar;C:\Users\Mansi\.m2\repository\junit\junit\4.13.2\junit-4.13.2.jar;C:\Users\Mansi\.m2\repository\org\hamcrest\hamcrest-core\1.3\hamcrest-core-1.3.jar;C:\Users\Mansi\.m2\repository\net\serenity-bdd\serenity-junit\2.6.0\serenity-junit-2.6.0.jar;C:\Users\Mansi\.m2\repository\org\assertj\assertj-core\3.24.2\assertj-core-3.24.2.jar;C:\Users\Mansi\.m2\repository\net\bytebuddy\byte-buddy\1.12.21\byte-buddy-1.12.21.jar;"/>
    <property name="java.vm.vendor" value="Oracle Corporation"/>
    <property name="sun.arch.data.model" value="64"/>
    <property name="user.variant" value=""/>
    <property name="java.vendor.url" value="http://java.oracle.com/"/>
    <property name="user.timezone" value="Asia/Calcutta"/>
    <property name="java.vm.specification.version" value="1.8"/>
    <property name="os.name" value="Windows 11"/>
    <property name="user.country" value="IN"/>
    <property name="sun.java.launcher" value="SUN_STANDARD"/>
    <property name="Tags" value="studentfeature:NEGATIVE,studentfeature:SMOKE"/>
    <property name="sun.boot.library.path" value="C:\Program Files\Java\jdk-1.8\jre\bin"/>
    <property name="sun.java.command" value="C:\Users\Mansi\AppData\Local\Temp\surefire2190478007399356638\surefirebooter3503572680520335364.jar C:\Users\Mansi\AppData\Local\Temp\surefire2190478007399356638 2023-09-30T18-45-56_132-jvmRun3 surefire7435759390031668095tmp surefire_38029798810452047062tmp"/>
    <property name="surefire.test.class.path" value="C:\Users\Mansi\workspace\StudentData\target\test-classes;C:\Users\Mansi\workspace\StudentData\target\StudentData-0.0.1-SNAPSHOT.jar;C:\Users\Mansi\.m2\repository\net\serenity-bdd\serenity-core\2.6.0\serenity-core-2.6.0.jar;C:\Users\Mansi\.m2\repository\net\serenity-bdd\serenity-model\2.6.0\serenity-model-2.6.0.jar;C:\Users\Mansi\.m2\repository\org\apache\commons\commons-text\1.9\commons-text-1.9.jar;C:\Users\Mansi\.m2\repository\commons-net\commons-net\3.6\commons-net-3.6.jar;C:\Users\Mansi\.m2\repository\com\google\guava\guava\30.1-jre\guava-30.1-jre.jar;C:\Users\Mansi\.m2\repository\com\google\guava\failureaccess\1.0.1\failureaccess-1.0.1.jar;C:\Users\Mansi\.m2\repository\com\google\guava\listenablefuture\9999.0-empty-to-avoid-conflict-with-guava\listenablefuture-9999.0-empty-to-avoid-conflict-with-guava.jar;C:\Users\Mansi\.m2\repository\com\google\code\findbugs\jsr305\3.0.2\jsr305-3.0.2.jar;C:\Users\Mansi\.m2\repository\org\checkerframework\checker-qual\3.5.0\checker-qual-3.5.0.jar;C:\Users\Mansi\.m2\repository\com\google\errorprone\error_prone_annotations\2.3.4\error_prone_annotations-2.3.4.jar;C:\Users\Mansi\.m2\repository\com\google\j2objc\j2objc-annotations\1.3\j2objc-annotations-1.3.jar;C:\Users\Mansi\.m2\repository\org\slf4j\slf4j-api\1.7.30\slf4j-api-1.7.30.jar;C:\Users\Mansi\.m2\repository\com\google\inject\guice\5.0.1\guice-5.0.1.jar;C:\Users\Mansi\.m2\repository\javax\inject\javax.inject\1\javax.inject-1.jar;C:\Users\Mansi\.m2\repository\aopalliance\aopalliance\1.0\aopalliance-1.0.jar;C:\Users\Mansi\.m2\repository\org\jsoup\jsoup\1.13.1\jsoup-1.13.1.jar;C:\Users\Mansi\.m2\repository\com\thoughtworks\xstream\xstream\1.4.18\xstream-1.4.18.jar;C:\Users\Mansi\.m2\repository\io\github\x-stream\mxparser\1.2.2\mxparser-1.2.2.jar;C:\Users\Mansi\.m2\repository\xmlpull\xmlpull\1.1.3.1\xmlpull-1.1.3.1.jar;C:\Users\Mansi\.m2\repository\io\cucumber\cucumber-core\6.10.2\cucumber-core-6.10.2.jar;C:\Users\Mansi\.m2\repository\io\cucumber\cucumber-gherkin\6.10.2\cucumber-gherkin-6.10.2.jar;C:\Users\Mansi\.m2\repository\io\cucumber\cucumber-gherkin-messages\6.10.2\cucumber-gherkin-messages-6.10.2.jar;C:\Users\Mansi\.m2\repository\io\cucumber\messages\14.0.1\messages-14.0.1.jar;C:\Users\Mansi\.m2\repository\io\cucumber\tag-expressions\3.0.0\tag-expressions-3.0.0.jar;C:\Users\Mansi\.m2\repository\io\cucumber\cucumber-expressions\10.3.0\cucumber-expressions-10.3.0.jar;C:\Users\Mansi\.m2\repository\io\cucumber\cucumber-plugin\6.10.2\cucumber-plugin-6.10.2.jar;C:\Users\Mansi\.m2\repository\io\cucumber\docstring\6.10.2\docstring-6.10.2.jar;C:\Users\Mansi\.m2\repository\io\cucumber\html-formatter\12.0.0\html-formatter-12.0.0.jar;C:\Users\Mansi\.m2\repository\io\cucumber\create-meta\3.0.0\create-meta-3.0.0.jar;C:\Users\Mansi\.m2\repository\com\typesafe\config\1.3.1\config-1.3.1.jar;C:\Users\Mansi\.m2\repository\org\imgscalr\imgscalr-lib\4.2\imgscalr-lib-4.2.jar;C:\Users\Mansi\.m2\repository\org\awaitility\awaitility\4.0.3\awaitility-4.0.3.jar;C:\Users\Mansi\.m2\repository\org\freemarker\freemarker\2.3.29\freemarker-2.3.29.jar;C:\Users\Mansi\.m2\repository\org\reflections\reflections\0.9.12\reflections-0.9.12.jar;C:\Users\Mansi\.m2\repository\org\javassist\javassist\3.26.0-GA\javassist-3.26.0-GA.jar;C:\Users\Mansi\.m2\repository\net\sourceforge\jexcelapi\jxl\2.6.12\jxl-2.6.12.jar;C:\Users\Mansi\.m2\repository\org\asciidoctor\asciidoctorj\2.5.1\asciidoctorj-2.5.1.jar;C:\Users\Mansi\.m2\repository\org\asciidoctor\asciidoctorj-api\2.5.1\asciidoctorj-api-2.5.1.jar;C:\Users\Mansi\.m2\repository\org\jruby\jruby\9.2.17.0\jruby-9.2.17.0.jar;C:\Users\Mansi\.m2\repository\org\jruby\jruby-core\9.2.17.0\jruby-core-9.2.17.0.jar;C:\Users\Mansi\.m2\repository\com\github\jnr\jnr-netdb\1.2.0\jnr-netdb-1.2.0.jar;C:\Users\Mansi\.m2\repository\com\github\jnr\jnr-enxio\0.32.3\jnr-enxio-0.32.3.jar;C:\Users\Mansi\.m2\repository\com\github\jnr\jnr-unixsocket\0.38.5\jnr-unixsocket-0.38.5.jar;C:\Users\Mansi\.m2\repository\com\github\jnr\jnr-posix\3.1.4\jnr-posix-3.1.4.jar;C:\Users\Mansi\.m2\repository\com\github\jnr\jnr-constants\0.10.1\jnr-constants-0.10.1.jar;C:\Users\Mansi\.m2\repository\com\github\jnr\jffi\1.3.1\jffi-1.3.1.jar;C:\Users\Mansi\.m2\repository\com\github\jnr\jffi\1.3.1\jffi-1.3.1-native.jar;C:\Users\Mansi\.m2\repository\org\jruby\joni\joni\2.1.31\joni-2.1.31.jar;C:\Users\Mansi\.m2\repository\org\jruby\jcodings\jcodings\1.0.46\jcodings-1.0.46.jar;C:\Users\Mansi\.m2\repository\org\jruby\dirgra\0.3\dirgra-0.3.jar;C:\Users\Mansi\.m2\repository\com\headius\invokebinder\1.11\invokebinder-1.11.jar;C:\Users\Mansi\.m2\repository\com\headius\options\1.4\options-1.4.jar;C:\Users\Mansi\.m2\repository\com\jcraft\jzlib\1.1.3\jzlib-1.1.3.jar;C:\Users\Mansi\.m2\repository\com\martiansoftware\nailgun-server\0.9.1\nailgun-server-0.9.1.jar;C:\Users\Mansi\.m2\repository\com\headius\backport9\1.8\backport9-1.8.jar;C:\Users\Mansi\.m2\repository\javax\annotation\javax.annotation-api\1.3.1\javax.annotation-api-1.3.1.jar;C:\Users\Mansi\.m2\repository\org\jruby\jruby-stdlib\9.2.17.0\jruby-stdlib-9.2.17.0.jar;C:\Users\Mansi\.m2\repository\net\bytebuddy\byte-buddy-agent\1.11.1\byte-buddy-agent-1.11.1.jar;C:\Users\Mansi\.m2\repository\org\objenesis\objenesis\3.1\objenesis-3.1.jar;C:\Users\Mansi\.m2\repository\net\serenity-bdd\serenity-reports\2.6.0\serenity-reports-2.6.0.jar;C:\Users\Mansi\.m2\repository\net\serenity-bdd\serenity-stats\2.6.0\serenity-stats-2.6.0.jar;C:\Users\Mansi\.m2\repository\org\jetbrains\kotlin\kotlin-stdlib\1.5.0\kotlin-stdlib-1.5.0.jar;C:\Users\Mansi\.m2\repository\org\jetbrains\annotations\13.0\annotations-13.0.jar;C:\Users\Mansi\.m2\repository\org\jetbrains\kotlin\kotlin-stdlib-common\1.5.0\kotlin-stdlib-common-1.5.0.jar;C:\Users\Mansi\.m2\repository\net\serenity-bdd\serenity-reports-configuration\2.6.0\serenity-reports-configuration-2.6.0.jar;C:\Users\Mansi\.m2\repository\com\vladsch\flexmark\flexmark-all\0.34.30\flexmark-all-0.34.30.jar;C:\Users\Mansi\.m2\repository\com\vladsch\flexmark\flexmark\0.34.30\flexmark-0.34.30.jar;C:\Users\Mansi\.m2\repository\com\vladsch\flexmark\flexmark-ext-abbreviation\0.34.30\flexmark-ext-abbreviation-0.34.30.jar;C:\Users\Mansi\.m2\repository\com\vladsch\flexmark\flexmark-ext-admonition\0.34.30\flexmark-ext-admonition-0.34.30.jar;C:\Users\Mansi\.m2\repository\com\vladsch\flexmark\flexmark-ext-anchorlink\0.34.30\flexmark-ext-anchorlink-0.34.30.jar;C:\Users\Mansi\.m2\repository\com\vladsch\flexmark\flexmark-ext-aside\0.34.30\flexmark-ext-aside-0.34.30.jar;C:\Users\Mansi\.m2\repository\com\vladsch\flexmark\flexmark-ext-attributes\0.34.30\flexmark-ext-attributes-0.34.30.jar;C:\Users\Mansi\.m2\repository\com\vladsch\flexmark\flexmark-ext-autolink\0.34.30\flexmark-ext-autolink-0.34.30.jar;C:\Users\Mansi\.m2\repository\org\nibor\autolink\autolink\0.6.0\autolink-0.6.0.jar;C:\Users\Mansi\.m2\repository\com\vladsch\flexmark\flexmark-ext-definition\0.34.30\flexmark-ext-definition-0.34.30.jar;C:\Users\Mansi\.m2\repository\com\vladsch\flexmark\flexmark-ext-emoji\0.34.30\flexmark-ext-emoji-0.34.30.jar;C:\Users\Mansi\.m2\repository\com\vladsch\flexmark\flexmark-ext-enumerated-reference\0.34.30\flexmark-ext-enumerated-reference-0.34.30.jar;C:\Users\Mansi\.m2\repository\com\vladsch\flexmark\flexmark-ext-escaped-character\0.34.30\flexmark-ext-escaped-character-0.34.30.jar;C:\Users\Mansi\.m2\repository\com\vladsch\flexmark\flexmark-ext-footnotes\0.34.30\flexmark-ext-footnotes-0.34.30.jar;C:\Users\Mansi\.m2\repository\com\vladsch\flexmark\flexmark-ext-gfm-issues\0.34.30\flexmark-ext-gfm-issues-0.34.30.jar;C:\Users\Mansi\.m2\repository\com\vladsch\flexmark\flexmark-ext-gfm-strikethrough\0.34.30\flexmark-ext-gfm-strikethrough-0.34.30.jar;C:\Users\Mansi\.m2\repository\com\vladsch\flexmark\flexmark-ext-gfm-tables\0.34.30\flexmark-ext-gfm-tables-0.34.30.jar;C:\Users\Mansi\.m2\repository\com\vladsch\flexmark\flexmark-ext-gfm-tasklist\0.34.30\flexmark-ext-gfm-tasklist-0.34.30.jar;C:\Users\Mansi\.m2\repository\com\vladsch\flexmark\flexmark-ext-gfm-users\0.34.30\flexmark-ext-gfm-users-0.34.30.jar;C:\Users\Mansi\.m2\repository\com\vladsch\flexmark\flexmark-ext-gitlab\0.34.30\flexmark-ext-gitlab-0.34.30.jar;C:\Users\Mansi\.m2\repository\com\vladsch\flexmark\flexmark-ext-jekyll-front-matter\0.34.30\flexmark-ext-jekyll-front-matter-0.34.30.jar;C:\Users\Mansi\.m2\repository\com\vladsch\flexmark\flexmark-ext-jekyll-tag\0.34.30\flexmark-ext-jekyll-tag-0.34.30.jar;C:\Users\Mansi\.m2\repository\com\vladsch\flexmark\flexmark-ext-media-tags\0.34.30\flexmark-ext-media-tags-0.34.30.jar;C:\Users\Mansi\.m2\repository\com\vladsch\flexmark\flexmark-test-util\0.34.30\flexmark-test-util-0.34.30.jar;C:\Users\Mansi\.m2\repository\com\vladsch\flexmark\flexmark-ext-ins\0.34.30\flexmark-ext-ins-0.34.30.jar;C:\Users\Mansi\.m2\repository\com\vladsch\flexmark\flexmark-ext-xwiki-macros\0.34.30\flexmark-ext-xwiki-macros-0.34.30.jar;C:\Users\Mansi\.m2\repository\com\vladsch\flexmark\flexmark-ext-superscript\0.34.30\flexmark-ext-superscript-0.34.30.jar;C:\Users\Mansi\.m2\repository\com\vladsch\flexmark\flexmark-ext-tables\0.34.30\flexmark-ext-tables-0.34.30.jar;C:\Users\Mansi\.m2\repository\com\vladsch\flexmark\flexmark-ext-toc\0.34.30\flexmark-ext-toc-0.34.30.jar;C:\Users\Mansi\.m2\repository\com\vladsch\flexmark\flexmark-ext-typographic\0.34.30\flexmark-ext-typographic-0.34.30.jar;C:\Users\Mansi\.m2\repository\com\vladsch\flexmark\flexmark-ext-wikilink\0.34.30\flexmark-ext-wikilink-0.34.30.jar;C:\Users\Mansi\.m2\repository\com\vladsch\flexmark\flexmark-ext-yaml-front-matter\0.34.30\flexmark-ext-yaml-front-matter-0.34.30.jar;C:\Users\Mansi\.m2\repository\com\vladsch\flexmark\flexmark-ext-youtube-embedded\0.34.30\flexmark-ext-youtube-embedded-0.34.30.jar;C:\Users\Mansi\.m2\repository\com\vladsch\flexmark\flexmark-formatter\0.34.30\flexmark-formatter-0.34.30.jar;C:\Users\Mansi\.m2\repository\com\vladsch\flexmark\flexmark-html-parser\0.34.30\flexmark-html-parser-0.34.30.jar;C:\Users\Mansi\.m2\repository\com\vladsch\flexmark\flexmark-jira-converter\0.34.30\flexmark-jira-converter-0.34.30.jar;C:\Users\Mansi\.m2\repository\com\vladsch\flexmark\flexmark-pdf-converter\0.34.30\flexmark-pdf-converter-0.34.30.jar;C:\Users\Mansi\.m2\repository\com\openhtmltopdf\openhtmltopdf-core\0.0.1-RC13\openhtmltopdf-core-0.0.1-RC13.jar;C:\Users\Mansi\.m2\repository\com\openhtmltopdf\openhtmltopdf-pdfbox\0.0.1-RC13\openhtmltopdf-pdfbox-0.0.1-RC13.jar;C:\Users\Mansi\.m2\repository\org\apache\pdfbox\pdfbox\2.0.8\pdfbox-2.0.8.jar;C:\Users\Mansi\.m2\repository\org\apache\pdfbox\fontbox\2.0.8\fontbox-2.0.8.jar;C:\Users\Mansi\.m2\repository\org\apache\pdfbox\xmpbox\2.0.8\xmpbox-2.0.8.jar;C:\Users\Mansi\.m2\repository\de\rototor\pdfbox\graphics2d\0.12\graphics2d-0.12.jar;C:\Users\Mansi\.m2\repository\com\openhtmltopdf\openhtmltopdf-rtl-support\0.0.1-RC13\openhtmltopdf-rtl-support-0.0.1-RC13.jar;C:\Users\Mansi\.m2\repository\com\ibm\icu\icu4j\59.1\icu4j-59.1.jar;C:\Users\Mansi\.m2\repository\com\openhtmltopdf\openhtmltopdf-jsoup-dom-converter\0.0.1-RC13\openhtmltopdf-jsoup-dom-converter-0.0.1-RC13.jar;C:\Users\Mansi\.m2\repository\com\vladsch\flexmark\flexmark-profile-pegdown\0.34.30\flexmark-profile-pegdown-0.34.30.jar;C:\Users\Mansi\.m2\repository\com\vladsch\flexmark\flexmark-util\0.34.30\flexmark-util-0.34.30.jar;C:\Users\Mansi\.m2\repository\com\vladsch\flexmark\flexmark-youtrack-converter\0.34.30\flexmark-youtrack-converter-0.34.30.jar;C:\Users\Mansi\.m2\repository\es\nitaur\markdown\txtmark\0.16\txtmark-0.16.jar;C:\Users\Mansi\.m2\repository\net\serenity-bdd\serenity-report-resources\2.6.0\serenity-report-resources-2.6.0.jar;C:\Users\Mansi\.m2\repository\com\google\code\gson\gson\2.8.7\gson-2.8.7.jar;C:\Users\Mansi\.m2\repository\com\fasterxml\jackson\core\jackson-core\2.12.4\jackson-core-2.12.4.jar;C:\Users\Mansi\.m2\repository\com\fasterxml\jackson\core\jackson-databind\2.12.4\jackson-databind-2.12.4.jar;C:\Users\Mansi\.m2\repository\com\fasterxml\jackson\core\jackson-annotations\2.12.4\jackson-annotations-2.12.4.jar;C:\Users\Mansi\.m2\repository\commons-codec\commons-codec\1.15\commons-codec-1.15.jar;C:\Users\Mansi\.m2\repository\commons-io\commons-io\2.8.0\commons-io-2.8.0.jar;C:\Users\Mansi\.m2\repository\org\seleniumhq\selenium\selenium-server\3.141.59\selenium-server-3.141.59.jar;C:\Users\Mansi\.m2\repository\org\seleniumhq\selenium\selenium-opera-driver\3.141.59\selenium-opera-driver-3.141.59.jar;C:\Users\Mansi\.m2\repository\org\seleniumhq\selenium\selenium-remote-driver\3.141.59\selenium-remote-driver-3.141.59.jar;C:\Users\Mansi\.m2\repository\org\seleniumhq\selenium\selenium-safari-driver\3.141.59\selenium-safari-driver-3.141.59.jar;C:\Users\Mansi\.m2\repository\com\beust\jcommander\1.72\jcommander-1.72.jar;C:\Users\Mansi\.m2\repository\org\apache\commons\commons-exec\1.3\commons-exec-1.3.jar;C:\Users\Mansi\.m2\repository\net\jcip\jcip-annotations\1.0\jcip-annotations-1.0.jar;C:\Users\Mansi\.m2\repository\org\seleniumhq\selenium\jetty-repacked\9.4.12.v20180830\jetty-repacked-9.4.12.v20180830.jar;C:\Users\Mansi\.m2\repository\com\squareup\okhttp3\okhttp\3.11.0\okhttp-3.11.0.jar;C:\Users\Mansi\.m2\repository\com\squareup\okio\okio\1.14.0\okio-1.14.0.jar;C:\Users\Mansi\.m2\repository\javax\servlet\javax.servlet-api\3.1.0\javax.servlet-api-3.1.0.jar;C:\Users\Mansi\.m2\repository\org\yaml\snakeyaml\1.19\snakeyaml-1.19.jar;C:\Users\Mansi\.m2\repository\org\seleniumhq\selenium\selenium-java\3.141.59\selenium-java-3.141.59.jar;C:\Users\Mansi\.m2\repository\org\seleniumhq\selenium\selenium-api\3.141.59\selenium-api-3.141.59.jar;C:\Users\Mansi\.m2\repository\org\seleniumhq\selenium\selenium-support\3.141.59\selenium-support-3.141.59.jar;C:\Users\Mansi\.m2\repository\org\seleniumhq\selenium\selenium-chrome-driver\3.141.59\selenium-chrome-driver-3.141.59.jar;C:\Users\Mansi\.m2\repository\org\seleniumhq\selenium\selenium-firefox-driver\3.141.59\selenium-firefox-driver-3.141.59.jar;C:\Users\Mansi\.m2\repository\org\seleniumhq\selenium\selenium-edge-driver\3.141.59\selenium-edge-driver-3.141.59.jar;C:\Users\Mansi\.m2\repository\org\seleniumhq\selenium\selenium-ie-driver\3.141.59\selenium-ie-driver-3.141.59.jar;C:\Users\Mansi\.m2\repository\net\sourceforge\htmlunit\htmlunit\2.47.1\htmlunit-2.47.1.jar;C:\Users\Mansi\.m2\repository\xalan\xalan\2.7.2\xalan-2.7.2.jar;C:\Users\Mansi\.m2\repository\xalan\serializer\2.7.2\serializer-2.7.2.jar;C:\Users\Mansi\.m2\repository\net\sourceforge\htmlunit\htmlunit-core-js\2.47.0\htmlunit-core-js-2.47.0.jar;C:\Users\Mansi\.m2\repository\net\sourceforge\htmlunit\neko-htmlunit\2.47.1\neko-htmlunit-2.47.1.jar;C:\Users\Mansi\.m2\repository\xerces\xercesImpl\2.12.0\xercesImpl-2.12.0.jar;C:\Users\Mansi\.m2\repository\xml-apis\xml-apis\1.4.01\xml-apis-1.4.01.jar;C:\Users\Mansi\.m2\repository\net\sourceforge\htmlunit\htmlunit-cssparser\1.7.0\htmlunit-cssparser-1.7.0.jar;C:\Users\Mansi\.m2\repository\org\brotli\dec\0.1.2\dec-0.1.2.jar;C:\Users\Mansi\.m2\repository\com\shapesecurity\salvation2\3.0.0\salvation2-3.0.0.jar;C:\Users\Mansi\.m2\repository\org\eclipse\jetty\websocket\websocket-client\9.4.36.v20210114\websocket-client-9.4.36.v20210114.jar;C:\Users\Mansi\.m2\repository\org\eclipse\jetty\jetty-client\9.4.36.v20210114\jetty-client-9.4.36.v20210114.jar;C:\Users\Mansi\.m2\repository\org\eclipse\jetty\jetty-http\9.4.36.v20210114\jetty-http-9.4.36.v20210114.jar;C:\Users\Mansi\.m2\repository\org\eclipse\jetty\jetty-util\9.4.36.v20210114\jetty-util-9.4.36.v20210114.jar;C:\Users\Mansi\.m2\repository\org\eclipse\jetty\jetty-io\9.4.36.v20210114\jetty-io-9.4.36.v20210114.jar;C:\Users\Mansi\.m2\repository\org\eclipse\jetty\websocket\websocket-common\9.4.36.v20210114\websocket-common-9.4.36.v20210114.jar;C:\Users\Mansi\.m2\repository\org\eclipse\jetty\websocket\websocket-api\9.4.36.v20210114\websocket-api-9.4.36.v20210114.jar;C:\Users\Mansi\.m2\repository\org\projectlombok\lombok\1.18.20\lombok-1.18.20.jar;C:\Users\Mansi\.m2\repository\org\seleniumhq\selenium\htmlunit-driver\2.47.1\htmlunit-driver-2.47.1.jar;C:\Users\Mansi\.m2\repository\com\codeborne\phantomjsdriver\1.4.4\phantomjsdriver-1.4.4.jar;C:\Users\Mansi\.m2\repository\io\appium\java-client\7.5.1\java-client-7.5.1.jar;C:\Users\Mansi\.m2\repository\commons-validator\commons-validator\1.7\commons-validator-1.7.jar;C:\Users\Mansi\.m2\repository\commons-digester\commons-digester\2.1\commons-digester-2.1.jar;C:\Users\Mansi\.m2\repository\org\aspectj\aspectjweaver\1.9.6\aspectjweaver-1.9.6.jar;C:\Users\Mansi\.m2\repository\org\codehaus\groovy\groovy\3.0.8\groovy-3.0.8.jar;C:\Users\Mansi\.m2\repository\net\sf\opencsv\opencsv\2.0\opencsv-2.0.jar;C:\Users\Mansi\.m2\repository\commons-beanutils\commons-beanutils\1.9.4\commons-beanutils-1.9.4.jar;C:\Users\Mansi\.m2\repository\org\apache\commons\commons-lang3\3.11\commons-lang3-3.11.jar;C:\Users\Mansi\.m2\repository\commons-collections\commons-collections\3.2.2\commons-collections-3.2.2.jar;C:\Users\Mansi\.m2\repository\org\fluentlenium\fluentlenium-core\0.10.2\fluentlenium-core-0.10.2.jar;C:\Users\Mansi\.m2\repository\io\github\bonigarcia\webdrivermanager\4.4.1\webdrivermanager-4.4.1.jar;C:\Users\Mansi\.m2\repository\org\apache\httpcomponents\client5\httpclient5\5.0.3\httpclient5-5.0.3.jar;C:\Users\Mansi\.m2\repository\org\apache\httpcomponents\core5\httpcore5\5.0.2\httpcore5-5.0.2.jar;C:\Users\Mansi\.m2\repository\org\apache\httpcomponents\core5\httpcore5-h2\5.0.2\httpcore5-h2-5.0.2.jar;C:\Users\Mansi\.m2\repository\org\rauschig\jarchivelib\1.1.0\jarchivelib-1.1.0.jar;C:\Users\Mansi\.m2\repository\org\apache\commons\commons-compress\1.20\commons-compress-1.20.jar;C:\Users\Mansi\.m2\repository\com\jhlabs\filters\2.0.235\filters-2.0.235.jar;C:\Users\Mansi\.m2\repository\com\paulhammant\ngwebdriver\1.1.5\ngwebdriver-1.1.5.jar;C:\Users\Mansi\.m2\repository\joda-time\joda-time\2.8.2\joda-time-2.8.2.jar;C:\Users\Mansi\.m2\repository\org\hamcrest\hamcrest\2.2\hamcrest-2.2.jar;C:\Users\Mansi\.m2\repository\com\google\jimfs\jimfs\1.1\jimfs-1.1.jar;C:\Users\Mansi\.m2\repository\org\mockito\mockito-core\3.3.3\mockito-core-3.3.3.jar;C:\Users\Mansi\.m2\repository\javax\xml\bind\jaxb-api\2.3.1\jaxb-api-2.3.1.jar;C:\Users\Mansi\.m2\repository\javax\activation\javax.activation-api\1.2.0\javax.activation-api-1.2.0.jar;C:\Users\Mansi\.m2\repository\com\sun\xml\bind\jaxb-core\2.3.0.1\jaxb-core-2.3.0.1.jar;C:\Users\Mansi\.m2\repository\com\sun\xml\bind\jaxb-impl\2.3.3\jaxb-impl-2.3.3.jar;C:\Users\Mansi\.m2\repository\jakarta\xml\bind\jakarta.xml.bind-api\2.3.3\jakarta.xml.bind-api-2.3.3.jar;C:\Users\Mansi\.m2\repository\com\sun\activation\jakarta.activation\1.2.2\jakarta.activation-1.2.2.jar;C:\Users\Mansi\.m2\repository\javax\activation\activation\1.1.1\activation-1.1.1.jar;C:\Users\Mansi\.m2\repository\net\serenity-bdd\serenity-cucumber6\2.6.0\serenity-cucumber6-2.6.0.jar;C:\Users\Mansi\.m2\repository\net\serenity-bdd\serenity-screenplay\2.6.0\serenity-screenplay-2.6.0.jar;C:\Users\Mansi\.m2\repository\net\serenity-bdd\serenity-screenplay-webdriver\2.6.0\serenity-screenplay-webdriver-2.6.0.jar;C:\Users\Mansi\.m2\repository\io\cucumber\cucumber-java\6.10.4\cucumber-java-6.10.4.jar;C:\Users\Mansi\.m2\repository\org\apiguardian\apiguardian-api\1.1.1\apiguardian-api-1.1.1.jar;C:\Users\Mansi\.m2\repository\io\cucumber\cucumber-junit\6.10.4\cucumber-junit-6.10.4.jar;C:\Users\Mansi\.m2\repository\io\cucumber\datatable-matchers\3.4.0\datatable-matchers-3.4.0.jar;C:\Users\Mansi\.m2\repository\io\cucumber\datatable\3.4.0\datatable-3.4.0.jar;C:\Users\Mansi\.m2\repository\commons-logging\commons-logging\1.2\commons-logging-1.2.jar;C:\Users\Mansi\.m2\repository\org\apache\commons\commons-csv\1.5\commons-csv-1.5.jar;C:\Users\Mansi\.m2\repository\net\serenity-bdd\serenity-screenplay-rest\2.6.0\serenity-screenplay-rest-2.6.0.jar;C:\Users\Mansi\.m2\repository\net\serenity-bdd\serenity-rest-assured\2.6.0\serenity-rest-assured-2.6.0.jar;C:\Users\Mansi\.m2\repository\org\codehaus\groovy\groovy-json\3.0.8\groovy-json-3.0.8.jar;C:\Users\Mansi\.m2\repository\org\codehaus\groovy\groovy-xml\3.0.8\groovy-xml-3.0.8.jar;C:\Users\Mansi\.m2\repository\org\opentest4j\opentest4j\1.2.0\opentest4j-1.2.0.jar;C:\Users\Mansi\.m2\repository\io\rest-assured\rest-assured\4.4.0\rest-assured-4.4.0.jar;C:\Users\Mansi\.m2\repository\org\apache\httpcomponents\httpclient\4.5.13\httpclient-4.5.13.jar;C:\Users\Mansi\.m2\repository\org\apache\httpcomponents\httpcore\4.4.13\httpcore-4.4.13.jar;C:\Users\Mansi\.m2\repository\org\apache\httpcomponents\httpmime\4.5.13\httpmime-4.5.13.jar;C:\Users\Mansi\.m2\repository\org\ccil\cowan\tagsoup\tagsoup\1.2.1\tagsoup-1.2.1.jar;C:\Users\Mansi\.m2\repository\io\rest-assured\json-path\4.4.0\json-path-4.4.0.jar;C:\Users\Mansi\.m2\repository\io\rest-assured\rest-assured-common\4.4.0\rest-assured-common-4.4.0.jar;C:\Users\Mansi\.m2\repository\io\rest-assured\xml-path\4.4.0\xml-path-4.4.0.jar;C:\Users\Mansi\.m2\repository\junit\junit\4.13.2\junit-4.13.2.jar;C:\Users\Mansi\.m2\repository\org\hamcrest\hamcrest-core\1.3\hamcrest-core-1.3.jar;C:\Users\Mansi\.m2\repository\net\serenity-bdd\serenity-junit\2.6.0\serenity-junit-2.6.0.jar;C:\Users\Mansi\.m2\repository\org\assertj\assertj-core\3.24.2\assertj-core-3.24.2.jar;C:\Users\Mansi\.m2\repository\net\bytebuddy\byte-buddy\1.12.21\byte-buddy-1.12.21.jar;"/>
    <property name="sun.cpu.endian" value="little"/>
    <property name="user.home" value="C:\Users\Mansi"/>
    <property name="user.language" value="en"/>
    <property name="java.specification.vendor" value="Oracle Corporation"/>
    <property name="java.home" value="C:\Program Files\Java\jdk-1.8\jre"/>
    <property name="basedir" value="C:\Users\Mansi\workspace\StudentData"/>
    <property name="file.separator" value="\"/>
    <property name="line.separator" value="&#10;"/>
    <property name="java.vm.specification.vendor" value="Oracle Corporation"/>
    <property name="java.specification.name" value="Java Platform API Specification"/>
    <property name="java.awt.graphicsenv" value="sun.awt.Win32GraphicsEnvironment"/>
    <property name="surefire.real.class.path" value="C:\Users\Mansi\AppData\Local\Temp\surefire2190478007399356638\surefirebooter3503572680520335364.jar"/>
    <property name="sun.boot.class.path" value="C:\Program Files\Java\jdk-1.8\jre\lib\resources.jar;C:\Program Files\Java\jdk-1.8\jre\lib\rt.jar;C:\Program Files\Java\jdk-1.8\jre\lib\jsse.jar;C:\Program Files\Java\jdk-1.8\jre\lib\jce.jar;C:\Program Files\Java\jdk-1.8\jre\lib\charsets.jar;C:\Program Files\Java\jdk-1.8\jre\lib\jfr.jar;C:\Program Files\Java\jdk-1.8\jre\classes"/>
    <property name="user.script" value=""/>
    <property name="sun.management.compiler" value="HotSpot 64-Bit Tiered Compilers"/>
    <property name="java.runtime.version" value="1.8.0_381-b09"/>
    <property name="user.name" value="Mansi"/>
    <property name="path.separator" value=";"/>
    <property name="os.version" value="10.0"/>
    <property name="java.endorsed.dirs" value="C:\Program Files\Java\jdk-1.8\jre\lib\endorsed"/>
    <property name="java.runtime.name" value="Java(TM) SE Runtime Environment"/>
    <property name="file.encoding" value="Cp1252"/>
    <property name="java.vm.name" value="Java HotSpot(TM) 64-Bit Server VM"/>
    <property name="localRepository" value="C:\Users\Mansi\.m2\repository"/>
    <property name="java.vendor.url.bug" value="http://bugreport.sun.com/bugreport/"/>
    <property name="java.io.tmpdir" value="C:\Users\Mansi\AppData\Local\Temp\"/>
    <property name="java.version" value="1.8.0_381"/>
    <property name="user.dir" value="C:\Users\Mansi\workspace\StudentData"/>
    <property name="os.arch" value="amd64"/>
    <property name="java.vm.specification.name" value="Java Virtual Machine Specification"/>
    <property name="java.awt.printerjob" value="sun.awt.windows.WPrinterJob"/>
    <property name="sun.os.patch.level" value=""/>
    <property name="java.library.path" value="C:\Program Files\Java\jdk-1.8\jre\bin;C:\Windows\Sun\Java\bin;C:\Windows\system32;C:\Windows;C:/Program Files/Java/jdk-1.8/bin/../jre/bin/server;C:/Program Files/Java/jdk-1.8/bin/../jre/bin;C:/Program Files/Java/jdk-1.8/bin/../jre/lib/amd64;C:\Windows\system32;C:\Windows;C:\Windows\System32\Wbem;C:\Windows\System32\WindowsPowerShell\v1.0\;C:\Windows\System32\OpenSSH\;C:\Program Files\Java\jdk-1.8\bin;%JAVA_HOME%\bin;%M2_HOME%\bin;C:\Users\Mansi\AppData\Local\Microsoft\WindowsApps;;C:\Users\Mansi\AppData\Local\Programs\Microsoft VS Code\bin;C:\Users\Mansi\Downloads\eclipse-java-neon-3-win32-x86_64\eclipse;;."/>
    <property name="java.vm.info" value="mixed mode"/>
    <property name="java.vendor" value="Oracle Corporation"/>
    <property name="java.vm.version" value="25.381-b09"/>
    <property name="java.specification.maintenance.version" value="5"/>
    <property name="java.ext.dirs" value="C:\Program Files\Java\jdk-1.8\jre\lib\ext;C:\Windows\Sun\Java\lib\ext"/>
    <property name="sun.io.unicode.encoding" value="UnicodeLittle"/>
    <property name="java.class.version" value="52.0"/>
  </properties>
  <testcase name="thisIsASkippedTests" classname="com.studentapp.junit.studentinfo.FirstSerenityTest" time="0">
    <skipped/>
    <system-err><![CDATA[SLF4J: Failed to load class "org.slf4j.impl.StaticLoggerBinder".
SLF4J: Defaulting to no-operation (NOP) logger implementation
SLF4J: See http://www.slf4j.org/codes.html#StaticLoggerBinder for further details.
]]></system-err>
  </testcase>
  <testcase name="thisIsAManualTest" classname="com.studentapp.junit.studentinfo.FirstSerenityTest" time="0">
    <skipped/>
  </testcase>
  <testcase name="thisIsAFileNotFoundTest" classname="com.studentapp.junit.studentinfo.FirstSerenityTest" time="0.009">
    <error message="X:\File.text (The system cannot find the path specified)" type="java.io.FileNotFoundException"><![CDATA[java.io.FileNotFoundException: X:\File.text (The system cannot find the path specified)
	at com.studentapp.junit.studentinfo.FirstSerenityTest.thisIsAFileNotFoundTest(FirstSerenityTest.java:78)
]]></error>
  </testcase>
  <testcase name="thisIsATestWithError" classname="com.studentapp.junit.studentinfo.FirstSerenityTest" time="0.002">
    <error message="/ by zero" type="java.lang.ArithmeticException"><![CDATA[java.lang.ArithmeticException: / by zero
	at com.studentapp.junit.studentinfo.FirstSerenityTest.thisIsATestWithError(FirstSerenityTest.java:70)
]]></error>
  </testcase>
  <testcase name="thisIsAPendingTests" classname="com.studentapp.junit.studentinfo.FirstSerenityTest" time="0">
    <skipped/>
  </testcase>
  <testcase name="getAllStudents" classname="com.studentapp.junit.studentinfo.FirstSerenityTest" time="2.736">
    <system-out><![CDATA[HTTP/1.1 200 
Content-Type: application/json;charset=UTF-8
Transfer-Encoding: chunked
Date: Sat, 30 Sep 2023 13:16:00 GMT

[
    {
        "id": 10,
        "firstName": "Todd",
        "lastName": "Beck",
        "email": "Fusce.dolor.quam@commodoauctor.org",
        "programme": "Financial Analysis",
        "courses": [
            "Accounting",
            "Statistics"
        ]
    },
    {
        "id": 11,
        "firstName": "Giacomo",
        "lastName": "Raphael",
        "email": "magnis.dis@idmagnaet.com",
        "programme": "Medicine",
        "courses": [
            "Anatomy",
            "Biochemistry",
            "Genetics",
            "Human Behavior."
        ]
    },
    {
        "id": 12,
        "firstName": "Chadwick",
        "lastName": "Lawrence",
        "email": "turpis.non.enim@sociisnatoque.com",
        "programme": "Criminology",
        "courses": [
            "Criminal Mind",
            "Gender, Crime and Justice ",
            "Philosophy of Law "
        ]
    },
    {
        "id": 13,
        "firstName": "Zachary",
        "lastName": "Vance",
        "email": "In.tincidunt.congue@Quisque.com",
        "programme": "Criminology",
        "courses": [
            "Criminal Mind",
            "Gender, Crime and Justice ",
            "Philosophy of Law "
        ]
    },
    {
        "id": 14,
        "firstName": "Denton",
        "lastName": "Walker",
        "email": "Integer.sem@iaculisodioNam.edu",
        "programme": "Mechanical Engineering",
        "courses": [
            "Machine Element Design",
            "Engineering Analysis I",
            "Calculus & Linear Algebra I "
        ]
    },
    {
        "id": 15,
        "firstName": "Hakeem",
        "lastName": "Fitzgerald",
        "email": "accumsan@luctuset.edu",
        "programme": "Financial Analysis",
        "courses": [
            "Accounting",
            "Statistics"
        ]
    },
    {
        "id": 16,
        "firstName": "Jakeem",
        "lastName": "Philip",
        "email": "montes.nascetur.ridiculus@loremDonec.com",
        "programme": "Mechanical Engineering",
        "courses": [
            "Machine Element Design",
            "Engineering Analysis I",
            "Calculus & Linear Algebra I "
        ]
    },
    {
        "id": 17,
        "firstName": "Amal",
        "lastName": "Emery",
        "email": "turpis.egestas.Aliquam@fermentum.net",
        "programme": "Computer Science",
        "courses": [
            "Calculus",
            "Algorithms",
            "Software Development",
            "Ethics"
        ]
    },
    {
        "id": 18,
        "firstName": "Reed",
        "lastName": "Wylie",
        "email": "Suspendisse.aliquet.sem@atrisus.org",
        "programme": "Medicine",
        "courses": [
            "Anatomy",
            "Biochemistry",
            "Genetics",
            "Human Behavior."
        ]
    },
    {
        "id": 19,
        "firstName": "Lev",
        "lastName": "Philip",
        "email": "dolor.elit.pellentesque@enimEtiamimperdiet.ca",
        "programme": "Computer Science",
        "courses": [
            "Calculus",
            "Algorithms",
            "Software Development",
            "Ethics"
        ]
    },
    {
        "id": 20,
        "firstName": "Lamar",
        "lastName": "Berk",
        "email": "leo.Vivamus@sit.org",
        "programme": "Medicine",
        "courses": [
            "Anatomy",
            "Biochemistry",
            "Genetics",
            "Human Behavior."
        ]
    },
    {
        "id": 21,
        "firstName": "Nathaniel",
        "lastName": "Colton",
        "email": "hendrerit@et.co.uk",
        "programme": "Medicine",
        "courses": [
            "Anatomy",
            "Biochemistry",
            "Genetics",
            "Human Behavior."
        ]
    },
    {
        "id": 22,
        "firstName": "Kennan",
        "lastName": "Jacob",
        "email": "vel.vulputate@vitaedolorDonec.ca",
        "programme": "Financial Analysis",
        "courses": [
            "Accounting",
            "Statistics"
        ]
    },
    {
        "id": 23,
        "firstName": "Omar",
        "lastName": "Colt",
        "email": "venenatis.a@Pellentesque.co.uk",
        "programme": "Mechanical Engineering",
        "courses": [
            "Machine Element Design",
            "Engineering Analysis I",
            "Calculus & Linear Algebra I "
        ]
    },
    {
        "id": 24,
        "firstName": "Tanek",
        "lastName": "Scott",
        "email": "Sed.malesuada@porttitoreros.ca",
        "programme": "Criminology",
        "courses": [
            "Criminal Mind",
            "Gender, Crime and Justice ",
            "Philosophy of Law "
        ]
    },
    {
        "id": 25,
        "firstName": "Paki",
        "lastName": "Samson",
        "email": "ornare@Mauriseuturpis.edu",
        "programme": "Law",
        "courses": [
            "Criminal Law",
            "Constitutional Law",
            "Property Law",
            "Contracts"
        ]
    },
    {
        "id": 26,
        "firstName": "James",
        "lastName": "Jonah",
        "email": "Nullam@Cras.net",
        "programme": "Mechanical Engineering",
        "courses": [
            "Machine Element Design",
            "Engineering Analysis I",
            "Calculus & Linear Algebra I "
        ]
    },
    {
        "id": 27,
        "firstName": "Cade",
        "lastName": "Vernon",
        "email": "pharetra.sed@Aliquamvulputateullamcorper.ca",
        "programme": "Mechanical Engineering",
        "courses": [
            "Machine Element Design",
            "Engineering Analysis I",
            "Calculus & Linear Algebra I "
        ]
    },
    {
        "id": 28,
        "firstName": "Quentin",
        "lastName": "Chadwick",
        "email": "sed.turpis.nec@risusQuisque.ca",
        "programme": "Mechanical Engineering",
        "courses": [
            "Machine Element Design",
            "Engineering Analysis I",
            "Calculus & Linear Algebra I "
        ]
    },
    {
        "id": 29,
        "firstName": "Arden",
        "lastName": "Abel",
        "email": "consequat.enim@ultricessit.com",
        "programme": "Law",
        "courses": [
            "Criminal Law",
            "Constitutional Law",
            "Property Law",
            "Contracts"
        ]
    },
    {
        "id": 30,
        "firstName": "Lars",
        "lastName": "Keith",
        "email": "Fusce@Quisquefringillaeuismod.org",
        "programme": "Medicine",
        "courses": [
            "Anatomy",
            "Biochemistry",
            "Genetics",
            "Human Behavior."
        ]
    },
    {
        "id": 31,
        "firstName": "Emmanuel",
        "lastName": "Gavin",
        "email": "ornare.libero@perinceptoshymenaeos.co.uk",
        "programme": "Criminology",
        "courses": [
            "Criminal Mind",
            "Gender, Crime and Justice ",
            "Philosophy of Law "
        ]
    },
    {
        "id": 32,
        "firstName": "Noah",
        "lastName": "Oren",
        "email": "Proin.vel@placerat.org",
        "programme": "Law",
        "courses": [
            "Criminal Law",
            "Constitutional Law",
            "Property Law",
            "Contracts"
        ]
    },
    {
        "id": 33,
        "firstName": "Mason",
        "lastName": "Barry",
        "email": "id@incursus.co.uk",
        "programme": "Law",
        "courses": [
            "Criminal Law",
            "Constitutional Law",
            "Property Law",
            "Contracts"
        ]
    },
    {
        "id": 34,
        "firstName": "Elliott",
        "lastName": "Brady",
        "email": "Vestibulum@adlitora.net",
        "programme": "Law",
        "courses": [
            "Criminal Law",
            "Constitutional Law",
            "Property Law",
            "Contracts"
        ]
    },
    {
        "id": 35,
        "firstName": "Nero",
        "lastName": "Brett",
        "email": "amet.ante@sit.com",
        "programme": "Disaster Management",
        "courses": [
            "Disaster Preparedness"
        ]
    },
    {
        "id": 36,
        "firstName": "Elvis",
        "lastName": "Abraham",
        "email": "neque@interdumfeugiat.net",
        "programme": "Disaster Management",
        "courses": [
            "Disaster Preparedness"
        ]
    },
    {
        "id": 37,
        "firstName": "Kieran",
        "lastName": "Ross",
        "email": "magnis.dis.parturient@laciniaorci.edu",
        "programme": "Disaster Management",
        "courses": [
            "Disaster Preparedness"
        ]
    },
    {
        "id": 38,
        "firstName": "Noah",
        "lastName": "Merrill",
        "email": "et@ipsum.net",
        "programme": "Medicine",
        "courses": [
            "Anatomy",
            "Biochemistry",
            "Genetics",
            "Human Behavior."
        ]
    },
    {
        "id": 39,
        "firstName": "Peter",
        "lastName": "Noble",
        "email": "turpis@sagittisplaceratCras.ca",
        "programme": "Computer Science",
        "courses": [
            "Calculus",
            "Algorithms",
            "Software Development",
            "Ethics"
        ]
    },
    {
        "id": 40,
        "firstName": "Axel",
        "lastName": "Bradley",
        "email": "ridiculus.mus@tempus.net",
        "programme": "Mechanical Engineering",
        "courses": [
            "Machine Element Design",
            "Engineering Analysis I",
            "Calculus & Linear Algebra I "
        ]
    },
    {
        "id": 41,
        "firstName": "Hashim",
        "lastName": "Chancellor",
        "email": "at.pretium@eleifendvitae.net",
        "programme": "Medicine",
        "courses": [
            "Anatomy",
            "Biochemistry",
            "Genetics",
            "Human Behavior."
        ]
    },
    {
        "id": 42,
        "firstName": "Alan",
        "lastName": "Connor",
        "email": "vel.turpis.Aliquam@metus.org",
        "programme": "Mechanical Engineering",
        "courses": [
            "Machine Element Design",
            "Engineering Analysis I",
            "Calculus & Linear Algebra I "
        ]
    },
    {
        "id": 43,
        "firstName": "Abel",
        "lastName": "Rudyard",
        "email": "orci.luctus.et@posuere.com",
        "programme": "Computer Science",
        "courses": [
            "Calculus",
            "Algorithms",
            "Software Development",
            "Ethics"
        ]
    },
    {
        "id": 44,
        "firstName": "Cedric",
        "lastName": "Zeus",
        "email": "Quisque.tincidunt@nullaanteiaculis.co.uk",
        "programme": "Law",
        "courses": [
            "Criminal Law",
            "Constitutional Law",
            "Property Law",
            "Contracts"
        ]
    },
    {
        "id": 45,
        "firstName": "Boris",
        "lastName": "Kato",
        "email": "dictum@tortorInteger.org",
        "programme": "Medicine",
        "courses": [
            "Anatomy",
            "Biochemistry",
            "Genetics",
            "Human Behavior."
        ]
    },
    {
        "id": 46,
        "firstName": "Walter",
        "lastName": "Phelan",
        "email": "diam@nectellusNunc.edu",
        "programme": "Law",
        "courses": [
            "Criminal Law",
            "Constitutional Law",
            "Property Law",
            "Contracts"
        ]
    },
    {
        "id": 47,
        "firstName": "Preston",
        "lastName": "Branden",
        "email": "sagittis.semper@urnaNullam.net",
        "programme": "Criminology",
        "courses": [
            "Criminal Mind",
            "Gender, Crime and Justice ",
            "Philosophy of Law "
        ]
    },
    {
        "id": 48,
        "firstName": "Kane",
        "lastName": "Alec",
        "email": "dignissim.Maecenas.ornare@adui.edu",
        "programme": "Law",
        "courses": [
            "Criminal Law",
            "Constitutional Law",
            "Property Law",
            "Contracts"
        ]
    },
    {
        "id": 49,
        "firstName": "Igor",
        "lastName": "Ezra",
        "email": "cursus.non.egestas@laciniaorci.net",
        "programme": "Criminology",
        "courses": [
            "Criminal Mind",
            "Gender, Crime and Justice ",
            "Philosophy of Law "
        ]
    },
    {
        "id": 50,
        "firstName": "Yoshio",
        "lastName": "Kato",
        "email": "Vivamus.rhoncus@semutcursus.ca",
        "programme": "Disaster Management",
        "courses": [
            "Disaster Preparedness"
        ]
    },
    {
        "id": 51,
        "firstName": "Fletcher",
        "lastName": "Vance",
        "email": "orci.lacus@hendreritDonecporttitor.net",
        "programme": "Computer Science",
        "courses": [
            "Calculus",
            "Algorithms",
            "Software Development",
            "Ethics"
        ]
    },
    {
        "id": 52,
        "firstName": "Burton",
        "lastName": "Merrill",
        "email": "mauris@malesuada.ca",
        "programme": "Law",
        "courses": [
            "Criminal Law",
            "Constitutional Law",
            "Property Law",
            "Contracts"
        ]
    },
    {
        "id": 53,
        "firstName": "Rafael",
        "lastName": "Vladimir",
        "email": "mauris.ipsum.porta@sit.ca",
        "programme": "Law",
        "courses": [
            "Criminal Law",
            "Constitutional Law",
            "Property Law",
            "Contracts"
        ]
    },
    {
        "id": 54,
        "firstName": "Dolan",
        "lastName": "Hyatt",
        "email": "augue.malesuada@Pellentesqueut.net",
        "programme": "Computer Science",
        "courses": [
            "Calculus",
            "Algorithms",
            "Software Development",
            "Ethics"
        ]
    },
    {
        "id": 55,
        "firstName": "Driscoll",
        "lastName": "Russell",
        "email": "Lorem.ipsum.dolor@eu.co.uk",
        "programme": "Computer Science",
        "courses": [
            "Calculus",
            "Algorithms",
            "Software Development",
            "Ethics"
        ]
    },
    {
        "id": 56,
        "firstName": "Boris",
        "lastName": "Dexter",
        "email": "purus@mollis.co.uk",
        "programme": "Law",
        "courses": [
            "Criminal Law",
            "Constitutional Law",
            "Property Law",
            "Contracts"
        ]
    },
    {
        "id": 57,
        "firstName": "Maxwell",
        "lastName": "Tarik",
        "email": "pharetra.Quisque.ac@facilisisSuspendisse.edu",
        "programme": "Criminology",
        "courses": [
            "Criminal Mind",
            "Gender, Crime and Justice ",
            "Philosophy of Law "
        ]
    },
    {
        "id": 58,
        "firstName": "Nero",
        "lastName": "Ulysses",
        "email": "inceptos.hymenaeos.Mauris@Proin.edu",
        "programme": "Financial Analysis",
        "courses": [
            "Accounting",
            "Statistics"
        ]
    },
    {
        "id": 59,
        "firstName": "Chase",
        "lastName": "Laith",
        "email": "ridiculus.mus.Donec@netus.org",
        "programme": "Mechanical Engineering",
        "courses": [
            "Machine Element Design",
            "Engineering Analysis I",
            "Calculus & Linear Algebra I "
        ]
    },
    {
        "id": 60,
        "firstName": "Dominic",
        "lastName": "Malcolm",
        "email": "mi.felis.adipiscing@liberoettristique.edu",
        "programme": "Criminology",
        "courses": [
            "Criminal Mind",
            "Gender, Crime and Justice ",
            "Philosophy of Law "
        ]
    },
    {
        "id": 61,
        "firstName": "Ross",
        "lastName": "Hedley",
        "email": "Ut.tincidunt.vehicula@nuncidenim.edu",
        "programme": "Criminology",
        "courses": [
            "Criminal Mind",
            "Gender, Crime and Justice ",
            "Philosophy of Law "
        ]
    },
    {
        "id": 62,
        "firstName": "Abel",
        "lastName": "Garrett",
        "email": "rhoncus@sociisnatoquepenatibus.ca",
        "programme": "Financial Analysis",
        "courses": [
            "Accounting",
            "Statistics"
        ]
    },
    {
        "id": 63,
        "firstName": "Nero",
        "lastName": "Clarke",
        "email": "eget.metus.In@disparturientmontes.org",
        "programme": "Computer Science",
        "courses": [
            "Calculus",
            "Algorithms",
            "Software Development",
            "Ethics"
        ]
    },
    {
        "id": 64,
        "firstName": "Thane",
        "lastName": "Carl",
        "email": "ut.nulla@netuset.co.uk",
        "programme": "Criminology",
        "courses": [
            "Criminal Mind",
            "Gender, Crime and Justice ",
            "Philosophy of Law "
        ]
    },
    {
        "id": 65,
        "firstName": "Jerome",
        "lastName": "Jackson",
        "email": "ac.turpis@facilisislorem.net",
        "programme": "Computer Science",
        "courses": [
            "Calculus",
            "Algorithms",
            "Software Development",
            "Ethics"
        ]
    },
    {
        "id": 66,
        "firstName": "Tate",
        "lastName": "Martin",
        "email": "ante.blandit@semeget.org",
        "programme": "Law",
        "courses": [
            "Criminal Law",
            "Constitutional Law",
            "Property Law",
            "Contracts"
        ]
    },
    {
        "id": 67,
        "firstName": "Caldwell",
        "lastName": "Daniel",
        "email": "lobortis@nequevenenatislacus.net",
        "programme": "Medicine",
        "courses": [
            "Anatomy",
            "Biochemistry",
            "Genetics",
            "Human Behavior."
        ]
    },
    {
        "id": 68,
        "firstName": "Lucian",
        "lastName": "Holmes",
        "email": "Cras@lorem.org",
        "programme": "Medicine",
        "courses": [
            "Anatomy",
            "Biochemistry",
            "Genetics",
            "Human Behavior."
        ]
    },
    {
        "id": 69,
        "firstName": "Akeem",
        "lastName": "Herrod",
        "email": "vel.venenatis@Nullamvelit.com",
        "programme": "Disaster Management",
        "courses": [
            "Disaster Preparedness"
        ]
    },
    {
        "id": 70,
        "firstName": "Vance",
        "lastName": "Colin",
        "email": "quam.vel.sapien@vellectusCum.org",
        "programme": "Disaster Management",
        "courses": [
            "Disaster Preparedness"
        ]
    },
    {
        "id": 71,
        "firstName": "Austin",
        "lastName": "Jelani",
        "email": "Nulla@nuncid.net",
        "programme": "Medicine",
        "courses": [
            "Anatomy",
            "Biochemistry",
            "Genetics",
            "Human Behavior."
        ]
    },
    {
        "id": 72,
        "firstName": "Jackson",
        "lastName": "Honorato",
        "email": "In@vestibulumlorem.com",
        "programme": "Criminology",
        "courses": [
            "Criminal Mind",
            "Gender, Crime and Justice ",
            "Philosophy of Law "
        ]
    },
    {
        "id": 73,
        "firstName": "Lee",
        "lastName": "Acton",
        "email": "rutrum@mattis.org",
        "programme": "Mechanical Engineering",
        "courses": [
            "Machine Element Design",
            "Engineering Analysis I",
            "Calculus & Linear Algebra I "
        ]
    },
    {
        "id": 74,
        "firstName": "Aquila",
        "lastName": "Sylvester",
        "email": "Aliquam.ultrices.iaculis@duiquisaccumsan.co.uk",
        "programme": "Criminology",
        "courses": [
            "Criminal Mind",
            "Gender, Crime and Justice ",
            "Philosophy of Law "
        ]
    },
    {
        "id": 75,
        "firstName": "Baker",
        "lastName": "Cairo",
        "email": "fermentum@diam.com",
        "programme": "Financial Analysis",
        "courses": [
            "Accounting",
            "Statistics"
        ]
    },
    {
        "id": 76,
        "firstName": "Samuel",
        "lastName": "Kibo",
        "email": "semper@enimcommodohendrerit.co.uk",
        "programme": "Criminology",
        "courses": [
            "Criminal Mind",
            "Gender, Crime and Justice ",
            "Philosophy of Law "
        ]
    },
    {
        "id": 77,
        "firstName": "Byron",
        "lastName": "Warren",
        "email": "enim.Etiam.imperdiet@sitamet.ca",
        "programme": "Mechanical Engineering",
        "courses": [
            "Machine Element Design",
            "Engineering Analysis I",
            "Calculus & Linear Algebra I "
        ]
    },
    {
        "id": 78,
        "firstName": "Declan",
        "lastName": "Barclay",
        "email": "Proin.nisl.sem@Aliquamnecenim.org",
        "programme": "Mechanical Engineering",
        "courses": [
            "Machine Element Design",
            "Engineering Analysis I",
            "Calculus & Linear Algebra I "
        ]
    },
    {
        "id": 79,
        "firstName": "Robert",
        "lastName": "Cullen",
        "email": "in.dolor@pede.co.uk",
        "programme": "Disaster Management",
        "courses": [
            "Disaster Preparedness"
        ]
    },
    {
        "id": 80,
        "firstName": "Troy",
        "lastName": "Simon",
        "email": "Cras.vulputate.velit@ornare.org",
        "programme": "Criminology",
        "courses": [
            "Criminal Mind",
            "Gender, Crime and Justice ",
            "Philosophy of Law "
        ]
    },
    {
        "id": 81,
        "firstName": "Tiger",
        "lastName": "Wylie",
        "email": "risus.quis.diam@Proin.ca",
        "programme": "Disaster Management",
        "courses": [
            "Disaster Preparedness"
        ]
    },
    {
        "id": 82,
        "firstName": "Herrod",
        "lastName": "Adam",
        "email": "hendrerit.neque@a.co.uk",
        "programme": "Medicine",
        "courses": [
            "Anatomy",
            "Biochemistry",
            "Genetics",
            "Human Behavior."
        ]
    },
    {
        "id": 83,
        "firstName": "Yuli",
        "lastName": "Griffin",
        "email": "ipsum.non@vitae.co.uk",
        "programme": "Criminology",
        "courses": [
            "Criminal Mind",
            "Gender, Crime and Justice ",
            "Philosophy of Law "
        ]
    },
    {
        "id": 84,
        "firstName": "Chancellor",
        "lastName": "Ali",
        "email": "ultrices@Nullam.net",
        "programme": "Medicine",
        "courses": [
            "Anatomy",
            "Biochemistry",
            "Genetics",
            "Human Behavior."
        ]
    },
    {
        "id": 85,
        "firstName": "Charles",
        "lastName": "Randall",
        "email": "ipsum.porta.elit@morbitristique.net",
        "programme": "Law",
        "courses": [
            "Criminal Law",
            "Constitutional Law",
            "Property Law",
            "Contracts"
        ]
    },
    {
        "id": 86,
        "firstName": "Lucius",
        "lastName": "Gage",
        "email": "auctor.vitae.aliquet@parturient.org",
        "programme": "Disaster Management",
        "courses": [
            "Disaster Preparedness"
        ]
    },
    {
        "id": 87,
        "firstName": "Richard",
        "lastName": "Dane",
        "email": "Nulla.eget@musDonecdignissim.co.uk",
        "programme": "Mechanical Engineering",
        "courses": [
            "Machine Element Design",
            "Engineering Analysis I",
            "Calculus & Linear Algebra I "
        ]
    },
    {
        "id": 88,
        "firstName": "Addison",
        "lastName": "Jermaine",
        "email": "est.Mauris@et.co.uk",
        "programme": "Disaster Management",
        "courses": [
            "Disaster Preparedness"
        ]
    },
    {
        "id": 89,
        "firstName": "Acton",
        "lastName": "Elliott",
        "email": "sem.eget@posuerecubiliaCurae.ca",
        "programme": "Medicine",
        "courses": [
            "Anatomy",
            "Biochemistry",
            "Genetics",
            "Human Behavior."
        ]
    },
    {
        "id": 90,
        "firstName": "Channing",
        "lastName": "Howard",
        "email": "est.congue@velit.com",
        "programme": "Medicine",
        "courses": [
            "Anatomy",
            "Biochemistry",
            "Genetics",
            "Human Behavior."
        ]
    },
    {
        "id": 91,
        "firstName": "Darius",
        "lastName": "Nehru",
        "email": "risus.varius.orci@sitamet.edu",
        "programme": "Medicine",
        "courses": [
            "Anatomy",
            "Biochemistry",
            "Genetics",
            "Human Behavior."
        ]
    },
    {
        "id": 92,
        "firstName": "Walter",
        "lastName": "Arsenio",
        "email": "a.ultricies@duiFusce.edu",
        "programme": "Financial Analysis",
        "courses": [
            "Accounting",
            "Statistics"
        ]
    },
    {
        "id": 93,
        "firstName": "Dieter",
        "lastName": "Matthew",
        "email": "a@pretium.ca",
        "programme": "Mechanical Engineering",
        "courses": [
            "Machine Element Design",
            "Engineering Analysis I",
            "Calculus & Linear Algebra I "
        ]
    },
    {
        "id": 94,
        "firstName": "Evan",
        "lastName": "Yoshio",
        "email": "sapien.gravida.non@noncursus.com",
        "programme": "Financial Analysis",
        "courses": [
            "Accounting",
            "Statistics"
        ]
    },
    {
        "id": 95,
        "firstName": "Hamilton",
        "lastName": "Dennis",
        "email": "luctus.lobortis@nonbibendumsed.com",
        "programme": "Mechanical Engineering",
        "courses": [
            "Machine Element Design",
            "Engineering Analysis I",
            "Calculus & Linear Algebra I "
        ]
    },
    {
        "id": 96,
        "firstName": "Gavin",
        "lastName": "Driscoll",
        "email": "lacinia.mattis@risusDonec.net",
        "programme": "Medicine",
        "courses": [
            "Anatomy",
            "Biochemistry",
            "Genetics",
            "Human Behavior."
        ]
    },
    {
        "id": 97,
        "firstName": "Brendan",
        "lastName": "Allistair",
        "email": "Nunc.laoreet@Sed.ca",
        "programme": "Computer Science",
        "courses": [
            "Calculus",
            "Algorithms",
            "Software Development",
            "Ethics"
        ]
    },
    {
        "id": 98,
        "firstName": "Gary",
        "lastName": "Robert",
        "email": "molestie@vitaesemper.ca",
        "programme": "Computer Science",
        "courses": [
            "Calculus",
            "Algorithms",
            "Software Development",
            "Ethics"
        ]
    },
    {
        "id": 99,
        "firstName": "Fletcher",
        "lastName": "Brenden",
        "email": "semper@nequesed.co.uk",
        "programme": "Computer Science",
        "courses": [
            "Calculus",
            "Algorithms",
            "Software Development",
            "Ethics"
        ]
    },
    {
        "id": 100,
        "firstName": "Oscar",
        "lastName": "Barclay",
        "email": "non.ante.bibendum@risusDonecegestas.edu",
        "programme": "Mechanical Engineering",
        "courses": [
            "Machine Element Design",
            "Engineering Analysis I",
            "Calculus & Linear Algebra I "
        ]
    },
    {
        "id": 101,
        "firstName": "SMOKEUSER86476",
        "lastName": "SMOKEUSER49970",
        "email": "66005xyz@gmail.com",
        "programme": "Computer Science",
        "courses": [
            "JAVA",
            "C++"
        ]
    },
    {
        "id": 102,
        "firstName": "Mark",
        "lastName": "Taylor",
        "email": "test4444@gmail.com",
        "programme": "Computer Science",
        "courses": [
            "Java"
        ]
    },
    {
        "id": 104,
        "firstName": "Mark",
        "lastName": "Taylor",
        "email": "test4@gmail.com",
        "programme": "Computer Science",
        "courses": [
            "Java"
        ]
    },
    {
        "id": 105,
        "firstName": "SMOKEUSER91728",
        "lastName": "SMOKEUSER63222",
        "email": "1902xyz@gmail.com",
        "programme": "Computer Science",
        "courses": [
            "JAVA",
            "C++"
        ]
    },
    {
        "id": 107,
        "firstName": "Dani",
        "lastName": "Sloey",
        "email": "dsloey0@biglobe.ne.jp",
        "programme": "Information Science",
        "courses": [
            "Java"
        ]
    },
    {
        "id": 108,
        "firstName": "Georgia",
        "lastName": "Clawson",
        "email": "gclawson1@wsj.com",
        "programme": "Computer Science",
        "courses": [
            "Java"
        ]
    },
    {
        "id": 109,
        "firstName": "Letisha",
        "lastName": "Thunnercliff",
        "email": "lthunnercliff2@ycombinator.com",
        "programme": "Computer Science",
        "courses": [
            "Java"
        ]
    },
    {
        "id": 110,
        "firstName": "Sunshine",
        "lastName": "Blest",
        "email": "sblest3@altervista.org",
        "programme": "Information Science",
        "courses": [
            "SCALA"
        ]
    },
    {
        "id": 111,
        "firstName": "Solomon",
        "lastName": "Boyn",
        "email": "sboyn4@flickr.com",
        "programme": "Information Science",
        "courses": [
            "Java"
        ]
    },
    {
        "id": 112,
        "firstName": "Letitia",
        "lastName": "Quinnette",
        "email": "lquinnette5@wp.com",
        "programme": "Computer Science",
        "courses": [
            "C#"
        ]
    },
    {
        "id": 113,
        "firstName": "Erich",
        "lastName": "Weakley",
        "email": "eweakley6@hibu.com",
        "programme": "Information Science",
        "courses": [
            "Java"
        ]
    },
    {
        "id": 114,
        "firstName": "Cesar",
        "lastName": "Vondruska",
        "email": "cvondruska7@smh.com.au",
        "programme": "Computer Science",
        "courses": [
            "C#"
        ]
    },
    {
        "id": 115,
        "firstName": "Giordano",
        "lastName": "Cornborough",
        "email": "gcornborough8@hibu.com",
        "programme": "Computer Science",
        "courses": [
            "C#"
        ]
    },
    {
        "id": 116,
        "firstName": "Fiann",
        "lastName": "Josephs",
        "email": "fjosephs9@addthis.com",
        "programme": "Information Science",
        "courses": [
            "C#"
        ]
    },
    {
        "id": 117,
        "firstName": "Rebekkah",
        "lastName": "Croneen",
        "email": "rcroneena@biglobe.ne.jp",
        "programme": "Computer Science",
        "courses": [
            "SCALA"
        ]
    },
    {
        "id": 118,
        "firstName": "Norma",
        "lastName": "Wabey",
        "email": "nwabeyb@archive.org",
        "programme": "Information Science",
        "courses": [
            "SCALA"
        ]
    },
    {
        "id": 119,
        "firstName": "Kerri",
        "lastName": "Isakovitch",
        "email": "kisakovitchc@upenn.edu",
        "programme": "Information Science",
        "courses": [
            "Java"
        ]
    },
    {
        "id": 120,
        "firstName": "Aurelie",
        "lastName": "Hayzer",
        "email": "ahayzerd@discuz.net",
        "programme": "Computer Science",
        "courses": [
            "SCALA"
        ]
    },
    {
        "id": 121,
        "firstName": "Debi",
        "lastName": "Coultass",
        "email": "dcoultasse@reverbnation.com",
        "programme": "Information Science",
        "courses": [
            "Java"
        ]
    },
    {
        "id": 122,
        "firstName": "Donal",
        "lastName": "Clink",
        "email": "dclinkf@fotki.com",
        "programme": "Computer Science",
        "courses": [
            "SCALA"
        ]
    },
    {
        "id": 123,
        "firstName": "Ortensia",
        "lastName": "Ommanney",
        "email": "oommanneyg@desdev.cn",
        "programme": "Information Science",
        "courses": [
            "Java"
        ]
    },
    {
        "id": 124,
        "firstName": "Akim",
        "lastName": "Ommundsen",
        "email": "aommundsenh@123-reg.co.uk",
        "programme": "Information Science",
        "courses": [
            "SCALA"
        ]
    },
    {
        "id": 125,
        "firstName": "Kyla",
        "lastName": "Fidler",
        "email": "kfidleri@slashdot.org",
        "programme": "Information Science",
        "courses": [
            "SCALA"
        ]
    },
    {
        "id": 126,
        "firstName": "Rosalinda",
        "lastName": "Kneath",
        "email": "rkneathj@list-manage.com",
        "programme": "Information Science",
        "courses": [
            "Java"
        ]
    },
    {
        "id": 127,
        "firstName": "Olvan",
        "lastName": "Mulliner",
        "email": "omullinerk@microsoft.com",
        "programme": "Information Science",
        "courses": [
            "SCALA"
        ]
    },
    {
        "id": 128,
        "firstName": "Shandee",
        "lastName": "Faircliffe",
        "email": "sfaircliffel@slashdot.org",
        "programme": "Computer Science",
        "courses": [
            "Java"
        ]
    },
    {
        "id": 129,
        "firstName": "Goraud",
        "lastName": "Newbery",
        "email": "gnewberym@examiner.com",
        "programme": "Information Science",
        "courses": [
            "C#"
        ]
    },
    {
        "id": 130,
        "firstName": "Nerte",
        "lastName": "Bursnoll",
        "email": "nbursnolln@webeden.co.uk",
        "programme": "Information Science",
        "courses": [
            "SCALA"
        ]
    },
    {
        "id": 131,
        "firstName": "Florance",
        "lastName": "Maytom",
        "email": "fmaytomo@ihg.com",
        "programme": "Information Science",
        "courses": [
            "C#"
        ]
    },
    {
        "id": 132,
        "firstName": "Nicky",
        "lastName": "Jandak",
        "email": "njandakp@google.com.au",
        "programme": "Information Science",
        "courses": [
            "Java"
        ]
    },
    {
        "id": 133,
        "firstName": "Gilbert",
        "lastName": "Lettsom",
        "email": "glettsomq@columbia.edu",
        "programme": "Computer Science",
        "courses": [
            "C#"
        ]
    },
    {
        "id": 134,
        "firstName": "Cleon",
        "lastName": "McCleary",
        "email": "cmcclearyr@wired.com",
        "programme": "Computer Science",
        "courses": [
            "C#"
        ]
    },
    {
        "id": 135,
        "firstName": "Ted",
        "lastName": "Rogerson",
        "email": "trogersons@dyndns.org",
        "programme": "Information Science",
        "courses": [
            "SCALA"
        ]
    },
    {
        "id": 136,
        "firstName": "Nomi",
        "lastName": "Houlston",
        "email": "nhoulstont@multiply.com",
        "programme": "Information Science",
        "courses": [
            "C#"
        ]
    },
    {
        "id": 137,
        "firstName": "Dov",
        "lastName": "Arling",
        "email": "darlingu@ucsd.edu",
        "programme": "Computer Science",
        "courses": [
            "SCALA"
        ]
    },
    {
        "id": 138,
        "firstName": "Roxy",
        "lastName": "Radborn",
        "email": "rradbornv@marriott.com",
        "programme": "Information Science",
        "courses": [
            "Java"
        ]
    },
    {
        "id": 139,
        "firstName": "Garik",
        "lastName": "Cockayme",
        "email": "gcockaymew@sohu.com",
        "programme": "Information Science",
        "courses": [
            "Java"
        ]
    },
    {
        "id": 140,
        "firstName": "Lauren",
        "lastName": "Zappel",
        "email": "lzappelx@samsung.com",
        "programme": "Computer Science",
        "courses": [
            "C#"
        ]
    },
    {
        "id": 141,
        "firstName": "Sanderson",
        "lastName": "Stollsteimer",
        "email": "sstollsteimery@nature.com",
        "programme": "Information Science",
        "courses": [
            "SCALA"
        ]
    },
    {
        "id": 142,
        "firstName": "Cori",
        "lastName": "Billborough",
        "email": "cbillboroughz@nature.com",
        "programme": "Computer Science",
        "courses": [
            "C#"
        ]
    },
    {
        "id": 143,
        "firstName": "Tracey",
        "lastName": "Gerger",
        "email": "tgerger10@chicagotribune.com",
        "programme": "Computer Science",
        "courses": [
            "SCALA"
        ]
    },
    {
        "id": 144,
        "firstName": "Christabel",
        "lastName": "Bilbrooke",
        "email": "cbilbrooke11@dell.com",
        "programme": "Information Science",
        "courses": [
            "Java"
        ]
    },
    {
        "id": 145,
        "firstName": "Anni",
        "lastName": "Elam",
        "email": "aelam12@wikia.com",
        "programme": "Information Science",
        "courses": [
            "C#"
        ]
    },
    {
        "id": 146,
        "firstName": "Dewain",
        "lastName": "Brekonridge",
        "email": "dbrekonridge13@zdnet.com",
        "programme": "Computer Science",
        "courses": [
            "C#"
        ]
    },
    {
        "id": 147,
        "firstName": "Abraham",
        "lastName": "Garratt",
        "email": "agarratt14@dagondesign.com",
        "programme": "Information Science",
        "courses": [
            "C#"
        ]
    },
    {
        "id": 148,
        "firstName": "Rex",
        "lastName": "Schrir",
        "email": "rschrir15@netscape.com",
        "programme": "Computer Science",
        "courses": [
            "C#"
        ]
    },
    {
        "id": 149,
        "firstName": "Redford",
        "lastName": "Antonik",
        "email": "rantonik16@drupal.org",
        "programme": "Information Science",
        "courses": [
            "SCALA"
        ]
    },
    {
        "id": 150,
        "firstName": "Clotilda",
        "lastName": "Birbeck",
        "email": "cbirbeck17@usa.gov",
        "programme": "Computer Science",
        "courses": [
            "SCALA"
        ]
    },
    {
        "id": 151,
        "firstName": "Harvey",
        "lastName": "Derges",
        "email": "hderges18@themeforest.net",
        "programme": "Computer Science",
        "courses": [
            "SCALA"
        ]
    },
    {
        "id": 152,
        "firstName": "Elisa",
        "lastName": "Gumby",
        "email": "egumby19@businessinsider.com",
        "programme": "Computer Science",
        "courses": [
            "Java"
        ]
    },
    {
        "id": 153,
        "firstName": "Biddy",
        "lastName": "Poyle",
        "email": "bpoyle1a@baidu.com",
        "programme": "Information Science",
        "courses": [
            "Java"
        ]
    },
    {
        "id": 154,
        "firstName": "Jaime",
        "lastName": "Dulany",
        "email": "jdulany1b@odnoklassniki.ru",
        "programme": "Information Science",
        "courses": [
            "C#"
        ]
    },
    {
        "id": 155,
        "firstName": "Horton",
        "lastName": "Pavolillo",
        "email": "hpavolillo1c@newyorker.com",
        "programme": "Information Science",
        "courses": [
            "SCALA"
        ]
    },
    {
        "id": 156,
        "firstName": "Rockey",
        "lastName": "Cornilleau",
        "email": "rcornilleau1d@theatlantic.com",
        "programme": "Information Science",
        "courses": [
            "Java"
        ]
    },
    {
        "id": 157,
        "firstName": "Larissa",
        "lastName": "Jime",
        "email": "ljime1e@indiatimes.com",
        "programme": "Computer Science",
        "courses": [
            "Java"
        ]
    },
    {
        "id": 158,
        "firstName": "Melicent",
        "lastName": "Levet",
        "email": "mlevet1f@amazon.com",
        "programme": "Computer Science",
        "courses": [
            "C#"
        ]
    },
    {
        "id": 159,
        "firstName": "Sheri",
        "lastName": "Lambie",
        "email": "slambie1g@simplemachines.org",
        "programme": "Computer Science",
        "courses": [
            "C#"
        ]
    },
    {
        "id": 160,
        "firstName": "Alphonso",
        "lastName": "Gownge",
        "email": "agownge1h@paypal.com",
        "programme": "Computer Science",
        "courses": [
            "Java"
        ]
    },
    {
        "id": 161,
        "firstName": "Ester",
        "lastName": "Collie",
        "email": "ecollie1i@reuters.com",
        "programme": "Information Science",
        "courses": [
            "Java"
        ]
    },
    {
        "id": 162,
        "firstName": "Arnold",
        "lastName": "Schiesterl",
        "email": "aschiesterl1j@shop-pro.jp",
        "programme": "Information Science",
        "courses": [
            "C#"
        ]
    },
    {
        "id": 163,
        "firstName": "Hunt",
        "lastName": "Dirand",
        "email": "hdirand1k@yelp.com",
        "programme": "Information Science",
        "courses": [
            "SCALA"
        ]
    },
    {
        "id": 164,
        "firstName": "Dallon",
        "lastName": "Sifleet",
        "email": "dsifleet1l@addthis.com",
        "programme": "Computer Science",
        "courses": [
            "SCALA"
        ]
    },
    {
        "id": 165,
        "firstName": "Fredric",
        "lastName": "Hammerstone",
        "email": "fhammerstone1m@indiatimes.com",
        "programme": "Computer Science",
        "courses": [
            "SCALA"
        ]
    },
    {
        "id": 166,
        "firstName": "Raymond",
        "lastName": "Capinetti",
        "email": "rcapinetti1n@google.com",
        "programme": "Computer Science",
        "courses": [
            "Java"
        ]
    },
    {
        "id": 167,
        "firstName": "Jo",
        "lastName": "O'Fielly",
        "email": "jofielly1o@plala.or.jp",
        "programme": "Computer Science",
        "courses": [
            "C#"
        ]
    },
    {
        "id": 168,
        "firstName": "Randolf",
        "lastName": "Balser",
        "email": "rbalser1p@noaa.gov",
        "programme": "Computer Science",
        "courses": [
            "C#"
        ]
    },
    {
        "id": 169,
        "firstName": "Barbi",
        "lastName": "Bilsborrow",
        "email": "bbilsborrow1q@soundcloud.com",
        "programme": "Information Science",
        "courses": [
            "Java"
        ]
    },
    {
        "id": 170,
        "firstName": "Darda",
        "lastName": "Wordley",
        "email": "dwordley1r@oracle.com",
        "programme": "Information Science",
        "courses": [
            "Java"
        ]
    },
    {
        "id": 171,
        "firstName": "Ethelind",
        "lastName": "Kemsley",
        "email": "ekemsley1s@house.gov",
        "programme": "Computer Science",
        "courses": [
            "C#"
        ]
    },
    {
        "id": 172,
        "firstName": "Sal",
        "lastName": "Ghidotti",
        "email": "sghidotti1t@sfgate.com",
        "programme": "Information Science",
        "courses": [
            "SCALA"
        ]
    },
    {
        "id": 173,
        "firstName": "Artemis",
        "lastName": "Roughsedge",
        "email": "aroughsedge1u@squarespace.com",
        "programme": "Computer Science",
        "courses": [
            "C#"
        ]
    },
    {
        "id": 174,
        "firstName": "Kevina",
        "lastName": "Rockell",
        "email": "krockell1v@oaic.gov.au",
        "programme": "Computer Science",
        "courses": [
            "SCALA"
        ]
    },
    {
        "id": 175,
        "firstName": "Kariotta",
        "lastName": "Burdoun",
        "email": "kburdoun1w@printfriendly.com",
        "programme": "Information Science",
        "courses": [
            "C#"
        ]
    },
    {
        "id": 176,
        "firstName": "Jesus",
        "lastName": "MacCarroll",
        "email": "jmaccarroll1x@g.co",
        "programme": "Information Science",
        "courses": [
            "Java"
        ]
    },
    {
        "id": 177,
        "firstName": "Ysabel",
        "lastName": "Ogilby",
        "email": "yogilby1y@comcast.net",
        "programme": "Information Science",
        "courses": [
            "SCALA"
        ]
    },
    {
        "id": 178,
        "firstName": "Bibby",
        "lastName": "Bleythin",
        "email": "bbleythin1z@scientificamerican.com",
        "programme": "Computer Science",
        "courses": [
            "C#"
        ]
    },
    {
        "id": 179,
        "firstName": "Boyd",
        "lastName": "Capaldi",
        "email": "bcapaldi20@senate.gov",
        "programme": "Information Science",
        "courses": [
            "SCALA"
        ]
    },
    {
        "id": 180,
        "firstName": "Rosanne",
        "lastName": "Bottoner",
        "email": "rbottoner21@sciencedaily.com",
        "programme": "Computer Science",
        "courses": [
            "Java"
        ]
    },
    {
        "id": 181,
        "firstName": "Elke",
        "lastName": "Long",
        "email": "elong22@blogs.com",
        "programme": "Computer Science",
        "courses": [
            "C#"
        ]
    },
    {
        "id": 182,
        "firstName": "Maren",
        "lastName": "Righy",
        "email": "mrighy23@eventbrite.com",
        "programme": "Computer Science",
        "courses": [
            "Java"
        ]
    },
    {
        "id": 183,
        "firstName": "Camila",
        "lastName": "Porte",
        "email": "cporte24@taobao.com",
        "programme": "Computer Science",
        "courses": [
            "Java"
        ]
    },
    {
        "id": 184,
        "firstName": "Llywellyn",
        "lastName": "Olenin",
        "email": "lolenin25@blogs.com",
        "programme": "Computer Science",
        "courses": [
            "Java"
        ]
    },
    {
        "id": 185,
        "firstName": "Brodie",
        "lastName": "Scampion",
        "email": "bscampion26@hao123.com",
        "programme": "Information Science",
        "courses": [
            "SCALA"
        ]
    },
    {
        "id": 186,
        "firstName": "Billie",
        "lastName": "Deane",
        "email": "bdeane27@alibaba.com",
        "programme": "Computer Science",
        "courses": [
            "C#"
        ]
    },
    {
        "id": 187,
        "firstName": "Brandtr",
        "lastName": "Bosden",
        "email": "bbosden28@cargocollective.com",
        "programme": "Information Science",
        "courses": [
            "C#"
        ]
    },
    {
        "id": 188,
        "firstName": "Hettie",
        "lastName": "Eicheler",
        "email": "heicheler29@oracle.com",
        "programme": "Computer Science",
        "courses": [
            "SCALA"
        ]
    },
    {
        "id": 189,
        "firstName": "Nari",
        "lastName": "Emeline",
        "email": "nemeline2a@indiatimes.com",
        "programme": "Computer Science",
        "courses": [
            "SCALA"
        ]
    },
    {
        "id": 190,
        "firstName": "Quintin",
        "lastName": "Virgoe",
        "email": "qvirgoe2b@so-net.ne.jp",
        "programme": "Information Science",
        "courses": [
            "SCALA"
        ]
    },
    {
        "id": 191,
        "firstName": "Edwina",
        "lastName": "Ramsbotham",
        "email": "eramsbotham2c@weibo.com",
        "programme": "Information Science",
        "courses": [
            "C#"
        ]
    },
    {
        "id": 192,
        "firstName": "Frayda",
        "lastName": "Brigman",
        "email": "fbrigman2d@seesaa.net",
        "programme": "Information Science",
        "courses": [
            "C#"
        ]
    },
    {
        "id": 193,
        "firstName": "Cole",
        "lastName": "Berthouloume",
        "email": "cberthouloume2e@goo.ne.jp",
        "programme": "Computer Science",
        "courses": [
            "Java"
        ]
    },
    {
        "id": 194,
        "firstName": "Jodi",
        "lastName": "Gummer",
        "email": "jgummer2f@bluehost.com",
        "programme": "Information Science",
        "courses": [
            "Java"
        ]
    },
    {
        "id": 195,
        "firstName": "Nealy",
        "lastName": "Asipenko",
        "email": "nasipenko2g@topsy.com",
        "programme": "Computer Science",
        "courses": [
            "SCALA"
        ]
    },
    {
        "id": 196,
        "firstName": "Robin",
        "lastName": "Jurries",
        "email": "rjurries2h@jiathis.com",
        "programme": "Information Science",
        "courses": [
            "SCALA"
        ]
    },
    {
        "id": 197,
        "firstName": "Lanny",
        "lastName": "Boyack",
        "email": "lboyack2i@over-blog.com",
        "programme": "Computer Science",
        "courses": [
            "C#"
        ]
    },
    {
        "id": 198,
        "firstName": "Brewster",
        "lastName": "Ellin",
        "email": "bellin2j@irs.gov",
        "programme": "Information Science",
        "courses": [
            "Java"
        ]
    },
    {
        "id": 199,
        "firstName": "Luther",
        "lastName": "Wrack",
        "email": "lwrack2k@4shared.com",
        "programme": "Information Science",
        "courses": [
            "C#"
        ]
    },
    {
        "id": 200,
        "firstName": "Sena",
        "lastName": "Slocumb",
        "email": "sslocumb2l@addtoany.com",
        "programme": "Information Science",
        "courses": [
            "C#"
        ]
    },
    {
        "id": 201,
        "firstName": "Rutter",
        "lastName": "Roscow",
        "email": "rroscow2m@ca.gov",
        "programme": "Information Science",
        "courses": [
            "C#"
        ]
    },
    {
        "id": 202,
        "firstName": "Emlynne",
        "lastName": "Langley",
        "email": "elangley2n@ow.ly",
        "programme": "Computer Science",
        "courses": [
            "C#"
        ]
    },
    {
        "id": 203,
        "firstName": "Adan",
        "lastName": "Shields",
        "email": "ashields2o@edublogs.org",
        "programme": "Computer Science",
        "courses": [
            "SCALA"
        ]
    },
    {
        "id": 204,
        "firstName": "Say",
        "lastName": "Dowden",
        "email": "sdowden2p@printfriendly.com",
        "programme": "Information Science",
        "courses": [
            "Java"
        ]
    },
    {
        "id": 205,
        "firstName": "Mayer",
        "lastName": "Laxe",
        "email": "mlaxe2q@businesswire.com",
        "programme": "Computer Science",
        "courses": [
            "SCALA"
        ]
    },
    {
        "id": 206,
        "firstName": "Bayard",
        "lastName": "Boards",
        "email": "bboards2r@cbslocal.com",
        "programme": "Information Science",
        "courses": [
            "Java"
        ]
    },
    {
        "id": 307,
        "firstName": "Mark",
        "lastName": "Deto",
        "email": "test9@gmail.com",
        "programme": "Computer Science",
        "courses": [
            "Java"
        ]
    },
    {
        "id": 308,
        "firstName": "Shell",
        "lastName": "Somerled",
        "email": "ssomerled0@printfriendly.com",
        "programme": "Computer Science",
        "courses": [
            "C#"
        ]
    },
    {
        "id": 309,
        "firstName": "Kippy",
        "lastName": "D'Avaux",
        "email": "kdavaux1@webeden.co.uk",
        "programme": "Computer Science",
        "courses": [
            "SCALA"
        ]
    },
    {
        "id": 310,
        "firstName": "Jeff",
        "lastName": "MacScherie",
        "email": "jmacscherie2@oakley.com",
        "programme": "Information Science",
        "courses": [
            "C#"
        ]
    },
    {
        "id": 311,
        "firstName": "Lorrie",
        "lastName": "Wardlow",
        "email": "lwardlow3@t.co",
        "programme": "Information Science",
        "courses": [
            "C#"
        ]
    },
    {
        "id": 312,
        "firstName": "Dirk",
        "lastName": "Hargrove",
        "email": "dhargrove4@geocities.jp",
        "programme": "Computer Science",
        "courses": [
            "Java"
        ]
    },
    {
        "id": 313,
        "firstName": "Tailor",
        "lastName": "Rogans",
        "email": "trogans5@economist.com",
        "programme": "Information Science",
        "courses": [
            "C#"
        ]
    },
    {
        "id": 314,
        "firstName": "Luigi",
        "lastName": "Memory",
        "email": "lmemory6@gravatar.com",
        "programme": "Computer Science",
        "courses": [
            "SCALA"
        ]
    },
    {
        "id": 315,
        "firstName": "Zea",
        "lastName": "Sissel",
        "email": "zsissel7@shop-pro.jp",
        "programme": "Computer Science",
        "courses": [
            "SCALA"
        ]
    },
    {
        "id": 316,
        "firstName": "Victoir",
        "lastName": "Cocksedge",
        "email": "vcocksedge8@toplist.cz",
        "programme": "Information Science",
        "courses": [
            "SCALA"
        ]
    },
    {
        "id": 317,
        "firstName": "Jammal",
        "lastName": "Brokenshaw",
        "email": "jbrokenshaw9@360.cn",
        "programme": "Computer Science",
        "courses": [
            "C#"
        ]
    },
    {
        "id": 318,
        "firstName": "Berenice",
        "lastName": "Bernhard",
        "email": "bbernharda@google.de",
        "programme": "Computer Science",
        "courses": [
            "Java"
        ]
    },
    {
        "id": 319,
        "firstName": "Leonora",
        "lastName": "Perrygo",
        "email": "lperrygob@domainmarket.com",
        "programme": "Computer Science",
        "courses": [
            "C#"
        ]
    },
    {
        "id": 320,
        "firstName": "Giuditta",
        "lastName": "Luparto",
        "email": "glupartoc@taobao.com",
        "programme": "Information Science",
        "courses": [
            "Java"
        ]
    },
    {
        "id": 321,
        "firstName": "Hewitt",
        "lastName": "Drummer",
        "email": "hdrummerd@sakura.ne.jp",
        "programme": "Computer Science",
        "courses": [
            "Java"
        ]
    },
    {
        "id": 322,
        "firstName": "Forrester",
        "lastName": "O'Neil",
        "email": "foneile@wikimedia.org",
        "programme": "Information Science",
        "courses": [
            "SCALA"
        ]
    },
    {
        "id": 323,
        "firstName": "Maximilian",
        "lastName": "Muino",
        "email": "mmuinof@army.mil",
        "programme": "Computer Science",
        "courses": [
            "Java"
        ]
    },
    {
        "id": 324,
        "firstName": "Illa",
        "lastName": "Josephsen",
        "email": "ijosephseng@gnu.org",
        "programme": "Information Science",
        "courses": [
            "Java"
        ]
    },
    {
        "id": 325,
        "firstName": "Arabele",
        "lastName": "McInnes",
        "email": "amcinnesh@phpbb.com",
        "programme": "Information Science",
        "courses": [
            "C#"
        ]
    },
    {
        "id": 326,
        "firstName": "Octavia",
        "lastName": "Yglesia",
        "email": "oyglesiai@1688.com",
        "programme": "Computer Science",
        "courses": [
            "SCALA"
        ]
    },
    {
        "id": 327,
        "firstName": "Bobby",
        "lastName": "Dutt",
        "email": "bduttj@dell.com",
        "programme": "Information Science",
        "courses": [
            "C#"
        ]
    },
    {
        "id": 328,
        "firstName": "Freida",
        "lastName": "Prydie",
        "email": "fprydiek@woothemes.com",
        "programme": "Computer Science",
        "courses": [
            "C#"
        ]
    },
    {
        "id": 329,
        "firstName": "Ninetta",
        "lastName": "Beton",
        "email": "nbetonl@mozilla.com",
        "programme": "Computer Science",
        "courses": [
            "Java"
        ]
    },
    {
        "id": 330,
        "firstName": "Jannel",
        "lastName": "Lokier",
        "email": "jlokierm@wikimedia.org",
        "programme": "Information Science",
        "courses": [
            "SCALA"
        ]
    },
    {
        "id": 331,
        "firstName": "Deonne",
        "lastName": "Cracoe",
        "email": "dcracoen@gravatar.com",
        "programme": "Information Science",
        "courses": [
            "Java"
        ]
    },
    {
        "id": 332,
        "firstName": "Cathy",
        "lastName": "Boothman",
        "email": "cboothmano@nymag.com",
        "programme": "Information Science",
        "courses": [
            "C#"
        ]
    },
    {
        "id": 333,
        "firstName": "Rudolfo",
        "lastName": "Dmitrichenko",
        "email": "rdmitrichenkop@va.gov",
        "programme": "Computer Science",
        "courses": [
            "C#"
        ]
    },
    {
        "id": 334,
        "firstName": "Sheffy",
        "lastName": "Rudolfer",
        "email": "srudolferq@technorati.com",
        "programme": "Computer Science",
        "courses": [
            "C#"
        ]
    },
    {
        "id": 335,
        "firstName": "Rikki",
        "lastName": "Montilla",
        "email": "rmontillar@va.gov",
        "programme": "Computer Science",
        "courses": [
            "Java"
        ]
    },
    {
        "id": 336,
        "firstName": "Dore",
        "lastName": "Ratt",
        "email": "dratts@rambler.ru",
        "programme": "Information Science",
        "courses": [
            "C#"
        ]
    },
    {
        "id": 337,
        "firstName": "Agnola",
        "lastName": "Bech",
        "email": "abecht@github.io",
        "programme": "Computer Science",
        "courses": [
            "Java"
        ]
    },
    {
        "id": 338,
        "firstName": "Katy",
        "lastName": "Zorzenoni",
        "email": "kzorzenoniu@yandex.ru",
        "programme": "Information Science",
        "courses": [
            "SCALA"
        ]
    },
    {
        "id": 339,
        "firstName": "Sella",
        "lastName": "Macura",
        "email": "smacurav@elpais.com",
        "programme": "Computer Science",
        "courses": [
            "SCALA"
        ]
    },
    {
        "id": 340,
        "firstName": "Cara",
        "lastName": "Lissandri",
        "email": "clissandriw@latimes.com",
        "programme": "Information Science",
        "courses": [
            "C#"
        ]
    },
    {
        "id": 341,
        "firstName": "Verine",
        "lastName": "Shurlock",
        "email": "vshurlockx@biglobe.ne.jp",
        "programme": "Computer Science",
        "courses": [
            "C#"
        ]
    },
    {
        "id": 342,
        "firstName": "Lynelle",
        "lastName": "Wendover",
        "email": "lwendovery@t-online.de",
        "programme": "Information Science",
        "courses": [
            "C#"
        ]
    },
    {
        "id": 343,
        "firstName": "Jori",
        "lastName": "Bakhrushkin",
        "email": "jbakhrushkinz@nature.com",
        "programme": "Information Science",
        "courses": [
            "SCALA"
        ]
    },
    {
        "id": 344,
        "firstName": "Leeanne",
        "lastName": "Gutteridge",
        "email": "lgutteridge10@google.pl",
        "programme": "Information Science",
        "courses": [
            "C#"
        ]
    },
    {
        "id": 345,
        "firstName": "Maddalena",
        "lastName": "Ciabatteri",
        "email": "mciabatteri11@webnode.com",
        "programme": "Computer Science",
        "courses": [
            "C#"
        ]
    },
    {
        "id": 346,
        "firstName": "Diego",
        "lastName": "Gheeraert",
        "email": "dgheeraert12@shareasale.com",
        "programme": "Information Science",
        "courses": [
            "SCALA"
        ]
    },
    {
        "id": 347,
        "firstName": "Maynord",
        "lastName": "Sandercock",
        "email": "msandercock13@telegraph.co.uk",
        "programme": "Computer Science",
        "courses": [
            "Java"
        ]
    },
    {
        "id": 348,
        "firstName": "Virgina",
        "lastName": "Vassay",
        "email": "vvassay14@odnoklassniki.ru",
        "programme": "Computer Science",
        "courses": [
            "SCALA"
        ]
    },
    {
        "id": 349,
        "firstName": "Daffy",
        "lastName": "Di Meo",
        "email": "ddimeo15@networksolutions.com",
        "programme": "Computer Science",
        "courses": [
            "C#"
        ]
    },
    {
        "id": 350,
        "firstName": "Aguie",
        "lastName": "Skerme",
        "email": "askerme16@sfgate.com",
        "programme": "Information Science",
        "courses": [
            "SCALA"
        ]
    },
    {
        "id": 351,
        "firstName": "Ceil",
        "lastName": "Kolis",
        "email": "ckolis17@rakuten.co.jp",
        "programme": "Information Science",
        "courses": [
            "C#"
        ]
    },
    {
        "id": 352,
        "firstName": "Alastair",
        "lastName": "Bowlesworth",
        "email": "abowlesworth18@so-net.ne.jp",
        "programme": "Computer Science",
        "courses": [
            "SCALA"
        ]
    },
    {
        "id": 353,
        "firstName": "Arron",
        "lastName": "Fishwick",
        "email": "afishwick19@cornell.edu",
        "programme": "Computer Science",
        "courses": [
            "C#"
        ]
    },
    {
        "id": 354,
        "firstName": "Patricia",
        "lastName": "Edmeads",
        "email": "pedmeads1a@gnu.org",
        "programme": "Information Science",
        "courses": [
            "SCALA"
        ]
    },
    {
        "id": 355,
        "firstName": "Shena",
        "lastName": "De Mattia",
        "email": "sdemattia1b@fc2.com",
        "programme": "Information Science",
        "courses": [
            "Java"
        ]
    },
    {
        "id": 356,
        "firstName": "Dorthea",
        "lastName": "Jurs",
        "email": "djurs1c@liveinternet.ru",
        "programme": "Information Science",
        "courses": [
            "Java"
        ]
    },
    {
        "id": 357,
        "firstName": "Inge",
        "lastName": "Dorro",
        "email": "idorro1d@fda.gov",
        "programme": "Computer Science",
        "courses": [
            "SCALA"
        ]
    },
    {
        "id": 358,
        "firstName": "Earle",
        "lastName": "Southcott",
        "email": "esouthcott1e@jalbum.net",
        "programme": "Information Science",
        "courses": [
            "C#"
        ]
    },
    {
        "id": 359,
        "firstName": "Donnie",
        "lastName": "Corr",
        "email": "dcorr1f@de.vu",
        "programme": "Information Science",
        "courses": [
            "SCALA"
        ]
    },
    {
        "id": 360,
        "firstName": "Naoma",
        "lastName": "Biesterfeld",
        "email": "nbiesterfeld1g@multiply.com",
        "programme": "Information Science",
        "courses": [
            "SCALA"
        ]
    },
    {
        "id": 361,
        "firstName": "Quentin",
        "lastName": "Haine",
        "email": "qhaine1h@amazon.co.uk",
        "programme": "Information Science",
        "courses": [
            "SCALA"
        ]
    },
    {
        "id": 362,
        "firstName": "Sloane",
        "lastName": "Dovidaitis",
        "email": "sdovidaitis1i@techcrunch.com",
        "programme": "Information Science",
        "courses": [
            "C#"
        ]
    },
    {
        "id": 363,
        "firstName": "Mei",
        "lastName": "Yallop",
        "email": "myallop1j@usgs.gov",
        "programme": "Information Science",
        "courses": [
            "C#"
        ]
    },
    {
        "id": 364,
        "firstName": "Wren",
        "lastName": "Antonat",
        "email": "wantonat1k@house.gov",
        "programme": "Information Science",
        "courses": [
            "SCALA"
        ]
    },
    {
        "id": 365,
        "firstName": "Benjamin",
        "lastName": "Jorczyk",
        "email": "bjorczyk1l@pbs.org",
        "programme": "Computer Science",
        "courses": [
            "SCALA"
        ]
    },
    {
        "id": 366,
        "firstName": "Felisha",
        "lastName": "McRill",
        "email": "fmcrill1m@sourceforge.net",
        "programme": "Computer Science",
        "courses": [
            "C#"
        ]
    },
    {
        "id": 367,
        "firstName": "Frieda",
        "lastName": "Downing",
        "email": "fdowning1n@redcross.org",
        "programme": "Computer Science",
        "courses": [
            "SCALA"
        ]
    },
    {
        "id": 368,
        "firstName": "Haven",
        "lastName": "Compston",
        "email": "hcompston1o@msu.edu",
        "programme": "Information Science",
        "courses": [
            "Java"
        ]
    },
    {
        "id": 369,
        "firstName": "Ursa",
        "lastName": "Pelerin",
        "email": "upelerin1p@salon.com",
        "programme": "Information Science",
        "courses": [
            "C#"
        ]
    },
    {
        "id": 370,
        "firstName": "Ode",
        "lastName": "Guidera",
        "email": "oguidera1q@123-reg.co.uk",
        "programme": "Information Science",
        "courses": [
            "C#"
        ]
    },
    {
        "id": 371,
        "firstName": "Cyrus",
        "lastName": "Forrestall",
        "email": "cforrestall1r@jigsy.com",
        "programme": "Computer Science",
        "courses": [
            "SCALA"
        ]
    },
    {
        "id": 372,
        "firstName": "Maurise",
        "lastName": "Adamthwaite",
        "email": "madamthwaite1s@mac.com",
        "programme": "Computer Science",
        "courses": [
            "Java"
        ]
    },
    {
        "id": 373,
        "firstName": "Jennifer",
        "lastName": "Broadist",
        "email": "jbroadist1t@angelfire.com",
        "programme": "Computer Science",
        "courses": [
            "SCALA"
        ]
    },
    {
        "id": 374,
        "firstName": "Sheeree",
        "lastName": "Popplewell",
        "email": "spopplewell1u@mediafire.com",
        "programme": "Information Science",
        "courses": [
            "Java"
        ]
    },
    {
        "id": 375,
        "firstName": "Odetta",
        "lastName": "Broggelli",
        "email": "obroggelli1v@harvard.edu",
        "programme": "Information Science",
        "courses": [
            "Java"
        ]
    },
    {
        "id": 376,
        "firstName": "Gerald",
        "lastName": "Barbier",
        "email": "gbarbier1w@clickbank.net",
        "programme": "Information Science",
        "courses": [
            "C#"
        ]
    },
    {
        "id": 377,
        "firstName": "Liva",
        "lastName": "Casserley",
        "email": "lcasserley1x@yahoo.co.jp",
        "programme": "Information Science",
        "courses": [
            "C#"
        ]
    },
    {
        "id": 378,
        "firstName": "Kariotta",
        "lastName": "Bernt",
        "email": "kbernt1y@wikimedia.org",
        "programme": "Computer Science",
        "courses": [
            "SCALA"
        ]
    },
    {
        "id": 379,
        "firstName": "Katerine",
        "lastName": "Limb",
        "email": "klimb1z@w3.org",
        "programme": "Computer Science",
        "courses": [
            "C#"
        ]
    },
    {
        "id": 380,
        "firstName": "Mirella",
        "lastName": "Le Blanc",
        "email": "mleblanc20@facebook.com",
        "programme": "Computer Science",
        "courses": [
            "SCALA"
        ]
    },
    {
        "id": 381,
        "firstName": "Karlik",
        "lastName": "Putman",
        "email": "kputman21@pinterest.com",
        "programme": "Information Science",
        "courses": [
            "C#"
        ]
    },
    {
        "id": 382,
        "firstName": "Roi",
        "lastName": "Ammer",
        "email": "rammer22@toplist.cz",
        "programme": "Information Science",
        "courses": [
            "C#"
        ]
    },
    {
        "id": 383,
        "firstName": "Evelina",
        "lastName": "Drage",
        "email": "edrage23@purevolume.com",
        "programme": "Information Science",
        "courses": [
            "C#"
        ]
    },
    {
        "id": 384,
        "firstName": "Chicky",
        "lastName": "Inchan",
        "email": "cinchan24@gnu.org",
        "programme": "Information Science",
        "courses": [
            "Java"
        ]
    },
    {
        "id": 385,
        "firstName": "Tiffi",
        "lastName": "Danbye",
        "email": "tdanbye25@odnoklassniki.ru",
        "programme": "Information Science",
        "courses": [
            "Java"
        ]
    },
    {
        "id": 386,
        "firstName": "Edsel",
        "lastName": "Stidson",
        "email": "estidson26@cbsnews.com",
        "programme": "Information Science",
        "courses": [
            "Java"
        ]
    },
    {
        "id": 387,
        "firstName": "Timotheus",
        "lastName": "Pattesall",
        "email": "tpattesall27@go.com",
        "programme": "Information Science",
        "courses": [
            "Java"
        ]
    },
    {
        "id": 388,
        "firstName": "Marysa",
        "lastName": "Storres",
        "email": "mstorres28@nba.com",
        "programme": "Computer Science",
        "courses": [
            "Java"
        ]
    },
    {
        "id": 389,
        "firstName": "Karlik",
        "lastName": "Samson",
        "email": "ksamson29@linkedin.com",
        "programme": "Information Science",
        "courses": [
            "C#"
        ]
    },
    {
        "id": 390,
        "firstName": "Saul",
        "lastName": "Sapwell",
        "email": "ssapwell2a@netvibes.com",
        "programme": "Information Science",
        "courses": [
            "C#"
        ]
    },
    {
        "id": 391,
        "firstName": "Rosmunda",
        "lastName": "Huish",
        "email": "rhuish2b@com.com",
        "programme": "Computer Science",
        "courses": [
            "SCALA"
        ]
    },
    {
        "id": 392,
        "firstName": "Adriaens",
        "lastName": "Chevin",
        "email": "achevin2c@bandcamp.com",
        "programme": "Information Science",
        "courses": [
            "C#"
        ]
    },
    {
        "id": 393,
        "firstName": "Kalil",
        "lastName": "Drysdall",
        "email": "kdrysdall2d@domainmarket.com",
        "programme": "Computer Science",
        "courses": [
            "SCALA"
        ]
    },
    {
        "id": 394,
        "firstName": "Aarika",
        "lastName": "Giorgio",
        "email": "agiorgio2e@wisc.edu",
        "programme": "Computer Science",
        "courses": [
            "C#"
        ]
    },
    {
        "id": 395,
        "firstName": "Debi",
        "lastName": "Broggetti",
        "email": "dbroggetti2f@etsy.com",
        "programme": "Information Science",
        "courses": [
            "SCALA"
        ]
    },
    {
        "id": 396,
        "firstName": "Clevey",
        "lastName": "Mellanby",
        "email": "cmellanby2g@omniture.com",
        "programme": "Computer Science",
        "courses": [
            "Java"
        ]
    },
    {
        "id": 397,
        "firstName": "Edna",
        "lastName": "Spyby",
        "email": "espyby2h@4shared.com",
        "programme": "Computer Science",
        "courses": [
            "SCALA"
        ]
    },
    {
        "id": 398,
        "firstName": "Tish",
        "lastName": "Devitt",
        "email": "tdevitt2i@w3.org",
        "programme": "Information Science",
        "courses": [
            "Java"
        ]
    },
    {
        "id": 399,
        "firstName": "Germain",
        "lastName": "Radborn",
        "email": "gradborn2j@wordpress.org",
        "programme": "Information Science",
        "courses": [
            "C#"
        ]
    },
    {
        "id": 400,
        "firstName": "Antoni",
        "lastName": "Bilsborrow",
        "email": "abilsborrow2k@bluehost.com",
        "programme": "Information Science",
        "courses": [
            "SCALA"
        ]
    },
    {
        "id": 401,
        "firstName": "Pippa",
        "lastName": "Shane",
        "email": "pshane2l@businesswire.com",
        "programme": "Information Science",
        "courses": [
            "C#"
        ]
    },
    {
        "id": 402,
        "firstName": "Ashlee",
        "lastName": "Billo",
        "email": "abillo2m@studiopress.com",
        "programme": "Computer Science",
        "courses": [
            "Java"
        ]
    },
    {
        "id": 403,
        "firstName": "Vidovik",
        "lastName": "Cordes",
        "email": "vcordes2n@is.gd",
        "programme": "Information Science",
        "courses": [
            "SCALA"
        ]
    },
    {
        "id": 404,
        "firstName": "Rosina",
        "lastName": "De Maria",
        "email": "rdemaria2o@newyorker.com",
        "programme": "Computer Science",
        "courses": [
            "SCALA"
        ]
    },
    {
        "id": 405,
        "firstName": "Jodie",
        "lastName": "Palatini",
        "email": "jpalatini2p@google.ca",
        "programme": "Information Science",
        "courses": [
            "C#"
        ]
    },
    {
        "id": 406,
        "firstName": "Timothea",
        "lastName": "Nafziger",
        "email": "tnafziger2q@mediafire.com",
        "programme": "Computer Science",
        "courses": [
            "SCALA"
        ]
    },
    {
        "id": 407,
        "firstName": "Calvin",
        "lastName": "Benezet",
        "email": "cbenezet2r@dropbox.com",
        "programme": "Computer Science",
        "courses": [
            "SCALA"
        ]
    },
    {
        "id": 507,
        "firstName": "Findley",
        "lastName": "Eccersley",
        "email": "feccersleyn@mozilla.org",
        "programme": "CS",
        "courses": [
            "BigData"
        ]
    },
    {
        "id": 508,
        "firstName": "Sarena",
        "lastName": "Titcumb",
        "email": "stitcumbu@wikia.com",
        "programme": "CS",
        "courses": [
            "Hadoop"
        ]
    },
    {
        "id": 509,
        "firstName": "Terri",
        "lastName": "Ritchman",
        "email": "tritchmant@harvard.edu",
        "programme": "ME",
        "courses": [
            "BigData"
        ]
    },
    {
        "id": 510,
        "firstName": "Kai",
        "lastName": "Crome",
        "email": "kcromes@desdev.cn",
        "programme": "CO",
        "courses": [
            "Digital Forensics"
        ]
    },
    {
        "id": 511,
        "firstName": "Fredra",
        "lastName": "Janaud",
        "email": "fjanaud3@feedburner.com",
        "programme": "IE",
        "courses": [
            "BigData"
        ]
    },
    {
        "id": 512,
        "firstName": "Brenden",
        "lastName": "Mairs",
        "email": "bmairsl@smh.com.au",
        "programme": "ME",
        "courses": [
            "Hadoop"
        ]
    },
    {
        "id": 513,
        "firstName": "Martyn",
        "lastName": "Delagnes",
        "email": "mdelagnesv@youtu.be",
        "programme": "CS",
        "courses": [
            "Hadoop"
        ]
    },
    {
        "id": 514,
        "firstName": "Neddy",
        "lastName": "Ebbotts",
        "email": "nebbottsr@constantcontact.com",
        "programme": "IE",
        "courses": [
            "BigData"
        ]
    },
    {
        "id": 515,
        "firstName": "Allene",
        "lastName": "Bowstead",
        "email": "abowstead5@is.gd",
        "programme": "CS",
        "courses": [
            "Hadoop"
        ]
    },
    {
        "id": 516,
        "firstName": "Arman",
        "lastName": "McShirie",
        "email": "amcshiriee@friendfeed.com",
        "programme": "EX",
        "courses": [
            "Digital Forensics"
        ]
    },
    {
        "id": 517,
        "firstName": "Gwendolin",
        "lastName": "Albon",
        "email": "galbonf@ocn.ne.jp",
        "programme": "CO",
        "courses": [
            "BigData"
        ]
    },
    {
        "id": 518,
        "firstName": "Mead",
        "lastName": "MacAnespie",
        "email": "mmacanespiek@sakura.ne.jp",
        "programme": "CO",
        "courses": [
            "BigData"
        ]
    },
    {
        "id": 519,
        "firstName": "Belita",
        "lastName": "Phipps",
        "email": "bphipps8@com.com",
        "programme": "ME",
        "courses": [
            "Hadoop"
        ]
    },
    {
        "id": 520,
        "firstName": "Kyla",
        "lastName": "Eastbury",
        "email": "keastbury4@youtube.com",
        "programme": "ME",
        "courses": [
            "Digital Forensics"
        ]
    },
    {
        "id": 521,
        "firstName": "Cora",
        "lastName": "McGeechan",
        "email": "cmcgeechanm@tuttocitta.it",
        "programme": "ME",
        "courses": [
            "Hadoop"
        ]
    },
    {
        "id": 522,
        "firstName": "Archie",
        "lastName": "Hazelgreave",
        "email": "ahazelgreaveb@seesaa.net",
        "programme": "EX",
        "courses": [
            "BigData"
        ]
    },
    {
        "id": 523,
        "firstName": "Adamo",
        "lastName": "Sedworth",
        "email": "asedworth1@creativecommons.org",
        "programme": "IE",
        "courses": [
            "Hadoop"
        ]
    },
    {
        "id": 524,
        "firstName": "Roman",
        "lastName": "Witch",
        "email": "rwitch9@dmoz.org",
        "programme": "CS",
        "courses": [
            "Hadoop"
        ]
    },
    {
        "id": 525,
        "firstName": "Janifer",
        "lastName": "Rallinshaw",
        "email": "jrallinshawi@japanpost.jp",
        "programme": "CS",
        "courses": [
            "BigData"
        ]
    },
    {
        "id": 526,
        "firstName": "Kalila",
        "lastName": "Lockier",
        "email": "klockierj@boston.com",
        "programme": "EX",
        "courses": [
            "Digital Forensics"
        ]
    },
    {
        "id": 527,
        "firstName": "Dasie",
        "lastName": "Mein",
        "email": "dmeinc@google.it",
        "programme": "CS",
        "courses": [
            "Digital Forensics"
        ]
    },
    {
        "id": 528,
        "firstName": "Odelinda",
        "lastName": "Creany",
        "email": "ocreany7@live.com",
        "programme": "IE",
        "courses": [
            "Digital Forensics"
        ]
    },
    {
        "id": 529,
        "firstName": "Ara",
        "lastName": "Borsi",
        "email": "aborsio@wsj.com",
        "programme": "CS",
        "courses": [
            "Digital Forensics"
        ]
    },
    {
        "id": 530,
        "firstName": "Chrisy",
        "lastName": "Pond-Jones",
        "email": "cpondjonesp@ucoz.com",
        "programme": "ME",
        "courses": [
            "Digital Forensics"
        ]
    },
    {
        "id": 531,
        "firstName": "Emma",
        "lastName": "Davidof",
        "email": "edavidofa@sitemeter.com",
        "programme": "CS",
        "courses": [
            "Hadoop"
        ]
    },
    {
        "id": 532,
        "firstName": "Wenonah",
        "lastName": "Bossel",
        "email": "wbosselh@wisc.edu",
        "programme": "IE",
        "courses": [
            "Hadoop"
        ]
    },
    {
        "id": 533,
        "firstName": "Enrika",
        "lastName": "Whyler",
        "email": "ewhylerg@baidu.com",
        "programme": "CO",
        "courses": [
            "BigData"
        ]
    },
    {
        "id": 534,
        "firstName": "Winne",
        "lastName": "Godman",
        "email": "wgodmanq@wunderground.com",
        "programme": "IE",
        "courses": [
            "Hadoop"
        ]
    },
    {
        "id": 535,
        "firstName": "Shelley",
        "lastName": "Dangerfield",
        "email": "sdangerfield2@sogou.com",
        "programme": "CO",
        "courses": [
            "BigData"
        ]
    },
    {
        "id": 536,
        "firstName": "Kimmi",
        "lastName": "Martinec",
        "email": "kmartinec0@squidoo.com",
        "programme": "EX",
        "courses": [
            "Digital Forensics"
        ]
    },
    {
        "id": 537,
        "firstName": "Kristine",
        "lastName": "O' Mulderrig",
        "email": "komulderrig6@hostgator.com",
        "programme": "ME",
        "courses": [
            "BigData"
        ]
    },
    {
        "id": 538,
        "firstName": "Frayda",
        "lastName": "Worthing",
        "email": "fworthingd@aboutads.info",
        "programme": "CO",
        "courses": [
            "Hadoop"
        ]
    },
    {
        "id": 539,
        "firstName": "Jillayne",
        "lastName": "Snoad",
        "email": "jsnoad12@over-blog.com",
        "programme": "CO",
        "courses": [
            "BigData"
        ]
    },
    {
        "id": 540,
        "firstName": "Dorothy",
        "lastName": "Futcher",
        "email": "dfutcher14@yelp.com",
        "programme": "ME",
        "courses": [
            "Digital Forensics"
        ]
    },
    {
        "id": 541,
        "firstName": "Betsey",
        "lastName": "Statter",
        "email": "bstatter11@networksolutions.com",
        "programme": "CO",
        "courses": [
            "Digital Forensics"
        ]
    },
    {
        "id": 542,
        "firstName": "Diego",
        "lastName": "Droogan",
        "email": "ddroogan13@google.nl",
        "programme": "CS",
        "courses": [
            "Hadoop"
        ]
    },
    {
        "id": 543,
        "firstName": "Chen",
        "lastName": "Meake",
        "email": "cmeakex@cbsnews.com",
        "programme": "EX",
        "courses": [
            "Hadoop"
        ]
    },
    {
        "id": 544,
        "firstName": "Ami",
        "lastName": "Frusher",
        "email": "afrusher1f@issuu.com",
        "programme": "EX",
        "courses": [
            "Digital Forensics"
        ]
    },
    {
        "id": 545,
        "firstName": "Vyky",
        "lastName": "Mapis",
        "email": "vmapis1m@xrea.com",
        "programme": "IE",
        "courses": [
            "Hadoop"
        ]
    },
    {
        "id": 546,
        "firstName": "Moritz",
        "lastName": "Hebner",
        "email": "mhebner16@salon.com",
        "programme": "CO",
        "courses": [
            "Hadoop"
        ]
    },
    {
        "id": 547,
        "firstName": "Martelle",
        "lastName": "Casiroli",
        "email": "mcasiroliy@vinaora.com",
        "programme": "CS",
        "courses": [
            "Hadoop"
        ]
    },
    {
        "id": 548,
        "firstName": "Joshia",
        "lastName": "Gue",
        "email": "jgue1i@51.la",
        "programme": "EX",
        "courses": [
            "Digital Forensics"
        ]
    },
    {
        "id": 549,
        "firstName": "Cecil",
        "lastName": "Ebbings",
        "email": "cebbings1e@ning.com",
        "programme": "IE",
        "courses": [
            "Digital Forensics"
        ]
    },
    {
        "id": 550,
        "firstName": "Guinevere",
        "lastName": "Penrose",
        "email": "gpenrose1d@multiply.com",
        "programme": "EX",
        "courses": [
            "BigData"
        ]
    },
    {
        "id": 551,
        "firstName": "Lillis",
        "lastName": "Haitlie",
        "email": "lhaitlie1l@goo.ne.jp",
        "programme": "CO",
        "courses": [
            "Hadoop"
        ]
    },
    {
        "id": 552,
        "firstName": "Lyon",
        "lastName": "Maffezzoli",
        "email": "lmaffezzoli1n@desdev.cn",
        "programme": "CO",
        "courses": [
            "Hadoop"
        ]
    },
    {
        "id": 553,
        "firstName": "Madelin",
        "lastName": "Scrowby",
        "email": "mscrowby1p@storify.com",
        "programme": "CS",
        "courses": [
            "BigData"
        ]
    },
    {
        "id": 554,
        "firstName": "Sharona",
        "lastName": "Simionescu",
        "email": "ssimionescu10@uol.com.br",
        "programme": "IE",
        "courses": [
            "BigData"
        ]
    },
    {
        "id": 555,
        "firstName": "Roseanne",
        "lastName": "Jellett",
        "email": "rjellett15@vistaprint.com",
        "programme": "EX",
        "courses": [
            "Digital Forensics"
        ]
    },
    {
        "id": 556,
        "firstName": "Selene",
        "lastName": "Ogg",
        "email": "soggz@example.com",
        "programme": "ME",
        "courses": [
            "Digital Forensics"
        ]
    },
    {
        "id": 557,
        "firstName": "Kellyann",
        "lastName": "Elwell",
        "email": "kelwell1o@prnewswire.com",
        "programme": "ME",
        "courses": [
            "BigData"
        ]
    },
    {
        "id": 558,
        "firstName": "Ansley",
        "lastName": "Heintzsch",
        "email": "aheintzsch17@jugem.jp",
        "programme": "IE",
        "courses": [
            "Hadoop"
        ]
    },
    {
        "id": 559,
        "firstName": "Hillard",
        "lastName": "Minchin",
        "email": "hminchin1u@scientificamerican.com",
        "programme": "CS",
        "courses": [
            "Hadoop"
        ]
    },
    {
        "id": 560,
        "firstName": "Birch",
        "lastName": "MacNess",
        "email": "bmacness1s@google.fr",
        "programme": "CO",
        "courses": [
            "Hadoop"
        ]
    },
    {
        "id": 561,
        "firstName": "Gwynne",
        "lastName": "Gallagher",
        "email": "ggallagher1j@soundcloud.com",
        "programme": "CS",
        "courses": [
            "BigData"
        ]
    },
    {
        "id": 562,
        "firstName": "Dav",
        "lastName": "Crumly",
        "email": "dcrumly1g@harvard.edu",
        "programme": "EX",
        "courses": [
            "Hadoop"
        ]
    },
    {
        "id": 563,
        "firstName": "Holly",
        "lastName": "Hilldrop",
        "email": "hhilldrop1r@hc360.com",
        "programme": "EX",
        "courses": [
            "Digital Forensics"
        ]
    },
    {
        "id": 564,
        "firstName": "Moore",
        "lastName": "Blyth",
        "email": "mblyth1k@ucla.edu",
        "programme": "IE",
        "courses": [
            "Digital Forensics"
        ]
    },
    {
        "id": 565,
        "firstName": "Cecily",
        "lastName": "Curteis",
        "email": "ccurteis19@techcrunch.com",
        "programme": "IE",
        "courses": [
            "Hadoop"
        ]
    },
    {
        "id": 566,
        "firstName": "Trenton",
        "lastName": "Tommasi",
        "email": "ttommasi1a@ucsd.edu",
        "programme": "CO",
        "courses": [
            "Hadoop"
        ]
    },
    {
        "id": 567,
        "firstName": "Virginie",
        "lastName": "Crathern",
        "email": "vcrathernw@irs.gov",
        "programme": "IE",
        "courses": [
            "BigData"
        ]
    },
    {
        "id": 568,
        "firstName": "Dasi",
        "lastName": "Sails",
        "email": "dsails1t@biglobe.ne.jp",
        "programme": "EX",
        "courses": [
            "BigData"
        ]
    },
    {
        "id": 569,
        "firstName": "Viviyan",
        "lastName": "Wadge",
        "email": "vwadge1h@delicious.com",
        "programme": "CS",
        "courses": [
            "Hadoop"
        ]
    },
    {
        "id": 570,
        "firstName": "Trixy",
        "lastName": "Lorkings",
        "email": "tlorkings20@jimdo.com",
        "programme": "IE",
        "courses": [
            "BigData"
        ]
    },
    {
        "id": 571,
        "firstName": "Nancie",
        "lastName": "Scotcher",
        "email": "nscotcher1x@gizmodo.com",
        "programme": "IE",
        "courses": [
            "Digital Forensics"
        ]
    },
    {
        "id": 572,
        "firstName": "Stephi",
        "lastName": "Hugh",
        "email": "shugh1c@booking.com",
        "programme": "CS",
        "courses": [
            "Hadoop"
        ]
    },
    {
        "id": 573,
        "firstName": "Ferrell",
        "lastName": "Ansett",
        "email": "fansett18@redcross.org",
        "programme": "IE",
        "courses": [
            "Hadoop"
        ]
    },
    {
        "id": 574,
        "firstName": "Jason",
        "lastName": "Bollin",
        "email": "jbollin1y@blogspot.com",
        "programme": "CS",
        "courses": [
            "Hadoop"
        ]
    },
    {
        "id": 575,
        "firstName": "Fern",
        "lastName": "Diggles",
        "email": "fdiggles1z@technorati.com",
        "programme": "ME",
        "courses": [
            "BigData"
        ]
    },
    {
        "id": 576,
        "firstName": "Dre",
        "lastName": "Mervyn",
        "email": "dmervyn23@mail.ru",
        "programme": "ME",
        "courses": [
            "BigData"
        ]
    },
    {
        "id": 577,
        "firstName": "Norton",
        "lastName": "Albasiny",
        "email": "nalbasiny1v@ow.ly",
        "programme": "ME",
        "courses": [
            "Hadoop"
        ]
    },
    {
        "id": 578,
        "firstName": "Geoffry",
        "lastName": "Donavan",
        "email": "gdonavan21@geocities.com",
        "programme": "EX",
        "courses": [
            "BigData"
        ]
    },
    {
        "id": 579,
        "firstName": "Gottfried",
        "lastName": "Koenraad",
        "email": "gkoenraad1q@theguardian.com",
        "programme": "CO",
        "courses": [
            "BigData"
        ]
    },
    {
        "id": 580,
        "firstName": "Fowler",
        "lastName": "Wathan",
        "email": "fwathan25@fda.gov",
        "programme": "ME",
        "courses": [
            "Digital Forensics"
        ]
    },
    {
        "id": 581,
        "firstName": "Shaylah",
        "lastName": "Gonthard",
        "email": "sgonthard26@drupal.org",
        "programme": "EX",
        "courses": [
            "Hadoop"
        ]
    },
    {
        "id": 582,
        "firstName": "Bancroft",
        "lastName": "Colbrun",
        "email": "bcolbrun1w@mit.edu",
        "programme": "EX",
        "courses": [
            "Hadoop"
        ]
    },
    {
        "id": 583,
        "firstName": "Hebert",
        "lastName": "Darlington",
        "email": "hdarlington2d@irs.gov",
        "programme": "IE",
        "courses": [
            "BigData"
        ]
    },
    {
        "id": 584,
        "firstName": "Calvin",
        "lastName": "Pennings",
        "email": "cpennings22@blogtalkradio.com",
        "programme": "EX",
        "courses": [
            "BigData"
        ]
    },
    {
        "id": 585,
        "firstName": "Evangelin",
        "lastName": "Boyle",
        "email": "eboyle29@wikia.com",
        "programme": "ME",
        "courses": [
            "Digital Forensics"
        ]
    },
    {
        "id": 586,
        "firstName": "Demetra",
        "lastName": "Baggalley",
        "email": "dbaggalley2o@harvard.edu",
        "programme": "ME",
        "courses": [
            "Digital Forensics"
        ]
    },
    {
        "id": 587,
        "firstName": "Yoshiko",
        "lastName": "Reddington",
        "email": "yreddington27@cargocollective.com",
        "programme": "CS",
        "courses": [
            "Hadoop"
        ]
    },
    {
        "id": 588,
        "firstName": "Cristy",
        "lastName": "Wollen",
        "email": "cwollen2q@europa.eu",
        "programme": "CO",
        "courses": [
            "Hadoop"
        ]
    },
    {
        "id": 589,
        "firstName": "Carie",
        "lastName": "Sneesbie",
        "email": "csneesbie2p@mit.edu",
        "programme": "ME",
        "courses": [
            "Hadoop"
        ]
    },
    {
        "id": 590,
        "firstName": "Silvester",
        "lastName": "Gossart",
        "email": "sgossart2b@usgs.gov",
        "programme": "ME",
        "courses": [
            "BigData"
        ]
    },
    {
        "id": 591,
        "firstName": "Kalie",
        "lastName": "Binnall",
        "email": "kbinnall2r@opensource.org",
        "programme": "EX",
        "courses": [
            "Digital Forensics"
        ]
    },
    {
        "id": 592,
        "firstName": "Karia",
        "lastName": "Huthart",
        "email": "khuthart2e@alibaba.com",
        "programme": "EX",
        "courses": [
            "Hadoop"
        ]
    },
    {
        "id": 593,
        "firstName": "Eustacia",
        "lastName": "Bartolozzi",
        "email": "ebartolozzi2a@booking.com",
        "programme": "CS",
        "courses": [
            "Digital Forensics"
        ]
    },
    {
        "id": 594,
        "firstName": "Claudius",
        "lastName": "Zecchini",
        "email": "czecchini2k@about.com",
        "programme": "EX",
        "courses": [
            "BigData"
        ]
    },
    {
        "id": 595,
        "firstName": "Bartolemo",
        "lastName": "Faithfull",
        "email": "bfaithfull2i@homestead.com",
        "programme": "IE",
        "courses": [
            "BigData"
        ]
    },
    {
        "id": 596,
        "firstName": "Jaquith",
        "lastName": "Hallad",
        "email": "jhallad1b@odnoklassniki.ru",
        "programme": "ME",
        "courses": [
            "BigData"
        ]
    },
    {
        "id": 597,
        "firstName": "Onofredo",
        "lastName": "O'Doran",
        "email": "oodoran2n@omniture.com",
        "programme": "CS",
        "courses": [
            "Digital Forensics"
        ]
    },
    {
        "id": 598,
        "firstName": "Winna",
        "lastName": "Notton",
        "email": "wnotton2j@1688.com",
        "programme": "ME",
        "courses": [
            "Hadoop"
        ]
    },
    {
        "id": 599,
        "firstName": "Ciel",
        "lastName": "Fley",
        "email": "cfley28@over-blog.com",
        "programme": "CS",
        "courses": [
            "Hadoop"
        ]
    },
    {
        "id": 600,
        "firstName": "Brendon",
        "lastName": "Jory",
        "email": "bjory2c@storify.com",
        "programme": "CO",
        "courses": [
            "Digital Forensics"
        ]
    },
    {
        "id": 601,
        "firstName": "Dame",
        "lastName": "Jeanneau",
        "email": "djeanneau2g@livejournal.com",
        "programme": "CO",
        "courses": [
            "Digital Forensics"
        ]
    },
    {
        "id": 602,
        "firstName": "Evie",
        "lastName": "Bunton",
        "email": "ebunton2m@tinypic.com",
        "programme": "ME",
        "courses": [
            "Hadoop"
        ]
    },
    {
        "id": 603,
        "firstName": "Viviana",
        "lastName": "Barnsdale",
        "email": "vbarnsdale2f@bravesites.com",
        "programme": "IE",
        "courses": [
            "BigData"
        ]
    },
    {
        "id": 604,
        "firstName": "Boonie",
        "lastName": "Hardaway",
        "email": "bhardaway2h@taobao.com",
        "programme": "CO",
        "courses": [
            "Digital Forensics"
        ]
    },
    {
        "id": 605,
        "firstName": "Coop",
        "lastName": "Sollitt",
        "email": "csollitt24@cbsnews.com",
        "programme": "CS",
        "courses": [
            "Digital Forensics"
        ]
    },
    {
        "id": 606,
        "firstName": "Nydia",
        "lastName": "Hooks",
        "email": "nhooks2l@feedburner.com",
        "programme": "CS",
        "courses": [
            "Digital Forensics"
        ]
    },
    {
        "id": 607,
        "firstName": "Deny",
        "lastName": "Werny",
        "email": "dwerny1e@mediafire.com",
        "programme": "CO",
        "courses": [
            "Digital Forensics"
        ]
    },
    {
        "id": 608,
        "firstName": "Monty",
        "lastName": "Seak",
        "email": "mseaky@slideshare.net",
        "programme": "CS",
        "courses": [
            "Hadoop"
        ]
    },
    {
        "id": 609,
        "firstName": "Angie",
        "lastName": "Aicheson",
        "email": "aaicheson1f@cisco.com",
        "programme": "CO",
        "courses": [
            "BigData"
        ]
    },
    {
        "id": 610,
        "firstName": "Gar",
        "lastName": "Sherington",
        "email": "gsherington1q@nasa.gov",
        "programme": "IE",
        "courses": [
            "BigData"
        ]
    },
    {
        "id": 611,
        "firstName": "Nicol",
        "lastName": "Covelle",
        "email": "ncovelle3@prlog.org",
        "programme": "EX",
        "courses": [
            "Hadoop"
        ]
    },
    {
        "id": 612,
        "firstName": "Sven",
        "lastName": "Bresland",
        "email": "sbresland1n@si.edu",
        "programme": "ME",
        "courses": [
            "Digital Forensics"
        ]
    },
    {
        "id": 613,
        "firstName": "Avram",
        "lastName": "Hub",
        "email": "ahub11@gnu.org",
        "programme": "CS",
        "courses": [
            "Digital Forensics"
        ]
    },
    {
        "id": 614,
        "firstName": "Philbert",
        "lastName": "MacCroary",
        "email": "pmaccroaryd@drupal.org",
        "programme": "CS",
        "courses": [
            "Hadoop"
        ]
    },
    {
        "id": 615,
        "firstName": "Tomi",
        "lastName": "Wiggington",
        "email": "twiggington14@dion.ne.jp",
        "programme": "IE",
        "courses": [
            "BigData"
        ]
    },
    {
        "id": 616,
        "firstName": "Blakeley",
        "lastName": "Tessier",
        "email": "btessier5@naver.com",
        "programme": "CO",
        "courses": [
            "Hadoop"
        ]
    },
    {
        "id": 617,
        "firstName": "Monica",
        "lastName": "Tedstone",
        "email": "mtedstone1h@skyrock.com",
        "programme": "ME",
        "courses": [
            "Digital Forensics"
        ]
    },
    {
        "id": 618,
        "firstName": "Orren",
        "lastName": "Asche",
        "email": "oasche1d@google.co.jp",
        "programme": "CS",
        "courses": [
            "Hadoop"
        ]
    },
    {
        "id": 619,
        "firstName": "Lauree",
        "lastName": "Webborn",
        "email": "lwebborn1m@infoseek.co.jp",
        "programme": "CO",
        "courses": [
            "Hadoop"
        ]
    },
    {
        "id": 620,
        "firstName": "Lara",
        "lastName": "Flear",
        "email": "lflear18@aboutads.info",
        "programme": "IE",
        "courses": [
            "Hadoop"
        ]
    },
    {
        "id": 621,
        "firstName": "Colene",
        "lastName": "Izacenko",
        "email": "cizacenkos@examiner.com",
        "programme": "CS",
        "courses": [
            "BigData"
        ]
    },
    {
        "id": 622,
        "firstName": "Ephrayim",
        "lastName": "Dionisi",
        "email": "edionisi1c@instagram.com",
        "programme": "IE",
        "courses": [
            "BigData"
        ]
    },
    {
        "id": 623,
        "firstName": "Marie-ann",
        "lastName": "Bourdas",
        "email": "mbourdasv@reddit.com",
        "programme": "CS",
        "courses": [
            "Hadoop"
        ]
    },
    {
        "id": 624,
        "firstName": "Robinson",
        "lastName": "Talboy",
        "email": "rtalboy15@auda.org.au",
        "programme": "CS",
        "courses": [
            "BigData"
        ]
    },
    {
        "id": 625,
        "firstName": "Faber",
        "lastName": "O'Donovan",
        "email": "fodonovanw@comsenz.com",
        "programme": "EX",
        "courses": [
            "Hadoop"
        ]
    },
    {
        "id": 626,
        "firstName": "Ashlie",
        "lastName": "Hannon",
        "email": "ahannon0@infoseek.co.jp",
        "programme": "EX",
        "courses": [
            "BigData"
        ]
    },
    {
        "id": 627,
        "firstName": "Shelby",
        "lastName": "McElhinney",
        "email": "smcelhinney2@google.es",
        "programme": "IE",
        "courses": [
            "Digital Forensics"
        ]
    },
    {
        "id": 628,
        "firstName": "Thelma",
        "lastName": "Hearsum",
        "email": "thearsum12@cbslocal.com",
        "programme": "IE",
        "courses": [
            "BigData"
        ]
    },
    {
        "id": 629,
        "firstName": "Joelynn",
        "lastName": "Alvarado",
        "email": "jalvarado8@mac.com",
        "programme": "ME",
        "courses": [
            "BigData"
        ]
    },
    {
        "id": 630,
        "firstName": "Maje",
        "lastName": "Moorman",
        "email": "mmoormanz@blog.com",
        "programme": "CS",
        "courses": [
            "BigData"
        ]
    },
    {
        "id": 631,
        "firstName": "Rachael",
        "lastName": "Edy",
        "email": "redy1r@accuweather.com",
        "programme": "ME",
        "courses": [
            "Digital Forensics"
        ]
    },
    {
        "id": 632,
        "firstName": "Rainer",
        "lastName": "Salway",
        "email": "rsalway1o@irs.gov",
        "programme": "ME",
        "courses": [
            "Hadoop"
        ]
    },
    {
        "id": 633,
        "firstName": "Conny",
        "lastName": "Ruller",
        "email": "crullerp@multiply.com",
        "programme": "EX",
        "courses": [
            "Digital Forensics"
        ]
    },
    {
        "id": 634,
        "firstName": "Temple",
        "lastName": "Kensit",
        "email": "tkensitt@ucoz.com",
        "programme": "CS",
        "courses": [
            "Hadoop"
        ]
    },
    {
        "id": 635,
        "firstName": "Agnella",
        "lastName": "Stygall",
        "email": "astygallj@tinypic.com",
        "programme": "CS",
        "courses": [
            "Digital Forensics"
        ]
    },
    {
        "id": 636,
        "firstName": "Ashley",
        "lastName": "Bolam",
        "email": "abolamo@intel.com",
        "programme": "EX",
        "courses": [
            "Hadoop"
        ]
    },
    {
        "id": 637,
        "firstName": "Rachel",
        "lastName": "Audritt",
        "email": "raudrittu@ucsd.edu",
        "programme": "CO",
        "courses": [
            "Hadoop"
        ]
    },
    {
        "id": 638,
        "firstName": "Letty",
        "lastName": "Applebee",
        "email": "lapplebee17@amazon.co.jp",
        "programme": "CO",
        "courses": [
            "Hadoop"
        ]
    },
    {
        "id": 639,
        "firstName": "Cesare",
        "lastName": "Tarbet",
        "email": "ctarbet13@accuweather.com",
        "programme": "IE",
        "courses": [
            "BigData"
        ]
    },
    {
        "id": 640,
        "firstName": "Alysia",
        "lastName": "Andreutti",
        "email": "aandreuttik@utexas.edu",
        "programme": "EX",
        "courses": [
            "Digital Forensics"
        ]
    },
    {
        "id": 641,
        "firstName": "Brien",
        "lastName": "Gonin",
        "email": "bgonin1g@tamu.edu",
        "programme": "ME",
        "courses": [
            "Hadoop"
        ]
    },
    {
        "id": 642,
        "firstName": "Griffith",
        "lastName": "Lacy",
        "email": "glacyf@homestead.com",
        "programme": "ME",
        "courses": [
            "BigData"
        ]
    },
    {
        "id": 643,
        "firstName": "Emmanuel",
        "lastName": "Eshmade",
        "email": "eeshmade1@nba.com",
        "programme": "IE",
        "courses": [
            "BigData"
        ]
    },
    {
        "id": 644,
        "firstName": "Aldus",
        "lastName": "Scholig",
        "email": "ascholig10@soup.io",
        "programme": "IE",
        "courses": [
            "Hadoop"
        ]
    },
    {
        "id": 645,
        "firstName": "Doretta",
        "lastName": "Mansel",
        "email": "dmanselg@state.tx.us",
        "programme": "CS",
        "courses": [
            "Digital Forensics"
        ]
    },
    {
        "id": 646,
        "firstName": "Fonzie",
        "lastName": "Maben",
        "email": "fmabenr@163.com",
        "programme": "ME",
        "courses": [
            "Digital Forensics"
        ]
    },
    {
        "id": 647,
        "firstName": "Jaquenetta",
        "lastName": "Dinan",
        "email": "jdinana@delicious.com",
        "programme": "EX",
        "courses": [
            "BigData"
        ]
    },
    {
        "id": 648,
        "firstName": "Franklyn",
        "lastName": "Duddle",
        "email": "fduddle9@ucoz.com",
        "programme": "IE",
        "courses": [
            "Hadoop"
        ]
    },
    {
        "id": 649,
        "firstName": "Kenny",
        "lastName": "Pearmine",
        "email": "kpearmineb@ask.com",
        "programme": "EX",
        "courses": [
            "BigData"
        ]
    },
    {
        "id": 650,
        "firstName": "Terrie",
        "lastName": "Chalcot",
        "email": "tchalcot1b@spotify.com",
        "programme": "EX",
        "courses": [
            "Digital Forensics"
        ]
    },
    {
        "id": 651,
        "firstName": "Clay",
        "lastName": "Irlam",
        "email": "cirlam19@dailymail.co.uk",
        "programme": "CS",
        "courses": [
            "Digital Forensics"
        ]
    },
    {
        "id": 652,
        "firstName": "Ly",
        "lastName": "Volkes",
        "email": "lvolkesl@seesaa.net",
        "programme": "ME",
        "courses": [
            "Digital Forensics"
        ]
    },
    {
        "id": 653,
        "firstName": "Val",
        "lastName": "Gergler",
        "email": "vgergler6@webmd.com",
        "programme": "CO",
        "courses": [
            "Digital Forensics"
        ]
    },
    {
        "id": 654,
        "firstName": "Tadeas",
        "lastName": "Rowlands",
        "email": "trowlands1k@sogou.com",
        "programme": "CO",
        "courses": [
            "BigData"
        ]
    },
    {
        "id": 655,
        "firstName": "Beltran",
        "lastName": "Gebbie",
        "email": "bgebbie1l@japanpost.jp",
        "programme": "IE",
        "courses": [
            "BigData"
        ]
    },
    {
        "id": 656,
        "firstName": "Colet",
        "lastName": "Denyukin",
        "email": "cdenyukin16@google.co.uk",
        "programme": "IE",
        "courses": [
            "BigData"
        ]
    },
    {
        "id": 657,
        "firstName": "Flossy",
        "lastName": "Spinney",
        "email": "fspinney1j@acquirethisname.com",
        "programme": "IE",
        "courses": [
            "Hadoop"
        ]
    },
    {
        "id": 658,
        "firstName": "Drud",
        "lastName": "Lockhart",
        "email": "dlockhartx@discovery.com",
        "programme": "IE",
        "courses": [
            "BigData"
        ]
    },
    {
        "id": 659,
        "firstName": "Missy",
        "lastName": "Lawles",
        "email": "mlawles1i@tmall.com",
        "programme": "CS",
        "courses": [
            "BigData"
        ]
    },
    {
        "id": 660,
        "firstName": "Maryrose",
        "lastName": "Farmery",
        "email": "mfarmerye@auda.org.au",
        "programme": "EX",
        "courses": [
            "Digital Forensics"
        ]
    },
    {
        "id": 661,
        "firstName": "Scarlett",
        "lastName": "Govini",
        "email": "sgovinic@nature.com",
        "programme": "EX",
        "courses": [
            "Hadoop"
        ]
    },
    {
        "id": 662,
        "firstName": "Tamara",
        "lastName": "Luty",
        "email": "tlutyi@vk.com",
        "programme": "CS",
        "courses": [
            "BigData"
        ]
    },
    {
        "id": 663,
        "firstName": "Rosalinda",
        "lastName": "Mixon",
        "email": "rmixon1p@friendfeed.com",
        "programme": "ME",
        "courses": [
            "Hadoop"
        ]
    },
    {
        "id": 664,
        "firstName": "Giffy",
        "lastName": "Hedger",
        "email": "ghedger1a@sciencedaily.com",
        "programme": "CS",
        "courses": [
            "Digital Forensics"
        ]
    },
    {
        "id": 665,
        "firstName": "Hernando",
        "lastName": "Postans",
        "email": "hpostansm@slate.com",
        "programme": "EX",
        "courses": [
            "Hadoop"
        ]
    },
    {
        "id": 666,
        "firstName": "Zared",
        "lastName": "Danbye",
        "email": "zdanbyeh@studiopress.com",
        "programme": "EX",
        "courses": [
            "BigData"
        ]
    },
    {
        "id": 667,
        "firstName": "Andromache",
        "lastName": "Bignell",
        "email": "abignell4@archive.org",
        "programme": "EX",
        "courses": [
            "Digital Forensics"
        ]
    },
    {
        "id": 668,
        "firstName": "Gerrie",
        "lastName": "Marty",
        "email": "gmarty7@bloomberg.com",
        "programme": "CS",
        "courses": [
            "BigData"
        ]
    },
    {
        "id": 669,
        "firstName": "Sonnie",
        "lastName": "Zammett",
        "email": "szammettn@macromedia.com",
        "programme": "IE",
        "courses": [
            "Hadoop"
        ]
    },
    {
        "id": 670,
        "firstName": "Alane",
        "lastName": "Abdy",
        "email": "aabdyq@hc360.com",
        "programme": "CS",
        "courses": [
            "BigData"
        ]
    },
    {
        "id": 671,
        "firstName": "Lyndsey",
        "lastName": "Oatley",
        "email": "loatley1t@army.mil",
        "programme": "EX",
        "courses": [
            "Digital Forensics"
        ]
    },
    {
        "id": 672,
        "firstName": "Noella",
        "lastName": "Biagioni",
        "email": "nbiagioni2h@answers.com",
        "programme": "IE",
        "courses": [
            "Digital Forensics"
        ]
    },
    {
        "id": 673,
        "firstName": "Alvy",
        "lastName": "Tallman",
        "email": "atallman2c@mtv.com",
        "programme": "ME",
        "courses": [
            "BigData"
        ]
    },
    {
        "id": 674,
        "firstName": "Thayne",
        "lastName": "Serchwell",
        "email": "tserchwell1s@xing.com",
        "programme": "ME",
        "courses": [
            "BigData"
        ]
    },
    {
        "id": 675,
        "firstName": "Rasia",
        "lastName": "Fulmen",
        "email": "rfulmen1u@nymag.com",
        "programme": "ME",
        "courses": [
            "Digital Forensics"
        ]
    },
    {
        "id": 676,
        "firstName": "Fayina",
        "lastName": "O'Hartagan",
        "email": "fohartagan24@instagram.com",
        "programme": "CO",
        "courses": [
            "Hadoop"
        ]
    },
    {
        "id": 677,
        "firstName": "Lyndsey",
        "lastName": "Leggan",
        "email": "lleggan1y@twitpic.com",
        "programme": "CO",
        "courses": [
            "BigData"
        ]
    },
    {
        "id": 678,
        "firstName": "Winifield",
        "lastName": "Gudd",
        "email": "wgudd2b@wisc.edu",
        "programme": "EX",
        "courses": [
            "Digital Forensics"
        ]
    },
    {
        "id": 679,
        "firstName": "Byran",
        "lastName": "Jennins",
        "email": "bjennins1w@networkadvertising.org",
        "programme": "ME",
        "courses": [
            "Hadoop"
        ]
    },
    {
        "id": 680,
        "firstName": "Barbee",
        "lastName": "Burehill",
        "email": "bburehill26@unc.edu",
        "programme": "IE",
        "courses": [
            "BigData"
        ]
    },
    {
        "id": 681,
        "firstName": "Johnette",
        "lastName": "Corrao",
        "email": "jcorrao2k@nifty.com",
        "programme": "ME",
        "courses": [
            "Hadoop"
        ]
    },
    {
        "id": 682,
        "firstName": "Gayler",
        "lastName": "Futcher",
        "email": "gfutcher20@hp.com",
        "programme": "ME",
        "courses": [
            "BigData"
        ]
    },
    {
        "id": 683,
        "firstName": "Luci",
        "lastName": "Cunnah",
        "email": "lcunnah2d@icio.us",
        "programme": "EX",
        "courses": [
            "Hadoop"
        ]
    },
    {
        "id": 684,
        "firstName": "Hobard",
        "lastName": "Feasby",
        "email": "hfeasby2p@economist.com",
        "programme": "CO",
        "courses": [
            "BigData"
        ]
    },
    {
        "id": 685,
        "firstName": "Washington",
        "lastName": "Parncutt",
        "email": "wparncutt2f@fc2.com",
        "programme": "ME",
        "courses": [
            "BigData"
        ]
    },
    {
        "id": 686,
        "firstName": "Jerry",
        "lastName": "Rissen",
        "email": "jrissen25@ox.ac.uk",
        "programme": "ME",
        "courses": [
            "Hadoop"
        ]
    },
    {
        "id": 687,
        "firstName": "Brien",
        "lastName": "Grahl",
        "email": "bgrahl1x@newyorker.com",
        "programme": "CO",
        "courses": [
            "Digital Forensics"
        ]
    },
    {
        "id": 688,
        "firstName": "Leif",
        "lastName": "Hugonin",
        "email": "lhugonin2a@bravesites.com",
        "programme": "EX",
        "courses": [
            "Hadoop"
        ]
    },
    {
        "id": 689,
        "firstName": "Stacee",
        "lastName": "Lethby",
        "email": "slethby1v@walmart.com",
        "programme": "EX",
        "courses": [
            "BigData"
        ]
    },
    {
        "id": 690,
        "firstName": "Zonda",
        "lastName": "Charke",
        "email": "zcharke2q@gov.uk",
        "programme": "CO",
        "courses": [
            "Hadoop"
        ]
    },
    {
        "id": 691,
        "firstName": "Paula",
        "lastName": "Aubry",
        "email": "paubry1z@is.gd",
        "programme": "EX",
        "courses": [
            "Hadoop"
        ]
    },
    {
        "id": 692,
        "firstName": "Adair",
        "lastName": "Jiruch",
        "email": "ajiruch21@dell.com",
        "programme": "CO",
        "courses": [
            "BigData"
        ]
    },
    {
        "id": 693,
        "firstName": "Forster",
        "lastName": "Apfelmann",
        "email": "fapfelmann2l@sbwire.com",
        "programme": "EX",
        "courses": [
            "Digital Forensics"
        ]
    },
    {
        "id": 694,
        "firstName": "Ariela",
        "lastName": "O' Shea",
        "email": "aoshea2g@europa.eu",
        "programme": "EX",
        "courses": [
            "Digital Forensics"
        ]
    },
    {
        "id": 695,
        "firstName": "Layton",
        "lastName": "Shirt",
        "email": "lshirt2o@squidoo.com",
        "programme": "CO",
        "courses": [
            "BigData"
        ]
    },
    {
        "id": 696,
        "firstName": "Cybill",
        "lastName": "Dunlap",
        "email": "cdunlap27@cafepress.com",
        "programme": "ME",
        "courses": [
            "Hadoop"
        ]
    },
    {
        "id": 697,
        "firstName": "Shanna",
        "lastName": "Atwel",
        "email": "satwel22@freewebs.com",
        "programme": "CO",
        "courses": [
            "Digital Forensics"
        ]
    },
    {
        "id": 698,
        "firstName": "Colette",
        "lastName": "Rushbrook",
        "email": "crushbrook2i@unesco.org",
        "programme": "IE",
        "courses": [
            "Digital Forensics"
        ]
    },
    {
        "id": 699,
        "firstName": "Amelita",
        "lastName": "Warbey",
        "email": "awarbey2m@about.me",
        "programme": "CO",
        "courses": [
            "Hadoop"
        ]
    },
    {
        "id": 700,
        "firstName": "Jed",
        "lastName": "Jiracek",
        "email": "jjiracek23@flavors.me",
        "programme": "IE",
        "courses": [
            "Digital Forensics"
        ]
    },
    {
        "id": 701,
        "firstName": "Maureen",
        "lastName": "Gerin",
        "email": "mgerin2r@blog.com",
        "programme": "EX",
        "courses": [
            "Digital Forensics"
        ]
    },
    {
        "id": 702,
        "firstName": "Claude",
        "lastName": "MacVagh",
        "email": "cmacvagh29@webnode.com",
        "programme": "IE",
        "courses": [
            "Hadoop"
        ]
    },
    {
        "id": 703,
        "firstName": "Mable",
        "lastName": "Isac",
        "email": "misac2e@mapquest.com",
        "programme": "IE",
        "courses": [
            "Hadoop"
        ]
    },
    {
        "id": 704,
        "firstName": "Lanie",
        "lastName": "Cissell",
        "email": "lcissell2j@epa.gov",
        "programme": "CS",
        "courses": [
            "Digital Forensics"
        ]
    },
    {
        "id": 705,
        "firstName": "Alan",
        "lastName": "MacAlpin",
        "email": "amacalpin28@amazon.co.uk",
        "programme": "EX",
        "courses": [
            "Digital Forensics"
        ]
    },
    {
        "id": 706,
        "firstName": "Sheba",
        "lastName": "Berney",
        "email": "sberneyv@free.fr",
        "programme": "CS",
        "courses": [
            "C#"
        ]
    },
    {
        "id": 707,
        "firstName": "Georgena",
        "lastName": "Dyne",
        "email": "gdyneq@timesonline.co.uk",
        "programme": "CS",
        "courses": [
            "C#"
        ]
    },
    {
        "id": 708,
        "firstName": "Umberto",
        "lastName": "Fincher",
        "email": "ufincher1l@cdc.gov",
        "programme": "CO",
        "courses": [
            "Hadoop"
        ]
    },
    {
        "id": 709,
        "firstName": "Morey",
        "lastName": "Lemonby",
        "email": "mlemonby3@acquirethisname.com",
        "programme": "CO",
        "courses": [
            "Java"
        ]
    },
    {
        "id": 710,
        "firstName": "Renaud",
        "lastName": "Kelk",
        "email": "rkelkm@ftc.gov",
        "programme": "CO",
        "courses": [
            "Java"
        ]
    },
    {
        "id": 711,
        "firstName": "Candie",
        "lastName": "Cogdon",
        "email": "ccogdons@theglobeandmail.com",
        "programme": "CS",
        "courses": [
            "Hadoop"
        ]
    },
    {
        "id": 712,
        "firstName": "Madison",
        "lastName": "Dunne",
        "email": "mdunne4@state.tx.us",
        "programme": "ME",
        "courses": [
            "Data"
        ]
    },
    {
        "id": 713,
        "firstName": "Kelwin",
        "lastName": "Rubinshtein",
        "email": "krubinshtein1o@timesonline.co.uk",
        "programme": "ME",
        "courses": [
            "Data"
        ]
    },
    {
        "id": 714,
        "firstName": "Dav",
        "lastName": "Peterson",
        "email": "dpetersonk@vimeo.com",
        "programme": "CS",
        "courses": [
            "C#"
        ]
    },
    {
        "id": 715,
        "firstName": "Maure",
        "lastName": "Pearcehouse",
        "email": "mpearcehouse1a@myspace.com",
        "programme": "CO",
        "courses": [
            "Data"
        ]
    },
    {
        "id": 716,
        "firstName": "Curtis",
        "lastName": "Lazonby",
        "email": "clazonbyx@zdnet.com",
        "programme": "CS",
        "courses": [
            "Data"
        ]
    },
    {
        "id": 717,
        "firstName": "Darline",
        "lastName": "Bleibaum",
        "email": "dbleibaum1r@ezinearticles.com",
        "programme": "CO",
        "courses": [
            "C#"
        ]
    },
    {
        "id": 718,
        "firstName": "Todd",
        "lastName": "Ondra",
        "email": "tondrai@springer.com",
        "programme": "CS",
        "courses": [
            "C#"
        ]
    },
    {
        "id": 719,
        "firstName": "Tome",
        "lastName": "Heinsh",
        "email": "theinsh1m@usatoday.com",
        "programme": "CO",
        "courses": [
            "Data"
        ]
    },
    {
        "id": 720,
        "firstName": "Hinda",
        "lastName": "Blenkiron",
        "email": "hblenkiron1k@pcworld.com",
        "programme": "CS",
        "courses": [
            "Data"
        ]
    },
    {
        "id": 721,
        "firstName": "Filberte",
        "lastName": "Simononsky",
        "email": "fsimononsky1d@istockphoto.com",
        "programme": "CS",
        "courses": [
            "C#"
        ]
    },
    {
        "id": 722,
        "firstName": "Dana",
        "lastName": "Bernhardt",
        "email": "dbernhardt15@people.com.cn",
        "programme": "ME",
        "courses": [
            "Java"
        ]
    },
    {
        "id": 723,
        "firstName": "Garfield",
        "lastName": "Stoffersen",
        "email": "gstoffersen2@paypal.com",
        "programme": "CS",
        "courses": [
            "Java"
        ]
    },
    {
        "id": 724,
        "firstName": "Laurie",
        "lastName": "Jancic",
        "email": "ljancict@yale.edu",
        "programme": "CS",
        "courses": [
            "Hadoop"
        ]
    },
    {
        "id": 725,
        "firstName": "Bride",
        "lastName": "Hambrick",
        "email": "bhambrick9@webeden.co.uk",
        "programme": "ME",
        "courses": [
            "Hadoop"
        ]
    },
    {
        "id": 726,
        "firstName": "Iver",
        "lastName": "Boat",
        "email": "iboatg@dailymail.co.uk",
        "programme": "CO",
        "courses": [
            "Hadoop"
        ]
    },
    {
        "id": 727,
        "firstName": "Alden",
        "lastName": "De Blasiis",
        "email": "adeblasiis1g@bigcartel.com",
        "programme": "CO",
        "courses": [
            "C#"
        ]
    },
    {
        "id": 728,
        "firstName": "Adah",
        "lastName": "Hatfull",
        "email": "ahatfull0@163.com",
        "programme": "CO",
        "courses": [
            "C#"
        ]
    },
    {
        "id": 729,
        "firstName": "Clevie",
        "lastName": "Accum",
        "email": "caccum14@amazon.com",
        "programme": "CS",
        "courses": [
            "Data"
        ]
    },
    {
        "id": 730,
        "firstName": "Guillaume",
        "lastName": "Pringle",
        "email": "gpringled@webnode.com",
        "programme": "CO",
        "courses": [
            "C#"
        ]
    },
    {
        "id": 731,
        "firstName": "Felisha",
        "lastName": "Perrygo",
        "email": "fperrygoe@smugmug.com",
        "programme": "ME",
        "courses": [
            "C#"
        ]
    },
    {
        "id": 732,
        "firstName": "Wyn",
        "lastName": "Strase",
        "email": "wstrase12@nbcnews.com",
        "programme": "CO",
        "courses": [
            "Data"
        ]
    },
    {
        "id": 733,
        "firstName": "Dael",
        "lastName": "Baptiste",
        "email": "dbaptiste1p@naver.com",
        "programme": "CO",
        "courses": [
            "Java"
        ]
    },
    {
        "id": 734,
        "firstName": "Mozes",
        "lastName": "Crabb",
        "email": "mcrabb1q@reverbnation.com",
        "programme": "ME",
        "courses": [
            "Hadoop"
        ]
    },
    {
        "id": 735,
        "firstName": "Lonnie",
        "lastName": "Wolsey",
        "email": "lwolsey1@abc.net.au",
        "programme": "CS",
        "courses": [
            "Hadoop"
        ]
    },
    {
        "id": 736,
        "firstName": "Kalila",
        "lastName": "Burton",
        "email": "kburton5@aol.com",
        "programme": "CO",
        "courses": [
            "C#"
        ]
    },
    {
        "id": 737,
        "firstName": "Devinne",
        "lastName": "Sogg",
        "email": "dsoggu@google.es",
        "programme": "CS",
        "courses": [
            "Data"
        ]
    },
    {
        "id": 738,
        "firstName": "Allen",
        "lastName": "Maryon",
        "email": "amaryon1j@google.com.au",
        "programme": "CO",
        "courses": [
            "Data"
        ]
    },
    {
        "id": 739,
        "firstName": "Wileen",
        "lastName": "Lochead",
        "email": "wlochead1h@photobucket.com",
        "programme": "ME",
        "courses": [
            "C#"
        ]
    },
    {
        "id": 740,
        "firstName": "Gnni",
        "lastName": "Tick",
        "email": "gticka@360.cn",
        "programme": "CS",
        "courses": [
            "Data"
        ]
    },
    {
        "id": 741,
        "firstName": "Nikolaos",
        "lastName": "Coughlin",
        "email": "ncoughlin1f@chron.com",
        "programme": "CS",
        "courses": [
            "Java"
        ]
    },
    {
        "id": 742,
        "firstName": "Anetta",
        "lastName": "Evison",
        "email": "aevison19@alibaba.com",
        "programme": "CO",
        "courses": [
            "Data"
        ]
    },
    {
        "id": 743,
        "firstName": "Rosalinde",
        "lastName": "McIleen",
        "email": "rmcileen1c@ed.gov",
        "programme": "CO",
        "courses": [
            "Data"
        ]
    },
    {
        "id": 744,
        "firstName": "Aristotle",
        "lastName": "Bartosinski",
        "email": "abartosinski8@msn.com",
        "programme": "CO",
        "courses": [
            "Data"
        ]
    },
    {
        "id": 745,
        "firstName": "Raoul",
        "lastName": "Swindell",
        "email": "rswindellh@fema.gov",
        "programme": "CO",
        "courses": [
            "C#"
        ]
    },
    {
        "id": 746,
        "firstName": "Rosamond",
        "lastName": "Seemmonds",
        "email": "rseemmonds10@illinois.edu",
        "programme": "CS",
        "courses": [
            "Java"
        ]
    },
    {
        "id": 747,
        "firstName": "Andras",
        "lastName": "Rodgerson",
        "email": "arodgerson7@biglobe.ne.jp",
        "programme": "CS",
        "courses": [
            "Data"
        ]
    },
    {
        "id": 748,
        "firstName": "Issi",
        "lastName": "Mountjoy",
        "email": "imountjoy17@army.mil",
        "programme": "CO",
        "courses": [
            "Hadoop"
        ]
    },
    {
        "id": 749,
        "firstName": "Donny",
        "lastName": "Ferre",
        "email": "dferren@pcworld.com",
        "programme": "ME",
        "courses": [
            "Data"
        ]
    },
    {
        "id": 750,
        "firstName": "Kyle",
        "lastName": "Thirtle",
        "email": "kthirtle1e@pcworld.com",
        "programme": "CO",
        "courses": [
            "C#"
        ]
    },
    {
        "id": 751,
        "firstName": "Nonna",
        "lastName": "Pietraszek",
        "email": "npietraszekj@constantcontact.com",
        "programme": "CO",
        "courses": [
            "Hadoop"
        ]
    },
    {
        "id": 752,
        "firstName": "Zsazsa",
        "lastName": "Newsham",
        "email": "znewsham1b@ibm.com",
        "programme": "CO",
        "courses": [
            "C#"
        ]
    },
    {
        "id": 753,
        "firstName": "Edee",
        "lastName": "Vaan",
        "email": "evaanc@ca.gov",
        "programme": "CS",
        "courses": [
            "Java"
        ]
    },
    {
        "id": 754,
        "firstName": "Calv",
        "lastName": "Ruff",
        "email": "cruff1i@geocities.jp",
        "programme": "CO",
        "courses": [
            "C#"
        ]
    },
    {
        "id": 755,
        "firstName": "Cordell",
        "lastName": "Sumption",
        "email": "csumptionr@skyrock.com",
        "programme": "CO",
        "courses": [
            "Hadoop"
        ]
    },
    {
        "id": 756,
        "firstName": "Alexander",
        "lastName": "Uman",
        "email": "aumanb@wiley.com",
        "programme": "ME",
        "courses": [
            "Hadoop"
        ]
    },
    {
        "id": 757,
        "firstName": "George",
        "lastName": "Farry",
        "email": "gfarryz@upenn.edu",
        "programme": "CS",
        "courses": [
            "Hadoop"
        ]
    },
    {
        "id": 758,
        "firstName": "Tressa",
        "lastName": "Windas",
        "email": "twindasp@imgur.com",
        "programme": "CO",
        "courses": [
            "Hadoop"
        ]
    },
    {
        "id": 759,
        "firstName": "Loren",
        "lastName": "Lanegran",
        "email": "llanegranw@eepurl.com",
        "programme": "ME",
        "courses": [
            "C#"
        ]
    },
    {
        "id": 760,
        "firstName": "Dixie",
        "lastName": "Phlippi",
        "email": "dphlippi18@free.fr",
        "programme": "CS",
        "courses": [
            "Data"
        ]
    },
    {
        "id": 761,
        "firstName": "Augustina",
        "lastName": "Gunning",
        "email": "agunning13@bing.com",
        "programme": "ME",
        "courses": [
            "Hadoop"
        ]
    },
    {
        "id": 762,
        "firstName": "Judi",
        "lastName": "Oxlade",
        "email": "joxlade6@qq.com",
        "programme": "CS",
        "courses": [
            "C#"
        ]
    },
    {
        "id": 763,
        "firstName": "Kayle",
        "lastName": "Lyston",
        "email": "klystony@networkadvertising.org",
        "programme": "CO",
        "courses": [
            "Java"
        ]
    },
    {
        "id": 764,
        "firstName": "Henry",
        "lastName": "Weinmann",
        "email": "hweinmann11@google.nl",
        "programme": "ME",
        "courses": [
            "C#"
        ]
    },
    {
        "id": 765,
        "firstName": "Arabele",
        "lastName": "Slopier",
        "email": "aslopierl@simplemachines.org",
        "programme": "CO",
        "courses": [
            "Hadoop"
        ]
    },
    {
        "id": 766,
        "firstName": "Guillermo",
        "lastName": "Hastings",
        "email": "ghastings16@amazon.com",
        "programme": "ME",
        "courses": [
            "C#"
        ]
    },
    {
        "id": 767,
        "firstName": "Silvia",
        "lastName": "Elijah",
        "email": "selijaho@foxnews.com",
        "programme": "CO",
        "courses": [
            "Hadoop"
        ]
    },
    {
        "id": 768,
        "firstName": "Jamal",
        "lastName": "Harewood",
        "email": "jharewoodf@bigcartel.com",
        "programme": "CO",
        "courses": [
            "C#"
        ]
    },
    {
        "id": 769,
        "firstName": "Jaquenette",
        "lastName": "Pinke",
        "email": "jpinke1n@mac.com",
        "programme": "CO",
        "courses": [
            "Hadoop"
        ]
    },
    {
        "id": 770,
        "firstName": "Aylmer",
        "lastName": "McChruiter",
        "email": "amcchruiter22@dropbox.com",
        "programme": "ME",
        "courses": [
            "Data"
        ]
    },
    {
        "id": 771,
        "firstName": "Zorine",
        "lastName": "Akehurst",
        "email": "zakehurst2l@imdb.com",
        "programme": "ME",
        "courses": [
            "C#"
        ]
    },
    {
        "id": 772,
        "firstName": "Odetta",
        "lastName": "Matthieson",
        "email": "omatthieson1s@bigcartel.com",
        "programme": "ME",
        "courses": [
            "C#"
        ]
    },
    {
        "id": 773,
        "firstName": "Latrina",
        "lastName": "Wesley",
        "email": "lwesley20@jimdo.com",
        "programme": "CO",
        "courses": [
            "Data"
        ]
    },
    {
        "id": 774,
        "firstName": "Osgood",
        "lastName": "Ottiwill",
        "email": "oottiwill2d@123-reg.co.uk",
        "programme": "CO",
        "courses": [
            "C#"
        ]
    },
    {
        "id": 775,
        "firstName": "Lon",
        "lastName": "Benedikt",
        "email": "lbenedikt1v@businessinsider.com",
        "programme": "CS",
        "courses": [
            "Data"
        ]
    },
    {
        "id": 776,
        "firstName": "Lolita",
        "lastName": "Monkley",
        "email": "lmonkley1t@tamu.edu",
        "programme": "CS",
        "courses": [
            "C#"
        ]
    },
    {
        "id": 777,
        "firstName": "Cathyleen",
        "lastName": "Stacy",
        "email": "cstacy2a@usa.gov",
        "programme": "ME",
        "courses": [
            "Hadoop"
        ]
    },
    {
        "id": 778,
        "firstName": "Angelica",
        "lastName": "Winchurst",
        "email": "awinchurst2e@msu.edu",
        "programme": "CS",
        "courses": [
            "Data"
        ]
    },
    {
        "id": 779,
        "firstName": "Aurea",
        "lastName": "Balderston",
        "email": "abalderston29@reuters.com",
        "programme": "CS",
        "courses": [
            "Hadoop"
        ]
    },
    {
        "id": 780,
        "firstName": "Izzy",
        "lastName": "Cholerton",
        "email": "icholerton1x@stanford.edu",
        "programme": "ME",
        "courses": [
            "Data"
        ]
    },
    {
        "id": 781,
        "firstName": "Chrysler",
        "lastName": "Alam",
        "email": "calam1w@surveymonkey.com",
        "programme": "ME",
        "courses": [
            "Hadoop"
        ]
    },
    {
        "id": 782,
        "firstName": "Minda",
        "lastName": "Cereceres",
        "email": "mcereceres1y@booking.com",
        "programme": "CS",
        "courses": [
            "C#"
        ]
    },
    {
        "id": 783,
        "firstName": "Ettie",
        "lastName": "Diable",
        "email": "ediable24@51.la",
        "programme": "CO",
        "courses": [
            "C#"
        ]
    },
    {
        "id": 784,
        "firstName": "Sharleen",
        "lastName": "Jermey",
        "email": "sjermey28@tumblr.com",
        "programme": "CS",
        "courses": [
            "Java"
        ]
    },
    {
        "id": 785,
        "firstName": "Zenia",
        "lastName": "Wickham",
        "email": "zwickham23@netvibes.com",
        "programme": "CO",
        "courses": [
            "Hadoop"
        ]
    },
    {
        "id": 786,
        "firstName": "Lewiss",
        "lastName": "Guy",
        "email": "lguy26@microsoft.com",
        "programme": "CS",
        "courses": [
            "C#"
        ]
    },
    {
        "id": 787,
        "firstName": "Loree",
        "lastName": "Eglise",
        "email": "leglise2b@qq.com",
        "programme": "CO",
        "courses": [
            "Data"
        ]
    },
    {
        "id": 788,
        "firstName": "Hilton",
        "lastName": "Mallinder",
        "email": "hmallinder1z@yellowbook.com",
        "programme": "CS",
        "courses": [
            "Java"
        ]
    },
    {
        "id": 789,
        "firstName": "Barnett",
        "lastName": "Doree",
        "email": "bdoree21@gizmodo.com",
        "programme": "CO",
        "courses": [
            "Java"
        ]
    },
    {
        "id": 790,
        "firstName": "Barnabe",
        "lastName": "Deveril",
        "email": "bdeveril2g@desdev.cn",
        "programme": "CS",
        "courses": [
            "Hadoop"
        ]
    },
    {
        "id": 791,
        "firstName": "Ashley",
        "lastName": "Core",
        "email": "acore2r@oakley.com",
        "programme": "CS",
        "courses": [
            "Data"
        ]
    },
    {
        "id": 792,
        "firstName": "Charleen",
        "lastName": "Menloe",
        "email": "cmenloe2n@chron.com",
        "programme": "CO",
        "courses": [
            "C#"
        ]
    },
    {
        "id": 793,
        "firstName": "Bernadine",
        "lastName": "Goeff",
        "email": "bgoeff2f@independent.co.uk",
        "programme": "CO",
        "courses": [
            "Java"
        ]
    },
    {
        "id": 794,
        "firstName": "Carlie",
        "lastName": "Blagbrough",
        "email": "cblagbrough27@pen.io",
        "programme": "ME",
        "courses": [
            "Java"
        ]
    },
    {
        "id": 795,
        "firstName": "Markos",
        "lastName": "De Giorgi",
        "email": "mdegiorgi25@bbc.co.uk",
        "programme": "ME",
        "courses": [
            "Java"
        ]
    },
    {
        "id": 796,
        "firstName": "Wyn",
        "lastName": "Kelner",
        "email": "wkelner1u@time.com",
        "programme": "CO",
        "courses": [
            "Data"
        ]
    },
    {
        "id": 797,
        "firstName": "Birdie",
        "lastName": "Sisselot",
        "email": "bsisselot2j@odnoklassniki.ru",
        "programme": "CS",
        "courses": [
            "Hadoop"
        ]
    },
    {
        "id": 798,
        "firstName": "Maddie",
        "lastName": "Broseke",
        "email": "mbroseke2o@usgs.gov",
        "programme": "ME",
        "courses": [
            "Hadoop"
        ]
    },
    {
        "id": 799,
        "firstName": "Ronnie",
        "lastName": "Burgan",
        "email": "rburgan2q@goo.ne.jp",
        "programme": "CO",
        "courses": [
            "Data"
        ]
    },
    {
        "id": 800,
        "firstName": "Lotti",
        "lastName": "Hillock",
        "email": "lhillock2c@theguardian.com",
        "programme": "ME",
        "courses": [
            "Hadoop"
        ]
    },
    {
        "id": 801,
        "firstName": "Ilyssa",
        "lastName": "Glennard",
        "email": "iglennard2m@columbia.edu",
        "programme": "CO",
        "courses": [
            "C#"
        ]
    },
    {
        "id": 802,
        "firstName": "Morgana",
        "lastName": "Quin",
        "email": "mquin2i@google.com.au",
        "programme": "CO",
        "courses": [
            "C#"
        ]
    },
    {
        "id": 803,
        "firstName": "Creigh",
        "lastName": "Klempke",
        "email": "cklempke2h@bbb.org",
        "programme": "CS",
        "courses": [
            "C#"
        ]
    },
    {
        "id": 804,
        "firstName": "Elane",
        "lastName": "Charopen",
        "email": "echaropen2p@dedecms.com",
        "programme": "CS",
        "courses": [
            "Hadoop"
        ]
    },
    {
        "id": 805,
        "firstName": "Connie",
        "lastName": "Yaxley",
        "email": "cyaxley2k@miitbeian.gov.cn",
        "programme": "CS",
        "courses": [
            "Hadoop"
        ]
    },
    {
        "id": 904,
        "firstName": "Velma",
        "lastName": "Kears",
        "email": "vkears1s@123-reg.co.uk",
        "programme": "CS",
        "courses": [
            "Data"
        ]
    },
    {
        "id": 905,
        "firstName": "Jonie",
        "lastName": "Bortoletti",
        "email": "jbortolettiq@cdc.gov",
        "programme": "CS",
        "courses": [
            "C#"
        ]
    },
    {
        "id": 906,
        "firstName": "Izak",
        "lastName": "Whelpdale",
        "email": "iwhelpdale1u@wired.com",
        "programme": "CO",
        "courses": [
            "Data"
        ]
    },
    {
        "id": 907,
        "firstName": "Vinnie",
        "lastName": "Wallbank",
        "email": "vwallbank1i@harvard.edu",
        "programme": "CO",
        "courses": [
            "C#"
        ]
    },
    {
        "id": 908,
        "firstName": "Georgetta",
        "lastName": "Chirm",
        "email": "gchirm1a@typepad.com",
        "programme": "CO",
        "courses": [
            "C#"
        ]
    },
    {
        "id": 909,
        "firstName": "Jan",
        "lastName": "Lummis",
        "email": "jlummis2@sina.com.cn",
        "programme": "CO",
        "courses": [
            "Data"
        ]
    },
    {
        "id": 910,
        "firstName": "Anni",
        "lastName": "Durgan",
        "email": "adurgan2q@yellowbook.com",
        "programme": "CS",
        "courses": [
            "Hadoop"
        ]
    },
    {
        "id": 911,
        "firstName": "Guinna",
        "lastName": "Masham",
        "email": "gmasham2e@un.org",
        "programme": "CO",
        "courses": [
            "Hadoop"
        ]
    },
    {
        "id": 912,
        "firstName": "Peri",
        "lastName": "Toffalo",
        "email": "ptoffalos@google.de",
        "programme": "ME",
        "courses": [
            "Data"
        ]
    },
    {
        "id": 913,
        "firstName": "Alyosha",
        "lastName": "McVicker",
        "email": "amcvicker12@chicagotribune.com",
        "programme": "CS",
        "courses": [
            "C#"
        ]
    },
    {
        "id": 914,
        "firstName": "Dominique",
        "lastName": "Passie",
        "email": "dpassie9@buzzfeed.com",
        "programme": "CO",
        "courses": [
            "Java"
        ]
    },
    {
        "id": 915,
        "firstName": "Zollie",
        "lastName": "Pryer",
        "email": "zpryer2l@ezinearticles.com",
        "programme": "CO",
        "courses": [
            "Data"
        ]
    },
    {
        "id": 916,
        "firstName": "Micki",
        "lastName": "Wetwood",
        "email": "mwetwood13@wired.com",
        "programme": "ME",
        "courses": [
            "Java"
        ]
    },
    {
        "id": 917,
        "firstName": "Cross",
        "lastName": "Gallihawk",
        "email": "cgallihawk1n@answers.com",
        "programme": "CS",
        "courses": [
            "Java"
        ]
    },
    {
        "id": 918,
        "firstName": "Marlin",
        "lastName": "Plunket",
        "email": "mplunket2b@whitehouse.gov",
        "programme": "CO",
        "courses": [
            "C#"
        ]
    },
    {
        "id": 919,
        "firstName": "Emili",
        "lastName": "Feldman",
        "email": "efeldman1j@hibu.com",
        "programme": "CO",
        "courses": [
            "Java"
        ]
    },
    {
        "id": 920,
        "firstName": "Dominik",
        "lastName": "Halden",
        "email": "dhaldenr@free.fr",
        "programme": "CO",
        "courses": [
            "C#"
        ]
    },
    {
        "id": 921,
        "firstName": "Rodi",
        "lastName": "Georgeou",
        "email": "rgeorgeou22@google.fr",
        "programme": "CS",
        "courses": [
            "Hadoop"
        ]
    },
    {
        "id": 922,
        "firstName": "Seana",
        "lastName": "Lynds",
        "email": "slynds27@symantec.com",
        "programme": "CS",
        "courses": [
            "Java"
        ]
    },
    {
        "id": 923,
        "firstName": "Karisa",
        "lastName": "Partrick",
        "email": "kpartrick2h@va.gov",
        "programme": "CS",
        "courses": [
            "Java"
        ]
    },
    {
        "id": 924,
        "firstName": "Borden",
        "lastName": "Panchin",
        "email": "bpanchin26@japanpost.jp",
        "programme": "CS",
        "courses": [
            "Hadoop"
        ]
    },
    {
        "id": 925,
        "firstName": "Aubrey",
        "lastName": "Chappelow",
        "email": "achappelowt@etsy.com",
        "programme": "ME",
        "courses": [
            "Data"
        ]
    },
    {
        "id": 926,
        "firstName": "Deidre",
        "lastName": "Seel",
        "email": "dseel1@jalbum.net",
        "programme": "ME",
        "courses": [
            "Java"
        ]
    },
    {
        "id": 927,
        "firstName": "Zolly",
        "lastName": "Mallen",
        "email": "zmallenv@narod.ru",
        "programme": "CS",
        "courses": [
            "Java"
        ]
    },
    {
        "id": 928,
        "firstName": "Ariella",
        "lastName": "Denniston",
        "email": "adenniston16@shop-pro.jp",
        "programme": "CO",
        "courses": [
            "Hadoop"
        ]
    },
    {
        "id": 929,
        "firstName": "Merle",
        "lastName": "Francklin",
        "email": "mfrancklin2a@yahoo.com",
        "programme": "CO",
        "courses": [
            "C#"
        ]
    },
    {
        "id": 930,
        "firstName": "Ginni",
        "lastName": "Newens",
        "email": "gnewensf@adobe.com",
        "programme": "ME",
        "courses": [
            "C#"
        ]
    },
    {
        "id": 931,
        "firstName": "Candida",
        "lastName": "Kassman",
        "email": "ckassmanh@bloglovin.com",
        "programme": "ME",
        "courses": [
            "Hadoop"
        ]
    },
    {
        "id": 932,
        "firstName": "Josephine",
        "lastName": "Dingwall",
        "email": "jdingwallj@google.ca",
        "programme": "CS",
        "courses": [
            "Hadoop"
        ]
    },
    {
        "id": 933,
        "firstName": "Mitzi",
        "lastName": "Van der Linde",
        "email": "mvanderlinde1p@nih.gov",
        "programme": "ME",
        "courses": [
            "Data"
        ]
    },
    {
        "id": 934,
        "firstName": "Bibby",
        "lastName": "Longcake",
        "email": "blongcakep@mozilla.com",
        "programme": "CO",
        "courses": [
            "Java"
        ]
    },
    {
        "id": 935,
        "firstName": "Demetria",
        "lastName": "Sherer",
        "email": "dsherer17@seattletimes.com",
        "programme": "CO",
        "courses": [
            "Java"
        ]
    },
    {
        "id": 936,
        "firstName": "Nanci",
        "lastName": "Teasey",
        "email": "nteaseyk@163.com",
        "programme": "CS",
        "courses": [
            "Hadoop"
        ]
    },
    {
        "id": 937,
        "firstName": "Valentine",
        "lastName": "Pimm",
        "email": "vpimm2n@xing.com",
        "programme": "CS",
        "courses": [
            "Data"
        ]
    },
    {
        "id": 938,
        "firstName": "Cyb",
        "lastName": "Penner",
        "email": "cpenner2j@weather.com",
        "programme": "CS",
        "courses": [
            "Java"
        ]
    },
    {
        "id": 939,
        "firstName": "Dur",
        "lastName": "Inge",
        "email": "dinge1f@ihg.com",
        "programme": "ME",
        "courses": [
            "Hadoop"
        ]
    },
    {
        "id": 940,
        "firstName": "Harvey",
        "lastName": "Droghan",
        "email": "hdroghan11@w3.org",
        "programme": "CS",
        "courses": [
            "C#"
        ]
    },
    {
        "id": 941,
        "firstName": "Dmitri",
        "lastName": "Kilford",
        "email": "dkilford28@wordpress.com",
        "programme": "ME",
        "courses": [
            "Hadoop"
        ]
    },
    {
        "id": 942,
        "firstName": "Jinny",
        "lastName": "Vitet",
        "email": "jviteti@cdc.gov",
        "programme": "CS",
        "courses": [
            "Java"
        ]
    },
    {
        "id": 943,
        "firstName": "Farlie",
        "lastName": "Callendar",
        "email": "fcallendarx@nymag.com",
        "programme": "CO",
        "courses": [
            "Data"
        ]
    },
    {
        "id": 944,
        "firstName": "Tarra",
        "lastName": "Phin",
        "email": "tphin2o@hexun.com",
        "programme": "CO",
        "courses": [
            "C#"
        ]
    },
    {
        "id": 945,
        "firstName": "Hayden",
        "lastName": "Abbay",
        "email": "habbay1w@smh.com.au",
        "programme": "CO",
        "courses": [
            "Java"
        ]
    },
    {
        "id": 946,
        "firstName": "Idelle",
        "lastName": "Worms",
        "email": "iwormsd@about.com",
        "programme": "CO",
        "courses": [
            "C#"
        ]
    },
    {
        "id": 947,
        "firstName": "Josselyn",
        "lastName": "Borrows",
        "email": "jborrows1y@webmd.com",
        "programme": "CS",
        "courses": [
            "Hadoop"
        ]
    },
    {
        "id": 948,
        "firstName": "Gabbi",
        "lastName": "Wordington",
        "email": "gwordington3@barnesandnoble.com",
        "programme": "ME",
        "courses": [
            "Hadoop"
        ]
    },
    {
        "id": 949,
        "firstName": "Horatio",
        "lastName": "Pow",
        "email": "hpow1t@posterous.com",
        "programme": "CO",
        "courses": [
            "Data"
        ]
    },
    {
        "id": 950,
        "firstName": "Evy",
        "lastName": "Hurn",
        "email": "ehurng@netvibes.com",
        "programme": "CS",
        "courses": [
            "Data"
        ]
    },
    {
        "id": 951,
        "firstName": "Monika",
        "lastName": "Thurlby",
        "email": "mthurlby2m@hibu.com",
        "programme": "CO",
        "courses": [
            "Hadoop"
        ]
    },
    {
        "id": 952,
        "firstName": "Xenia",
        "lastName": "Meeks",
        "email": "xmeeks1o@google.co.uk",
        "programme": "CS",
        "courses": [
            "C#"
        ]
    },
    {
        "id": 953,
        "firstName": "Lacy",
        "lastName": "Bourchier",
        "email": "lbourchiern@narod.ru",
        "programme": "CS",
        "courses": [
            "Hadoop"
        ]
    },
    {
        "id": 954,
        "firstName": "Rakel",
        "lastName": "Lecount",
        "email": "rlecount5@nasa.gov",
        "programme": "CO",
        "courses": [
            "Hadoop"
        ]
    },
    {
        "id": 955,
        "firstName": "Wildon",
        "lastName": "Caccavale",
        "email": "wcaccavaley@mashable.com",
        "programme": "CO",
        "courses": [
            "C#"
        ]
    },
    {
        "id": 956,
        "firstName": "Bernita",
        "lastName": "Normabell",
        "email": "bnormabell1c@last.fm",
        "programme": "CS",
        "courses": [
            "Java"
        ]
    },
    {
        "id": 957,
        "firstName": "Carlos",
        "lastName": "Markwell",
        "email": "cmarkwellb@ft.com",
        "programme": "ME",
        "courses": [
            "Data"
        ]
    },
    {
        "id": 958,
        "firstName": "Mirabella",
        "lastName": "De la Yglesia",
        "email": "mdelayglesia20@flavors.me",
        "programme": "CS",
        "courses": [
            "Hadoop"
        ]
    },
    {
        "id": 959,
        "firstName": "Hynda",
        "lastName": "Yurinov",
        "email": "hyurinovz@ezinearticles.com",
        "programme": "CS",
        "courses": [
            "Hadoop"
        ]
    },
    {
        "id": 960,
        "firstName": "Chelsae",
        "lastName": "Weedenburg",
        "email": "cweedenburg2k@amazon.com",
        "programme": "CS",
        "courses": [
            "C#"
        ]
    },
    {
        "id": 961,
        "firstName": "Lily",
        "lastName": "Metzke",
        "email": "lmetzke1q@pagesperso-orange.fr",
        "programme": "CS",
        "courses": [
            "Hadoop"
        ]
    },
    {
        "id": 962,
        "firstName": "Ludvig",
        "lastName": "Michele",
        "email": "lmichele18@cnet.com",
        "programme": "CS",
        "courses": [
            "C#"
        ]
    },
    {
        "id": 963,
        "firstName": "Gregoor",
        "lastName": "Causer",
        "email": "gcauser10@toplist.cz",
        "programme": "ME",
        "courses": [
            "Java"
        ]
    },
    {
        "id": 964,
        "firstName": "Ericka",
        "lastName": "Aysh",
        "email": "eaysh1m@constantcontact.com",
        "programme": "CS",
        "courses": [
            "Hadoop"
        ]
    },
    {
        "id": 965,
        "firstName": "Hilarius",
        "lastName": "Chetham",
        "email": "hchetham1r@live.com",
        "programme": "ME",
        "courses": [
            "Data"
        ]
    },
    {
        "id": 966,
        "firstName": "Tabbitha",
        "lastName": "Cristofvao",
        "email": "tcristofvaoe@economist.com",
        "programme": "CO",
        "courses": [
            "Data"
        ]
    },
    {
        "id": 967,
        "firstName": "Humfrid",
        "lastName": "Behning",
        "email": "hbehning6@slideshare.net",
        "programme": "CS",
        "courses": [
            "Java"
        ]
    },
    {
        "id": 968,
        "firstName": "Phoebe",
        "lastName": "Stevens",
        "email": "pstevens2p@tinyurl.com",
        "programme": "CO",
        "courses": [
            "Hadoop"
        ]
    },
    {
        "id": 969,
        "firstName": "Muire",
        "lastName": "Chartre",
        "email": "mchartrec@usgs.gov",
        "programme": "CS",
        "courses": [
            "Java"
        ]
    },
    {
        "id": 970,
        "firstName": "Findley",
        "lastName": "Dring",
        "email": "fdringl@bbc.co.uk",
        "programme": "CS",
        "courses": [
            "Data"
        ]
    },
    {
        "id": 971,
        "firstName": "Mikkel",
        "lastName": "Jaukovic",
        "email": "mjaukovic23@wordpress.org",
        "programme": "CO",
        "courses": [
            "Data"
        ]
    },
    {
        "id": 972,
        "firstName": "Jacinta",
        "lastName": "Edwicker",
        "email": "jedwicker15@deviantart.com",
        "programme": "ME",
        "courses": [
            "Data"
        ]
    },
    {
        "id": 973,
        "firstName": "Ferrel",
        "lastName": "Havoc",
        "email": "fhavoc1z@aboutads.info",
        "programme": "CO",
        "courses": [
            "C#"
        ]
    },
    {
        "id": 974,
        "firstName": "Cordi",
        "lastName": "Goodbarne",
        "email": "cgoodbarne2c@woothemes.com",
        "programme": "ME",
        "courses": [
            "C#"
        ]
    },
    {
        "id": 975,
        "firstName": "Gilburt",
        "lastName": "Cuesta",
        "email": "gcuesta25@livejournal.com",
        "programme": "CO",
        "courses": [
            "Data"
        ]
    },
    {
        "id": 976,
        "firstName": "Wilhelmina",
        "lastName": "Eake",
        "email": "weake21@ow.ly",
        "programme": "CO",
        "courses": [
            "Hadoop"
        ]
    },
    {
        "id": 977,
        "firstName": "Jackqueline",
        "lastName": "Lightman",
        "email": "jlightman4@wsj.com",
        "programme": "CS",
        "courses": [
            "Data"
        ]
    },
    {
        "id": 978,
        "firstName": "Tomasina",
        "lastName": "Horsell",
        "email": "thorsell0@msu.edu",
        "programme": "CO",
        "courses": [
            "Data"
        ]
    },
    {
        "id": 979,
        "firstName": "Truman",
        "lastName": "Burnhill",
        "email": "tburnhill2r@surveymonkey.com",
        "programme": "ME",
        "courses": [
            "Hadoop"
        ]
    },
    {
        "id": 980,
        "firstName": "Brigitta",
        "lastName": "Padbery",
        "email": "bpadbery7@liveinternet.ru",
        "programme": "CS",
        "courses": [
            "Java"
        ]
    },
    {
        "id": 981,
        "firstName": "Ikey",
        "lastName": "Ellcock",
        "email": "iellcock19@usnews.com",
        "programme": "CO",
        "courses": [
            "C#"
        ]
    },
    {
        "id": 982,
        "firstName": "Anett",
        "lastName": "Domico",
        "email": "adomico8@sbwire.com",
        "programme": "ME",
        "courses": [
            "Hadoop"
        ]
    },
    {
        "id": 983,
        "firstName": "Angy",
        "lastName": "Jonas",
        "email": "ajonaso@t-online.de",
        "programme": "ME",
        "courses": [
            "Data"
        ]
    },
    {
        "id": 984,
        "firstName": "Dela",
        "lastName": "Alfonso",
        "email": "dalfonso2d@techcrunch.com",
        "programme": "ME",
        "courses": [
            "C#"
        ]
    },
    {
        "id": 985,
        "firstName": "Parsifal",
        "lastName": "Faint",
        "email": "pfaint1e@patch.com",
        "programme": "ME",
        "courses": [
            "C#"
        ]
    },
    {
        "id": 986,
        "firstName": "Cirillo",
        "lastName": "Erlam",
        "email": "cerlamw@cmu.edu",
        "programme": "CO",
        "courses": [
            "Java"
        ]
    },
    {
        "id": 987,
        "firstName": "Arlette",
        "lastName": "Meates",
        "email": "ameates29@dailymail.co.uk",
        "programme": "CS",
        "courses": [
            "Data"
        ]
    },
    {
        "id": 988,
        "firstName": "Kary",
        "lastName": "Blaisdell",
        "email": "kblaisdellu@tuttocitta.it",
        "programme": "CO",
        "courses": [
            "Data"
        ]
    },
    {
        "id": 989,
        "firstName": "Chan",
        "lastName": "Eakley",
        "email": "ceakley1h@networkadvertising.org",
        "programme": "CO",
        "courses": [
            "C#"
        ]
    },
    {
        "id": 990,
        "firstName": "Reiko",
        "lastName": "Held",
        "email": "rheld1x@yale.edu",
        "programme": "CO",
        "courses": [
            "C#"
        ]
    },
    {
        "id": 991,
        "firstName": "Francoise",
        "lastName": "McGeagh",
        "email": "fmcgeagh2f@g.co",
        "programme": "ME",
        "courses": [
            "Data"
        ]
    },
    {
        "id": 992,
        "firstName": "Pippy",
        "lastName": "Delafont",
        "email": "pdelafont1k@networksolutions.com",
        "programme": "CS",
        "courses": [
            "Data"
        ]
    },
    {
        "id": 993,
        "firstName": "Mildred",
        "lastName": "Peterkin",
        "email": "mpeterkin24@disqus.com",
        "programme": "ME",
        "courses": [
            "Data"
        ]
    },
    {
        "id": 994,
        "firstName": "Damita",
        "lastName": "Offin",
        "email": "doffin2g@deviantart.com",
        "programme": "ME",
        "courses": [
            "Java"
        ]
    },
    {
        "id": 995,
        "firstName": "Kerianne",
        "lastName": "Eltone",
        "email": "keltone2i@mashable.com",
        "programme": "CS",
        "courses": [
            "Data"
        ]
    },
    {
        "id": 996,
        "firstName": "Jeramie",
        "lastName": "Millea",
        "email": "jmilleam@hatena.ne.jp",
        "programme": "CO",
        "courses": [
            "C#"
        ]
    },
    {
        "id": 997,
        "firstName": "Coralie",
        "lastName": "Rodgerson",
        "email": "crodgerson1d@un.org",
        "programme": "ME",
        "courses": [
            "Hadoop"
        ]
    },
    {
        "id": 998,
        "firstName": "Edmund",
        "lastName": "Petrulis",
        "email": "epetrulis1v@intel.com",
        "programme": "CO",
        "courses": [
            "Hadoop"
        ]
    },
    {
        "id": 999,
        "firstName": "Bellanca",
        "lastName": "Honnan",
        "email": "bhonnan1b@shop-pro.jp",
        "programme": "ME",
        "courses": [
            "C#"
        ]
    },
    {
        "id": 1000,
        "firstName": "Vania",
        "lastName": "De Bischof",
        "email": "vdebischof1g@newyorker.com",
        "programme": "CO",
        "courses": [
            "Hadoop"
        ]
    },
    {
        "id": 1001,
        "firstName": "Analiese",
        "lastName": "Venton",
        "email": "aventona@shop-pro.jp",
        "programme": "CS",
        "courses": [
            "Java"
        ]
    },
    {
        "id": 1002,
        "firstName": "Erskine",
        "lastName": "Barrass",
        "email": "ebarrass1l@hugedomains.com",
        "programme": "ME",
        "courses": [
            "Java"
        ]
    },
    {
        "id": 1003,
        "firstName": "Abra",
        "lastName": "Rollinshaw",
        "email": "arollinshaw14@ustream.tv",
        "programme": "CO",
        "courses": [
            "Data"
        ]
    },
    {
        "id": 1004,
        "firstName": "SMOKEUSER60348",
        "lastName": "SMOKEUSER83557",
        "email": "51995xyz@gmail.com",
        "programme": "Computer Science",
        "courses": [
            "JAVA",
            "C++"
        ]
    },
    {
        "id": 1005,
        "firstName": "SMOKEUSER53909",
        "lastName": "SMOKEUSER23664",
        "email": "80260xyz@gmail.com",
        "programme": "Computer Science",
        "courses": [
            "JAVA",
            "C++"
        ]
    },
    {
        "id": 1006,
        "firstName": "SMOKEUSER3620",
        "lastName": "SMOKEUSER78210",
        "email": "64303xyz@gmail.com",
        "programme": "Computer Science",
        "courses": [
            "JAVA",
            "C++"
        ]
    },
    {
        "id": 1007,
        "firstName": "SMOKEUSER12376",
        "lastName": "SMOKEUSER80927",
        "email": "89028xyz@gmail.com",
        "programme": "Computer Science",
        "courses": [
            "JAVA",
            "C++"
        ]
    },
    {
        "id": 1008,
        "firstName": "SMOKEUSER26465",
        "lastName": "SMOKEUSER68423",
        "email": "57548xyz@gmail.com",
        "programme": "Computer Science",
        "courses": [
            "JAVA",
            "C++"
        ]
    },
    {
        "id": 1009,
        "firstName": "SMOKEUSER6546",
        "lastName": "SMOKEUSER97342",
        "email": "49624xyz@gmail.com",
        "programme": "Computer Science",
        "courses": [
            "JAVA",
            "C++"
        ]
    },
    {
        "id": 1010,
        "firstName": "SMOKEUSER97343",
        "lastName": "SMOKEUSER85053",
        "email": "438xyz@gmail.com",
        "programme": "Computer Science",
        "courses": [
            "JAVA",
            "C++"
        ]
    },
    {
        "id": 1011,
        "firstName": "SMOKEUSER5462",
        "lastName": "SMOKEUSER78462",
        "email": "86863xyz@gmail.com",
        "programme": "Computer Science",
        "courses": [
            "JAVA",
            "C++"
        ]
    },
    {
        "id": 1012,
        "firstName": "SMOKEUSER65770",
        "lastName": "SMOKEUSER97066",
        "email": "31112xyz@gmail.com",
        "programme": "Computer Science",
        "courses": [
            "JAVA",
            "C++"
        ]
    }
]
]]></system-out>
  </testcase>
  <testcase name="thisIsAFailingTests" classname="com.studentapp.junit.studentinfo.FirstSerenityTest" time="0.107">
    <failure message="1 expectation failed.&#10;Expected status code &lt;500&gt; but was &lt;200&gt;.&#10;" type="java.lang.AssertionError"><![CDATA[java.lang.AssertionError: 
1 expectation failed.
Expected status code <500> but was <200>.

	at com.studentapp.junit.studentinfo.FirstSerenityTest.thisIsAFailingTests(FirstSerenityTest.java:47)
]]></failure>
    <system-out><![CDATA[HTTP/1.1 200 
Content-Type: application/json;charset=UTF-8
Transfer-Encoding: chunked
Date: Sat, 30 Sep 2023 13:16:00 GMT

[
    {
        "id": 10,
        "firstName": "Todd",
        "lastName": "Beck",
        "email": "Fusce.dolor.quam@commodoauctor.org",
        "programme": "Financial Analysis",
        "courses": [
            "Accounting",
            "Statistics"
        ]
    },
    {
        "id": 11,
        "firstName": "Giacomo",
        "lastName": "Raphael",
        "email": "magnis.dis@idmagnaet.com",
        "programme": "Medicine",
        "courses": [
            "Anatomy",
            "Biochemistry",
            "Genetics",
            "Human Behavior."
        ]
    },
    {
        "id": 12,
        "firstName": "Chadwick",
        "lastName": "Lawrence",
        "email": "turpis.non.enim@sociisnatoque.com",
        "programme": "Criminology",
        "courses": [
            "Criminal Mind",
            "Gender, Crime and Justice ",
            "Philosophy of Law "
        ]
    },
    {
        "id": 13,
        "firstName": "Zachary",
        "lastName": "Vance",
        "email": "In.tincidunt.congue@Quisque.com",
        "programme": "Criminology",
        "courses": [
            "Criminal Mind",
            "Gender, Crime and Justice ",
            "Philosophy of Law "
        ]
    },
    {
        "id": 14,
        "firstName": "Denton",
        "lastName": "Walker",
        "email": "Integer.sem@iaculisodioNam.edu",
        "programme": "Mechanical Engineering",
        "courses": [
            "Machine Element Design",
            "Engineering Analysis I",
            "Calculus & Linear Algebra I "
        ]
    },
    {
        "id": 15,
        "firstName": "Hakeem",
        "lastName": "Fitzgerald",
        "email": "accumsan@luctuset.edu",
        "programme": "Financial Analysis",
        "courses": [
            "Accounting",
            "Statistics"
        ]
    },
    {
        "id": 16,
        "firstName": "Jakeem",
        "lastName": "Philip",
        "email": "montes.nascetur.ridiculus@loremDonec.com",
        "programme": "Mechanical Engineering",
        "courses": [
            "Machine Element Design",
            "Engineering Analysis I",
            "Calculus & Linear Algebra I "
        ]
    },
    {
        "id": 17,
        "firstName": "Amal",
        "lastName": "Emery",
        "email": "turpis.egestas.Aliquam@fermentum.net",
        "programme": "Computer Science",
        "courses": [
            "Calculus",
            "Algorithms",
            "Software Development",
            "Ethics"
        ]
    },
    {
        "id": 18,
        "firstName": "Reed",
        "lastName": "Wylie",
        "email": "Suspendisse.aliquet.sem@atrisus.org",
        "programme": "Medicine",
        "courses": [
            "Anatomy",
            "Biochemistry",
            "Genetics",
            "Human Behavior."
        ]
    },
    {
        "id": 19,
        "firstName": "Lev",
        "lastName": "Philip",
        "email": "dolor.elit.pellentesque@enimEtiamimperdiet.ca",
        "programme": "Computer Science",
        "courses": [
            "Calculus",
            "Algorithms",
            "Software Development",
            "Ethics"
        ]
    },
    {
        "id": 20,
        "firstName": "Lamar",
        "lastName": "Berk",
        "email": "leo.Vivamus@sit.org",
        "programme": "Medicine",
        "courses": [
            "Anatomy",
            "Biochemistry",
            "Genetics",
            "Human Behavior."
        ]
    },
    {
        "id": 21,
        "firstName": "Nathaniel",
        "lastName": "Colton",
        "email": "hendrerit@et.co.uk",
        "programme": "Medicine",
        "courses": [
            "Anatomy",
            "Biochemistry",
            "Genetics",
            "Human Behavior."
        ]
    },
    {
        "id": 22,
        "firstName": "Kennan",
        "lastName": "Jacob",
        "email": "vel.vulputate@vitaedolorDonec.ca",
        "programme": "Financial Analysis",
        "courses": [
            "Accounting",
            "Statistics"
        ]
    },
    {
        "id": 23,
        "firstName": "Omar",
        "lastName": "Colt",
        "email": "venenatis.a@Pellentesque.co.uk",
        "programme": "Mechanical Engineering",
        "courses": [
            "Machine Element Design",
            "Engineering Analysis I",
            "Calculus & Linear Algebra I "
        ]
    },
    {
        "id": 24,
        "firstName": "Tanek",
        "lastName": "Scott",
        "email": "Sed.malesuada@porttitoreros.ca",
        "programme": "Criminology",
        "courses": [
            "Criminal Mind",
            "Gender, Crime and Justice ",
            "Philosophy of Law "
        ]
    },
    {
        "id": 25,
        "firstName": "Paki",
        "lastName": "Samson",
        "email": "ornare@Mauriseuturpis.edu",
        "programme": "Law",
        "courses": [
            "Criminal Law",
            "Constitutional Law",
            "Property Law",
            "Contracts"
        ]
    },
    {
        "id": 26,
        "firstName": "James",
        "lastName": "Jonah",
        "email": "Nullam@Cras.net",
        "programme": "Mechanical Engineering",
        "courses": [
            "Machine Element Design",
            "Engineering Analysis I",
            "Calculus & Linear Algebra I "
        ]
    },
    {
        "id": 27,
        "firstName": "Cade",
        "lastName": "Vernon",
        "email": "pharetra.sed@Aliquamvulputateullamcorper.ca",
        "programme": "Mechanical Engineering",
        "courses": [
            "Machine Element Design",
            "Engineering Analysis I",
            "Calculus & Linear Algebra I "
        ]
    },
    {
        "id": 28,
        "firstName": "Quentin",
        "lastName": "Chadwick",
        "email": "sed.turpis.nec@risusQuisque.ca",
        "programme": "Mechanical Engineering",
        "courses": [
            "Machine Element Design",
            "Engineering Analysis I",
            "Calculus & Linear Algebra I "
        ]
    },
    {
        "id": 29,
        "firstName": "Arden",
        "lastName": "Abel",
        "email": "consequat.enim@ultricessit.com",
        "programme": "Law",
        "courses": [
            "Criminal Law",
            "Constitutional Law",
            "Property Law",
            "Contracts"
        ]
    },
    {
        "id": 30,
        "firstName": "Lars",
        "lastName": "Keith",
        "email": "Fusce@Quisquefringillaeuismod.org",
        "programme": "Medicine",
        "courses": [
            "Anatomy",
            "Biochemistry",
            "Genetics",
            "Human Behavior."
        ]
    },
    {
        "id": 31,
        "firstName": "Emmanuel",
        "lastName": "Gavin",
        "email": "ornare.libero@perinceptoshymenaeos.co.uk",
        "programme": "Criminology",
        "courses": [
            "Criminal Mind",
            "Gender, Crime and Justice ",
            "Philosophy of Law "
        ]
    },
    {
        "id": 32,
        "firstName": "Noah",
        "lastName": "Oren",
        "email": "Proin.vel@placerat.org",
        "programme": "Law",
        "courses": [
            "Criminal Law",
            "Constitutional Law",
            "Property Law",
            "Contracts"
        ]
    },
    {
        "id": 33,
        "firstName": "Mason",
        "lastName": "Barry",
        "email": "id@incursus.co.uk",
        "programme": "Law",
        "courses": [
            "Criminal Law",
            "Constitutional Law",
            "Property Law",
            "Contracts"
        ]
    },
    {
        "id": 34,
        "firstName": "Elliott",
        "lastName": "Brady",
        "email": "Vestibulum@adlitora.net",
        "programme": "Law",
        "courses": [
            "Criminal Law",
            "Constitutional Law",
            "Property Law",
            "Contracts"
        ]
    },
    {
        "id": 35,
        "firstName": "Nero",
        "lastName": "Brett",
        "email": "amet.ante@sit.com",
        "programme": "Disaster Management",
        "courses": [
            "Disaster Preparedness"
        ]
    },
    {
        "id": 36,
        "firstName": "Elvis",
        "lastName": "Abraham",
        "email": "neque@interdumfeugiat.net",
        "programme": "Disaster Management",
        "courses": [
            "Disaster Preparedness"
        ]
    },
    {
        "id": 37,
        "firstName": "Kieran",
        "lastName": "Ross",
        "email": "magnis.dis.parturient@laciniaorci.edu",
        "programme": "Disaster Management",
        "courses": [
            "Disaster Preparedness"
        ]
    },
    {
        "id": 38,
        "firstName": "Noah",
        "lastName": "Merrill",
        "email": "et@ipsum.net",
        "programme": "Medicine",
        "courses": [
            "Anatomy",
            "Biochemistry",
            "Genetics",
            "Human Behavior."
        ]
    },
    {
        "id": 39,
        "firstName": "Peter",
        "lastName": "Noble",
        "email": "turpis@sagittisplaceratCras.ca",
        "programme": "Computer Science",
        "courses": [
            "Calculus",
            "Algorithms",
            "Software Development",
            "Ethics"
        ]
    },
    {
        "id": 40,
        "firstName": "Axel",
        "lastName": "Bradley",
        "email": "ridiculus.mus@tempus.net",
        "programme": "Mechanical Engineering",
        "courses": [
            "Machine Element Design",
            "Engineering Analysis I",
            "Calculus & Linear Algebra I "
        ]
    },
    {
        "id": 41,
        "firstName": "Hashim",
        "lastName": "Chancellor",
        "email": "at.pretium@eleifendvitae.net",
        "programme": "Medicine",
        "courses": [
            "Anatomy",
            "Biochemistry",
            "Genetics",
            "Human Behavior."
        ]
    },
    {
        "id": 42,
        "firstName": "Alan",
        "lastName": "Connor",
        "email": "vel.turpis.Aliquam@metus.org",
        "programme": "Mechanical Engineering",
        "courses": [
            "Machine Element Design",
            "Engineering Analysis I",
            "Calculus & Linear Algebra I "
        ]
    },
    {
        "id": 43,
        "firstName": "Abel",
        "lastName": "Rudyard",
        "email": "orci.luctus.et@posuere.com",
        "programme": "Computer Science",
        "courses": [
            "Calculus",
            "Algorithms",
            "Software Development",
            "Ethics"
        ]
    },
    {
        "id": 44,
        "firstName": "Cedric",
        "lastName": "Zeus",
        "email": "Quisque.tincidunt@nullaanteiaculis.co.uk",
        "programme": "Law",
        "courses": [
            "Criminal Law",
            "Constitutional Law",
            "Property Law",
            "Contracts"
        ]
    },
    {
        "id": 45,
        "firstName": "Boris",
        "lastName": "Kato",
        "email": "dictum@tortorInteger.org",
        "programme": "Medicine",
        "courses": [
            "Anatomy",
            "Biochemistry",
            "Genetics",
            "Human Behavior."
        ]
    },
    {
        "id": 46,
        "firstName": "Walter",
        "lastName": "Phelan",
        "email": "diam@nectellusNunc.edu",
        "programme": "Law",
        "courses": [
            "Criminal Law",
            "Constitutional Law",
            "Property Law",
            "Contracts"
        ]
    },
    {
        "id": 47,
        "firstName": "Preston",
        "lastName": "Branden",
        "email": "sagittis.semper@urnaNullam.net",
        "programme": "Criminology",
        "courses": [
            "Criminal Mind",
            "Gender, Crime and Justice ",
            "Philosophy of Law "
        ]
    },
    {
        "id": 48,
        "firstName": "Kane",
        "lastName": "Alec",
        "email": "dignissim.Maecenas.ornare@adui.edu",
        "programme": "Law",
        "courses": [
            "Criminal Law",
            "Constitutional Law",
            "Property Law",
            "Contracts"
        ]
    },
    {
        "id": 49,
        "firstName": "Igor",
        "lastName": "Ezra",
        "email": "cursus.non.egestas@laciniaorci.net",
        "programme": "Criminology",
        "courses": [
            "Criminal Mind",
            "Gender, Crime and Justice ",
            "Philosophy of Law "
        ]
    },
    {
        "id": 50,
        "firstName": "Yoshio",
        "lastName": "Kato",
        "email": "Vivamus.rhoncus@semutcursus.ca",
        "programme": "Disaster Management",
        "courses": [
            "Disaster Preparedness"
        ]
    },
    {
        "id": 51,
        "firstName": "Fletcher",
        "lastName": "Vance",
        "email": "orci.lacus@hendreritDonecporttitor.net",
        "programme": "Computer Science",
        "courses": [
            "Calculus",
            "Algorithms",
            "Software Development",
            "Ethics"
        ]
    },
    {
        "id": 52,
        "firstName": "Burton",
        "lastName": "Merrill",
        "email": "mauris@malesuada.ca",
        "programme": "Law",
        "courses": [
            "Criminal Law",
            "Constitutional Law",
            "Property Law",
            "Contracts"
        ]
    },
    {
        "id": 53,
        "firstName": "Rafael",
        "lastName": "Vladimir",
        "email": "mauris.ipsum.porta@sit.ca",
        "programme": "Law",
        "courses": [
            "Criminal Law",
            "Constitutional Law",
            "Property Law",
            "Contracts"
        ]
    },
    {
        "id": 54,
        "firstName": "Dolan",
        "lastName": "Hyatt",
        "email": "augue.malesuada@Pellentesqueut.net",
        "programme": "Computer Science",
        "courses": [
            "Calculus",
            "Algorithms",
            "Software Development",
            "Ethics"
        ]
    },
    {
        "id": 55,
        "firstName": "Driscoll",
        "lastName": "Russell",
        "email": "Lorem.ipsum.dolor@eu.co.uk",
        "programme": "Computer Science",
        "courses": [
            "Calculus",
            "Algorithms",
            "Software Development",
            "Ethics"
        ]
    },
    {
        "id": 56,
        "firstName": "Boris",
        "lastName": "Dexter",
        "email": "purus@mollis.co.uk",
        "programme": "Law",
        "courses": [
            "Criminal Law",
            "Constitutional Law",
            "Property Law",
            "Contracts"
        ]
    },
    {
        "id": 57,
        "firstName": "Maxwell",
        "lastName": "Tarik",
        "email": "pharetra.Quisque.ac@facilisisSuspendisse.edu",
        "programme": "Criminology",
        "courses": [
            "Criminal Mind",
            "Gender, Crime and Justice ",
            "Philosophy of Law "
        ]
    },
    {
        "id": 58,
        "firstName": "Nero",
        "lastName": "Ulysses",
        "email": "inceptos.hymenaeos.Mauris@Proin.edu",
        "programme": "Financial Analysis",
        "courses": [
            "Accounting",
            "Statistics"
        ]
    },
    {
        "id": 59,
        "firstName": "Chase",
        "lastName": "Laith",
        "email": "ridiculus.mus.Donec@netus.org",
        "programme": "Mechanical Engineering",
        "courses": [
            "Machine Element Design",
            "Engineering Analysis I",
            "Calculus & Linear Algebra I "
        ]
    },
    {
        "id": 60,
        "firstName": "Dominic",
        "lastName": "Malcolm",
        "email": "mi.felis.adipiscing@liberoettristique.edu",
        "programme": "Criminology",
        "courses": [
            "Criminal Mind",
            "Gender, Crime and Justice ",
            "Philosophy of Law "
        ]
    },
    {
        "id": 61,
        "firstName": "Ross",
        "lastName": "Hedley",
        "email": "Ut.tincidunt.vehicula@nuncidenim.edu",
        "programme": "Criminology",
        "courses": [
            "Criminal Mind",
            "Gender, Crime and Justice ",
            "Philosophy of Law "
        ]
    },
    {
        "id": 62,
        "firstName": "Abel",
        "lastName": "Garrett",
        "email": "rhoncus@sociisnatoquepenatibus.ca",
        "programme": "Financial Analysis",
        "courses": [
            "Accounting",
            "Statistics"
        ]
    },
    {
        "id": 63,
        "firstName": "Nero",
        "lastName": "Clarke",
        "email": "eget.metus.In@disparturientmontes.org",
        "programme": "Computer Science",
        "courses": [
            "Calculus",
            "Algorithms",
            "Software Development",
            "Ethics"
        ]
    },
    {
        "id": 64,
        "firstName": "Thane",
        "lastName": "Carl",
        "email": "ut.nulla@netuset.co.uk",
        "programme": "Criminology",
        "courses": [
            "Criminal Mind",
            "Gender, Crime and Justice ",
            "Philosophy of Law "
        ]
    },
    {
        "id": 65,
        "firstName": "Jerome",
        "lastName": "Jackson",
        "email": "ac.turpis@facilisislorem.net",
        "programme": "Computer Science",
        "courses": [
            "Calculus",
            "Algorithms",
            "Software Development",
            "Ethics"
        ]
    },
    {
        "id": 66,
        "firstName": "Tate",
        "lastName": "Martin",
        "email": "ante.blandit@semeget.org",
        "programme": "Law",
        "courses": [
            "Criminal Law",
            "Constitutional Law",
            "Property Law",
            "Contracts"
        ]
    },
    {
        "id": 67,
        "firstName": "Caldwell",
        "lastName": "Daniel",
        "email": "lobortis@nequevenenatislacus.net",
        "programme": "Medicine",
        "courses": [
            "Anatomy",
            "Biochemistry",
            "Genetics",
            "Human Behavior."
        ]
    },
    {
        "id": 68,
        "firstName": "Lucian",
        "lastName": "Holmes",
        "email": "Cras@lorem.org",
        "programme": "Medicine",
        "courses": [
            "Anatomy",
            "Biochemistry",
            "Genetics",
            "Human Behavior."
        ]
    },
    {
        "id": 69,
        "firstName": "Akeem",
        "lastName": "Herrod",
        "email": "vel.venenatis@Nullamvelit.com",
        "programme": "Disaster Management",
        "courses": [
            "Disaster Preparedness"
        ]
    },
    {
        "id": 70,
        "firstName": "Vance",
        "lastName": "Colin",
        "email": "quam.vel.sapien@vellectusCum.org",
        "programme": "Disaster Management",
        "courses": [
            "Disaster Preparedness"
        ]
    },
    {
        "id": 71,
        "firstName": "Austin",
        "lastName": "Jelani",
        "email": "Nulla@nuncid.net",
        "programme": "Medicine",
        "courses": [
            "Anatomy",
            "Biochemistry",
            "Genetics",
            "Human Behavior."
        ]
    },
    {
        "id": 72,
        "firstName": "Jackson",
        "lastName": "Honorato",
        "email": "In@vestibulumlorem.com",
        "programme": "Criminology",
        "courses": [
            "Criminal Mind",
            "Gender, Crime and Justice ",
            "Philosophy of Law "
        ]
    },
    {
        "id": 73,
        "firstName": "Lee",
        "lastName": "Acton",
        "email": "rutrum@mattis.org",
        "programme": "Mechanical Engineering",
        "courses": [
            "Machine Element Design",
            "Engineering Analysis I",
            "Calculus & Linear Algebra I "
        ]
    },
    {
        "id": 74,
        "firstName": "Aquila",
        "lastName": "Sylvester",
        "email": "Aliquam.ultrices.iaculis@duiquisaccumsan.co.uk",
        "programme": "Criminology",
        "courses": [
            "Criminal Mind",
            "Gender, Crime and Justice ",
            "Philosophy of Law "
        ]
    },
    {
        "id": 75,
        "firstName": "Baker",
        "lastName": "Cairo",
        "email": "fermentum@diam.com",
        "programme": "Financial Analysis",
        "courses": [
            "Accounting",
            "Statistics"
        ]
    },
    {
        "id": 76,
        "firstName": "Samuel",
        "lastName": "Kibo",
        "email": "semper@enimcommodohendrerit.co.uk",
        "programme": "Criminology",
        "courses": [
            "Criminal Mind",
            "Gender, Crime and Justice ",
            "Philosophy of Law "
        ]
    },
    {
        "id": 77,
        "firstName": "Byron",
        "lastName": "Warren",
        "email": "enim.Etiam.imperdiet@sitamet.ca",
        "programme": "Mechanical Engineering",
        "courses": [
            "Machine Element Design",
            "Engineering Analysis I",
            "Calculus & Linear Algebra I "
        ]
    },
    {
        "id": 78,
        "firstName": "Declan",
        "lastName": "Barclay",
        "email": "Proin.nisl.sem@Aliquamnecenim.org",
        "programme": "Mechanical Engineering",
        "courses": [
            "Machine Element Design",
            "Engineering Analysis I",
            "Calculus & Linear Algebra I "
        ]
    },
    {
        "id": 79,
        "firstName": "Robert",
        "lastName": "Cullen",
        "email": "in.dolor@pede.co.uk",
        "programme": "Disaster Management",
        "courses": [
            "Disaster Preparedness"
        ]
    },
    {
        "id": 80,
        "firstName": "Troy",
        "lastName": "Simon",
        "email": "Cras.vulputate.velit@ornare.org",
        "programme": "Criminology",
        "courses": [
            "Criminal Mind",
            "Gender, Crime and Justice ",
            "Philosophy of Law "
        ]
    },
    {
        "id": 81,
        "firstName": "Tiger",
        "lastName": "Wylie",
        "email": "risus.quis.diam@Proin.ca",
        "programme": "Disaster Management",
        "courses": [
            "Disaster Preparedness"
        ]
    },
    {
        "id": 82,
        "firstName": "Herrod",
        "lastName": "Adam",
        "email": "hendrerit.neque@a.co.uk",
        "programme": "Medicine",
        "courses": [
            "Anatomy",
            "Biochemistry",
            "Genetics",
            "Human Behavior."
        ]
    },
    {
        "id": 83,
        "firstName": "Yuli",
        "lastName": "Griffin",
        "email": "ipsum.non@vitae.co.uk",
        "programme": "Criminology",
        "courses": [
            "Criminal Mind",
            "Gender, Crime and Justice ",
            "Philosophy of Law "
        ]
    },
    {
        "id": 84,
        "firstName": "Chancellor",
        "lastName": "Ali",
        "email": "ultrices@Nullam.net",
        "programme": "Medicine",
        "courses": [
            "Anatomy",
            "Biochemistry",
            "Genetics",
            "Human Behavior."
        ]
    },
    {
        "id": 85,
        "firstName": "Charles",
        "lastName": "Randall",
        "email": "ipsum.porta.elit@morbitristique.net",
        "programme": "Law",
        "courses": [
            "Criminal Law",
            "Constitutional Law",
            "Property Law",
            "Contracts"
        ]
    },
    {
        "id": 86,
        "firstName": "Lucius",
        "lastName": "Gage",
        "email": "auctor.vitae.aliquet@parturient.org",
        "programme": "Disaster Management",
        "courses": [
            "Disaster Preparedness"
        ]
    },
    {
        "id": 87,
        "firstName": "Richard",
        "lastName": "Dane",
        "email": "Nulla.eget@musDonecdignissim.co.uk",
        "programme": "Mechanical Engineering",
        "courses": [
            "Machine Element Design",
            "Engineering Analysis I",
            "Calculus & Linear Algebra I "
        ]
    },
    {
        "id": 88,
        "firstName": "Addison",
        "lastName": "Jermaine",
        "email": "est.Mauris@et.co.uk",
        "programme": "Disaster Management",
        "courses": [
            "Disaster Preparedness"
        ]
    },
    {
        "id": 89,
        "firstName": "Acton",
        "lastName": "Elliott",
        "email": "sem.eget@posuerecubiliaCurae.ca",
        "programme": "Medicine",
        "courses": [
            "Anatomy",
            "Biochemistry",
            "Genetics",
            "Human Behavior."
        ]
    },
    {
        "id": 90,
        "firstName": "Channing",
        "lastName": "Howard",
        "email": "est.congue@velit.com",
        "programme": "Medicine",
        "courses": [
            "Anatomy",
            "Biochemistry",
            "Genetics",
            "Human Behavior."
        ]
    },
    {
        "id": 91,
        "firstName": "Darius",
        "lastName": "Nehru",
        "email": "risus.varius.orci@sitamet.edu",
        "programme": "Medicine",
        "courses": [
            "Anatomy",
            "Biochemistry",
            "Genetics",
            "Human Behavior."
        ]
    },
    {
        "id": 92,
        "firstName": "Walter",
        "lastName": "Arsenio",
        "email": "a.ultricies@duiFusce.edu",
        "programme": "Financial Analysis",
        "courses": [
            "Accounting",
            "Statistics"
        ]
    },
    {
        "id": 93,
        "firstName": "Dieter",
        "lastName": "Matthew",
        "email": "a@pretium.ca",
        "programme": "Mechanical Engineering",
        "courses": [
            "Machine Element Design",
            "Engineering Analysis I",
            "Calculus & Linear Algebra I "
        ]
    },
    {
        "id": 94,
        "firstName": "Evan",
        "lastName": "Yoshio",
        "email": "sapien.gravida.non@noncursus.com",
        "programme": "Financial Analysis",
        "courses": [
            "Accounting",
            "Statistics"
        ]
    },
    {
        "id": 95,
        "firstName": "Hamilton",
        "lastName": "Dennis",
        "email": "luctus.lobortis@nonbibendumsed.com",
        "programme": "Mechanical Engineering",
        "courses": [
            "Machine Element Design",
            "Engineering Analysis I",
            "Calculus & Linear Algebra I "
        ]
    },
    {
        "id": 96,
        "firstName": "Gavin",
        "lastName": "Driscoll",
        "email": "lacinia.mattis@risusDonec.net",
        "programme": "Medicine",
        "courses": [
            "Anatomy",
            "Biochemistry",
            "Genetics",
            "Human Behavior."
        ]
    },
    {
        "id": 97,
        "firstName": "Brendan",
        "lastName": "Allistair",
        "email": "Nunc.laoreet@Sed.ca",
        "programme": "Computer Science",
        "courses": [
            "Calculus",
            "Algorithms",
            "Software Development",
            "Ethics"
        ]
    },
    {
        "id": 98,
        "firstName": "Gary",
        "lastName": "Robert",
        "email": "molestie@vitaesemper.ca",
        "programme": "Computer Science",
        "courses": [
            "Calculus",
            "Algorithms",
            "Software Development",
            "Ethics"
        ]
    },
    {
        "id": 99,
        "firstName": "Fletcher",
        "lastName": "Brenden",
        "email": "semper@nequesed.co.uk",
        "programme": "Computer Science",
        "courses": [
            "Calculus",
            "Algorithms",
            "Software Development",
            "Ethics"
        ]
    },
    {
        "id": 100,
        "firstName": "Oscar",
        "lastName": "Barclay",
        "email": "non.ante.bibendum@risusDonecegestas.edu",
        "programme": "Mechanical Engineering",
        "courses": [
            "Machine Element Design",
            "Engineering Analysis I",
            "Calculus & Linear Algebra I "
        ]
    },
    {
        "id": 101,
        "firstName": "SMOKEUSER86476",
        "lastName": "SMOKEUSER49970",
        "email": "66005xyz@gmail.com",
        "programme": "Computer Science",
        "courses": [
            "JAVA",
            "C++"
        ]
    },
    {
        "id": 102,
        "firstName": "Mark",
        "lastName": "Taylor",
        "email": "test4444@gmail.com",
        "programme": "Computer Science",
        "courses": [
            "Java"
        ]
    },
    {
        "id": 104,
        "firstName": "Mark",
        "lastName": "Taylor",
        "email": "test4@gmail.com",
        "programme": "Computer Science",
        "courses": [
            "Java"
        ]
    },
    {
        "id": 105,
        "firstName": "SMOKEUSER91728",
        "lastName": "SMOKEUSER63222",
        "email": "1902xyz@gmail.com",
        "programme": "Computer Science",
        "courses": [
            "JAVA",
            "C++"
        ]
    },
    {
        "id": 107,
        "firstName": "Dani",
        "lastName": "Sloey",
        "email": "dsloey0@biglobe.ne.jp",
        "programme": "Information Science",
        "courses": [
            "Java"
        ]
    },
    {
        "id": 108,
        "firstName": "Georgia",
        "lastName": "Clawson",
        "email": "gclawson1@wsj.com",
        "programme": "Computer Science",
        "courses": [
            "Java"
        ]
    },
    {
        "id": 109,
        "firstName": "Letisha",
        "lastName": "Thunnercliff",
        "email": "lthunnercliff2@ycombinator.com",
        "programme": "Computer Science",
        "courses": [
            "Java"
        ]
    },
    {
        "id": 110,
        "firstName": "Sunshine",
        "lastName": "Blest",
        "email": "sblest3@altervista.org",
        "programme": "Information Science",
        "courses": [
            "SCALA"
        ]
    },
    {
        "id": 111,
        "firstName": "Solomon",
        "lastName": "Boyn",
        "email": "sboyn4@flickr.com",
        "programme": "Information Science",
        "courses": [
            "Java"
        ]
    },
    {
        "id": 112,
        "firstName": "Letitia",
        "lastName": "Quinnette",
        "email": "lquinnette5@wp.com",
        "programme": "Computer Science",
        "courses": [
            "C#"
        ]
    },
    {
        "id": 113,
        "firstName": "Erich",
        "lastName": "Weakley",
        "email": "eweakley6@hibu.com",
        "programme": "Information Science",
        "courses": [
            "Java"
        ]
    },
    {
        "id": 114,
        "firstName": "Cesar",
        "lastName": "Vondruska",
        "email": "cvondruska7@smh.com.au",
        "programme": "Computer Science",
        "courses": [
            "C#"
        ]
    },
    {
        "id": 115,
        "firstName": "Giordano",
        "lastName": "Cornborough",
        "email": "gcornborough8@hibu.com",
        "programme": "Computer Science",
        "courses": [
            "C#"
        ]
    },
    {
        "id": 116,
        "firstName": "Fiann",
        "lastName": "Josephs",
        "email": "fjosephs9@addthis.com",
        "programme": "Information Science",
        "courses": [
            "C#"
        ]
    },
    {
        "id": 117,
        "firstName": "Rebekkah",
        "lastName": "Croneen",
        "email": "rcroneena@biglobe.ne.jp",
        "programme": "Computer Science",
        "courses": [
            "SCALA"
        ]
    },
    {
        "id": 118,
        "firstName": "Norma",
        "lastName": "Wabey",
        "email": "nwabeyb@archive.org",
        "programme": "Information Science",
        "courses": [
            "SCALA"
        ]
    },
    {
        "id": 119,
        "firstName": "Kerri",
        "lastName": "Isakovitch",
        "email": "kisakovitchc@upenn.edu",
        "programme": "Information Science",
        "courses": [
            "Java"
        ]
    },
    {
        "id": 120,
        "firstName": "Aurelie",
        "lastName": "Hayzer",
        "email": "ahayzerd@discuz.net",
        "programme": "Computer Science",
        "courses": [
            "SCALA"
        ]
    },
    {
        "id": 121,
        "firstName": "Debi",
        "lastName": "Coultass",
        "email": "dcoultasse@reverbnation.com",
        "programme": "Information Science",
        "courses": [
            "Java"
        ]
    },
    {
        "id": 122,
        "firstName": "Donal",
        "lastName": "Clink",
        "email": "dclinkf@fotki.com",
        "programme": "Computer Science",
        "courses": [
            "SCALA"
        ]
    },
    {
        "id": 123,
        "firstName": "Ortensia",
        "lastName": "Ommanney",
        "email": "oommanneyg@desdev.cn",
        "programme": "Information Science",
        "courses": [
            "Java"
        ]
    },
    {
        "id": 124,
        "firstName": "Akim",
        "lastName": "Ommundsen",
        "email": "aommundsenh@123-reg.co.uk",
        "programme": "Information Science",
        "courses": [
            "SCALA"
        ]
    },
    {
        "id": 125,
        "firstName": "Kyla",
        "lastName": "Fidler",
        "email": "kfidleri@slashdot.org",
        "programme": "Information Science",
        "courses": [
            "SCALA"
        ]
    },
    {
        "id": 126,
        "firstName": "Rosalinda",
        "lastName": "Kneath",
        "email": "rkneathj@list-manage.com",
        "programme": "Information Science",
        "courses": [
            "Java"
        ]
    },
    {
        "id": 127,
        "firstName": "Olvan",
        "lastName": "Mulliner",
        "email": "omullinerk@microsoft.com",
        "programme": "Information Science",
        "courses": [
            "SCALA"
        ]
    },
    {
        "id": 128,
        "firstName": "Shandee",
        "lastName": "Faircliffe",
        "email": "sfaircliffel@slashdot.org",
        "programme": "Computer Science",
        "courses": [
            "Java"
        ]
    },
    {
        "id": 129,
        "firstName": "Goraud",
        "lastName": "Newbery",
        "email": "gnewberym@examiner.com",
        "programme": "Information Science",
        "courses": [
            "C#"
        ]
    },
    {
        "id": 130,
        "firstName": "Nerte",
        "lastName": "Bursnoll",
        "email": "nbursnolln@webeden.co.uk",
        "programme": "Information Science",
        "courses": [
            "SCALA"
        ]
    },
    {
        "id": 131,
        "firstName": "Florance",
        "lastName": "Maytom",
        "email": "fmaytomo@ihg.com",
        "programme": "Information Science",
        "courses": [
            "C#"
        ]
    },
    {
        "id": 132,
        "firstName": "Nicky",
        "lastName": "Jandak",
        "email": "njandakp@google.com.au",
        "programme": "Information Science",
        "courses": [
            "Java"
        ]
    },
    {
        "id": 133,
        "firstName": "Gilbert",
        "lastName": "Lettsom",
        "email": "glettsomq@columbia.edu",
        "programme": "Computer Science",
        "courses": [
            "C#"
        ]
    },
    {
        "id": 134,
        "firstName": "Cleon",
        "lastName": "McCleary",
        "email": "cmcclearyr@wired.com",
        "programme": "Computer Science",
        "courses": [
            "C#"
        ]
    },
    {
        "id": 135,
        "firstName": "Ted",
        "lastName": "Rogerson",
        "email": "trogersons@dyndns.org",
        "programme": "Information Science",
        "courses": [
            "SCALA"
        ]
    },
    {
        "id": 136,
        "firstName": "Nomi",
        "lastName": "Houlston",
        "email": "nhoulstont@multiply.com",
        "programme": "Information Science",
        "courses": [
            "C#"
        ]
    },
    {
        "id": 137,
        "firstName": "Dov",
        "lastName": "Arling",
        "email": "darlingu@ucsd.edu",
        "programme": "Computer Science",
        "courses": [
            "SCALA"
        ]
    },
    {
        "id": 138,
        "firstName": "Roxy",
        "lastName": "Radborn",
        "email": "rradbornv@marriott.com",
        "programme": "Information Science",
        "courses": [
            "Java"
        ]
    },
    {
        "id": 139,
        "firstName": "Garik",
        "lastName": "Cockayme",
        "email": "gcockaymew@sohu.com",
        "programme": "Information Science",
        "courses": [
            "Java"
        ]
    },
    {
        "id": 140,
        "firstName": "Lauren",
        "lastName": "Zappel",
        "email": "lzappelx@samsung.com",
        "programme": "Computer Science",
        "courses": [
            "C#"
        ]
    },
    {
        "id": 141,
        "firstName": "Sanderson",
        "lastName": "Stollsteimer",
        "email": "sstollsteimery@nature.com",
        "programme": "Information Science",
        "courses": [
            "SCALA"
        ]
    },
    {
        "id": 142,
        "firstName": "Cori",
        "lastName": "Billborough",
        "email": "cbillboroughz@nature.com",
        "programme": "Computer Science",
        "courses": [
            "C#"
        ]
    },
    {
        "id": 143,
        "firstName": "Tracey",
        "lastName": "Gerger",
        "email": "tgerger10@chicagotribune.com",
        "programme": "Computer Science",
        "courses": [
            "SCALA"
        ]
    },
    {
        "id": 144,
        "firstName": "Christabel",
        "lastName": "Bilbrooke",
        "email": "cbilbrooke11@dell.com",
        "programme": "Information Science",
        "courses": [
            "Java"
        ]
    },
    {
        "id": 145,
        "firstName": "Anni",
        "lastName": "Elam",
        "email": "aelam12@wikia.com",
        "programme": "Information Science",
        "courses": [
            "C#"
        ]
    },
    {
        "id": 146,
        "firstName": "Dewain",
        "lastName": "Brekonridge",
        "email": "dbrekonridge13@zdnet.com",
        "programme": "Computer Science",
        "courses": [
            "C#"
        ]
    },
    {
        "id": 147,
        "firstName": "Abraham",
        "lastName": "Garratt",
        "email": "agarratt14@dagondesign.com",
        "programme": "Information Science",
        "courses": [
            "C#"
        ]
    },
    {
        "id": 148,
        "firstName": "Rex",
        "lastName": "Schrir",
        "email": "rschrir15@netscape.com",
        "programme": "Computer Science",
        "courses": [
            "C#"
        ]
    },
    {
        "id": 149,
        "firstName": "Redford",
        "lastName": "Antonik",
        "email": "rantonik16@drupal.org",
        "programme": "Information Science",
        "courses": [
            "SCALA"
        ]
    },
    {
        "id": 150,
        "firstName": "Clotilda",
        "lastName": "Birbeck",
        "email": "cbirbeck17@usa.gov",
        "programme": "Computer Science",
        "courses": [
            "SCALA"
        ]
    },
    {
        "id": 151,
        "firstName": "Harvey",
        "lastName": "Derges",
        "email": "hderges18@themeforest.net",
        "programme": "Computer Science",
        "courses": [
            "SCALA"
        ]
    },
    {
        "id": 152,
        "firstName": "Elisa",
        "lastName": "Gumby",
        "email": "egumby19@businessinsider.com",
        "programme": "Computer Science",
        "courses": [
            "Java"
        ]
    },
    {
        "id": 153,
        "firstName": "Biddy",
        "lastName": "Poyle",
        "email": "bpoyle1a@baidu.com",
        "programme": "Information Science",
        "courses": [
            "Java"
        ]
    },
    {
        "id": 154,
        "firstName": "Jaime",
        "lastName": "Dulany",
        "email": "jdulany1b@odnoklassniki.ru",
        "programme": "Information Science",
        "courses": [
            "C#"
        ]
    },
    {
        "id": 155,
        "firstName": "Horton",
        "lastName": "Pavolillo",
        "email": "hpavolillo1c@newyorker.com",
        "programme": "Information Science",
        "courses": [
            "SCALA"
        ]
    },
    {
        "id": 156,
        "firstName": "Rockey",
        "lastName": "Cornilleau",
        "email": "rcornilleau1d@theatlantic.com",
        "programme": "Information Science",
        "courses": [
            "Java"
        ]
    },
    {
        "id": 157,
        "firstName": "Larissa",
        "lastName": "Jime",
        "email": "ljime1e@indiatimes.com",
        "programme": "Computer Science",
        "courses": [
            "Java"
        ]
    },
    {
        "id": 158,
        "firstName": "Melicent",
        "lastName": "Levet",
        "email": "mlevet1f@amazon.com",
        "programme": "Computer Science",
        "courses": [
            "C#"
        ]
    },
    {
        "id": 159,
        "firstName": "Sheri",
        "lastName": "Lambie",
        "email": "slambie1g@simplemachines.org",
        "programme": "Computer Science",
        "courses": [
            "C#"
        ]
    },
    {
        "id": 160,
        "firstName": "Alphonso",
        "lastName": "Gownge",
        "email": "agownge1h@paypal.com",
        "programme": "Computer Science",
        "courses": [
            "Java"
        ]
    },
    {
        "id": 161,
        "firstName": "Ester",
        "lastName": "Collie",
        "email": "ecollie1i@reuters.com",
        "programme": "Information Science",
        "courses": [
            "Java"
        ]
    },
    {
        "id": 162,
        "firstName": "Arnold",
        "lastName": "Schiesterl",
        "email": "aschiesterl1j@shop-pro.jp",
        "programme": "Information Science",
        "courses": [
            "C#"
        ]
    },
    {
        "id": 163,
        "firstName": "Hunt",
        "lastName": "Dirand",
        "email": "hdirand1k@yelp.com",
        "programme": "Information Science",
        "courses": [
            "SCALA"
        ]
    },
    {
        "id": 164,
        "firstName": "Dallon",
        "lastName": "Sifleet",
        "email": "dsifleet1l@addthis.com",
        "programme": "Computer Science",
        "courses": [
            "SCALA"
        ]
    },
    {
        "id": 165,
        "firstName": "Fredric",
        "lastName": "Hammerstone",
        "email": "fhammerstone1m@indiatimes.com",
        "programme": "Computer Science",
        "courses": [
            "SCALA"
        ]
    },
    {
        "id": 166,
        "firstName": "Raymond",
        "lastName": "Capinetti",
        "email": "rcapinetti1n@google.com",
        "programme": "Computer Science",
        "courses": [
            "Java"
        ]
    },
    {
        "id": 167,
        "firstName": "Jo",
        "lastName": "O'Fielly",
        "email": "jofielly1o@plala.or.jp",
        "programme": "Computer Science",
        "courses": [
            "C#"
        ]
    },
    {
        "id": 168,
        "firstName": "Randolf",
        "lastName": "Balser",
        "email": "rbalser1p@noaa.gov",
        "programme": "Computer Science",
        "courses": [
            "C#"
        ]
    },
    {
        "id": 169,
        "firstName": "Barbi",
        "lastName": "Bilsborrow",
        "email": "bbilsborrow1q@soundcloud.com",
        "programme": "Information Science",
        "courses": [
            "Java"
        ]
    },
    {
        "id": 170,
        "firstName": "Darda",
        "lastName": "Wordley",
        "email": "dwordley1r@oracle.com",
        "programme": "Information Science",
        "courses": [
            "Java"
        ]
    },
    {
        "id": 171,
        "firstName": "Ethelind",
        "lastName": "Kemsley",
        "email": "ekemsley1s@house.gov",
        "programme": "Computer Science",
        "courses": [
            "C#"
        ]
    },
    {
        "id": 172,
        "firstName": "Sal",
        "lastName": "Ghidotti",
        "email": "sghidotti1t@sfgate.com",
        "programme": "Information Science",
        "courses": [
            "SCALA"
        ]
    },
    {
        "id": 173,
        "firstName": "Artemis",
        "lastName": "Roughsedge",
        "email": "aroughsedge1u@squarespace.com",
        "programme": "Computer Science",
        "courses": [
            "C#"
        ]
    },
    {
        "id": 174,
        "firstName": "Kevina",
        "lastName": "Rockell",
        "email": "krockell1v@oaic.gov.au",
        "programme": "Computer Science",
        "courses": [
            "SCALA"
        ]
    },
    {
        "id": 175,
        "firstName": "Kariotta",
        "lastName": "Burdoun",
        "email": "kburdoun1w@printfriendly.com",
        "programme": "Information Science",
        "courses": [
            "C#"
        ]
    },
    {
        "id": 176,
        "firstName": "Jesus",
        "lastName": "MacCarroll",
        "email": "jmaccarroll1x@g.co",
        "programme": "Information Science",
        "courses": [
            "Java"
        ]
    },
    {
        "id": 177,
        "firstName": "Ysabel",
        "lastName": "Ogilby",
        "email": "yogilby1y@comcast.net",
        "programme": "Information Science",
        "courses": [
            "SCALA"
        ]
    },
    {
        "id": 178,
        "firstName": "Bibby",
        "lastName": "Bleythin",
        "email": "bbleythin1z@scientificamerican.com",
        "programme": "Computer Science",
        "courses": [
            "C#"
        ]
    },
    {
        "id": 179,
        "firstName": "Boyd",
        "lastName": "Capaldi",
        "email": "bcapaldi20@senate.gov",
        "programme": "Information Science",
        "courses": [
            "SCALA"
        ]
    },
    {
        "id": 180,
        "firstName": "Rosanne",
        "lastName": "Bottoner",
        "email": "rbottoner21@sciencedaily.com",
        "programme": "Computer Science",
        "courses": [
            "Java"
        ]
    },
    {
        "id": 181,
        "firstName": "Elke",
        "lastName": "Long",
        "email": "elong22@blogs.com",
        "programme": "Computer Science",
        "courses": [
            "C#"
        ]
    },
    {
        "id": 182,
        "firstName": "Maren",
        "lastName": "Righy",
        "email": "mrighy23@eventbrite.com",
        "programme": "Computer Science",
        "courses": [
            "Java"
        ]
    },
    {
        "id": 183,
        "firstName": "Camila",
        "lastName": "Porte",
        "email": "cporte24@taobao.com",
        "programme": "Computer Science",
        "courses": [
            "Java"
        ]
    },
    {
        "id": 184,
        "firstName": "Llywellyn",
        "lastName": "Olenin",
        "email": "lolenin25@blogs.com",
        "programme": "Computer Science",
        "courses": [
            "Java"
        ]
    },
    {
        "id": 185,
        "firstName": "Brodie",
        "lastName": "Scampion",
        "email": "bscampion26@hao123.com",
        "programme": "Information Science",
        "courses": [
            "SCALA"
        ]
    },
    {
        "id": 186,
        "firstName": "Billie",
        "lastName": "Deane",
        "email": "bdeane27@alibaba.com",
        "programme": "Computer Science",
        "courses": [
            "C#"
        ]
    },
    {
        "id": 187,
        "firstName": "Brandtr",
        "lastName": "Bosden",
        "email": "bbosden28@cargocollective.com",
        "programme": "Information Science",
        "courses": [
            "C#"
        ]
    },
    {
        "id": 188,
        "firstName": "Hettie",
        "lastName": "Eicheler",
        "email": "heicheler29@oracle.com",
        "programme": "Computer Science",
        "courses": [
            "SCALA"
        ]
    },
    {
        "id": 189,
        "firstName": "Nari",
        "lastName": "Emeline",
        "email": "nemeline2a@indiatimes.com",
        "programme": "Computer Science",
        "courses": [
            "SCALA"
        ]
    },
    {
        "id": 190,
        "firstName": "Quintin",
        "lastName": "Virgoe",
        "email": "qvirgoe2b@so-net.ne.jp",
        "programme": "Information Science",
        "courses": [
            "SCALA"
        ]
    },
    {
        "id": 191,
        "firstName": "Edwina",
        "lastName": "Ramsbotham",
        "email": "eramsbotham2c@weibo.com",
        "programme": "Information Science",
        "courses": [
            "C#"
        ]
    },
    {
        "id": 192,
        "firstName": "Frayda",
        "lastName": "Brigman",
        "email": "fbrigman2d@seesaa.net",
        "programme": "Information Science",
        "courses": [
            "C#"
        ]
    },
    {
        "id": 193,
        "firstName": "Cole",
        "lastName": "Berthouloume",
        "email": "cberthouloume2e@goo.ne.jp",
        "programme": "Computer Science",
        "courses": [
            "Java"
        ]
    },
    {
        "id": 194,
        "firstName": "Jodi",
        "lastName": "Gummer",
        "email": "jgummer2f@bluehost.com",
        "programme": "Information Science",
        "courses": [
            "Java"
        ]
    },
    {
        "id": 195,
        "firstName": "Nealy",
        "lastName": "Asipenko",
        "email": "nasipenko2g@topsy.com",
        "programme": "Computer Science",
        "courses": [
            "SCALA"
        ]
    },
    {
        "id": 196,
        "firstName": "Robin",
        "lastName": "Jurries",
        "email": "rjurries2h@jiathis.com",
        "programme": "Information Science",
        "courses": [
            "SCALA"
        ]
    },
    {
        "id": 197,
        "firstName": "Lanny",
        "lastName": "Boyack",
        "email": "lboyack2i@over-blog.com",
        "programme": "Computer Science",
        "courses": [
            "C#"
        ]
    },
    {
        "id": 198,
        "firstName": "Brewster",
        "lastName": "Ellin",
        "email": "bellin2j@irs.gov",
        "programme": "Information Science",
        "courses": [
            "Java"
        ]
    },
    {
        "id": 199,
        "firstName": "Luther",
        "lastName": "Wrack",
        "email": "lwrack2k@4shared.com",
        "programme": "Information Science",
        "courses": [
            "C#"
        ]
    },
    {
        "id": 200,
        "firstName": "Sena",
        "lastName": "Slocumb",
        "email": "sslocumb2l@addtoany.com",
        "programme": "Information Science",
        "courses": [
            "C#"
        ]
    },
    {
        "id": 201,
        "firstName": "Rutter",
        "lastName": "Roscow",
        "email": "rroscow2m@ca.gov",
        "programme": "Information Science",
        "courses": [
            "C#"
        ]
    },
    {
        "id": 202,
        "firstName": "Emlynne",
        "lastName": "Langley",
        "email": "elangley2n@ow.ly",
        "programme": "Computer Science",
        "courses": [
            "C#"
        ]
    },
    {
        "id": 203,
        "firstName": "Adan",
        "lastName": "Shields",
        "email": "ashields2o@edublogs.org",
        "programme": "Computer Science",
        "courses": [
            "SCALA"
        ]
    },
    {
        "id": 204,
        "firstName": "Say",
        "lastName": "Dowden",
        "email": "sdowden2p@printfriendly.com",
        "programme": "Information Science",
        "courses": [
            "Java"
        ]
    },
    {
        "id": 205,
        "firstName": "Mayer",
        "lastName": "Laxe",
        "email": "mlaxe2q@businesswire.com",
        "programme": "Computer Science",
        "courses": [
            "SCALA"
        ]
    },
    {
        "id": 206,
        "firstName": "Bayard",
        "lastName": "Boards",
        "email": "bboards2r@cbslocal.com",
        "programme": "Information Science",
        "courses": [
            "Java"
        ]
    },
    {
        "id": 307,
        "firstName": "Mark",
        "lastName": "Deto",
        "email": "test9@gmail.com",
        "programme": "Computer Science",
        "courses": [
            "Java"
        ]
    },
    {
        "id": 308,
        "firstName": "Shell",
        "lastName": "Somerled",
        "email": "ssomerled0@printfriendly.com",
        "programme": "Computer Science",
        "courses": [
            "C#"
        ]
    },
    {
        "id": 309,
        "firstName": "Kippy",
        "lastName": "D'Avaux",
        "email": "kdavaux1@webeden.co.uk",
        "programme": "Computer Science",
        "courses": [
            "SCALA"
        ]
    },
    {
        "id": 310,
        "firstName": "Jeff",
        "lastName": "MacScherie",
        "email": "jmacscherie2@oakley.com",
        "programme": "Information Science",
        "courses": [
            "C#"
        ]
    },
    {
        "id": 311,
        "firstName": "Lorrie",
        "lastName": "Wardlow",
        "email": "lwardlow3@t.co",
        "programme": "Information Science",
        "courses": [
            "C#"
        ]
    },
    {
        "id": 312,
        "firstName": "Dirk",
        "lastName": "Hargrove",
        "email": "dhargrove4@geocities.jp",
        "programme": "Computer Science",
        "courses": [
            "Java"
        ]
    },
    {
        "id": 313,
        "firstName": "Tailor",
        "lastName": "Rogans",
        "email": "trogans5@economist.com",
        "programme": "Information Science",
        "courses": [
            "C#"
        ]
    },
    {
        "id": 314,
        "firstName": "Luigi",
        "lastName": "Memory",
        "email": "lmemory6@gravatar.com",
        "programme": "Computer Science",
        "courses": [
            "SCALA"
        ]
    },
    {
        "id": 315,
        "firstName": "Zea",
        "lastName": "Sissel",
        "email": "zsissel7@shop-pro.jp",
        "programme": "Computer Science",
        "courses": [
            "SCALA"
        ]
    },
    {
        "id": 316,
        "firstName": "Victoir",
        "lastName": "Cocksedge",
        "email": "vcocksedge8@toplist.cz",
        "programme": "Information Science",
        "courses": [
            "SCALA"
        ]
    },
    {
        "id": 317,
        "firstName": "Jammal",
        "lastName": "Brokenshaw",
        "email": "jbrokenshaw9@360.cn",
        "programme": "Computer Science",
        "courses": [
            "C#"
        ]
    },
    {
        "id": 318,
        "firstName": "Berenice",
        "lastName": "Bernhard",
        "email": "bbernharda@google.de",
        "programme": "Computer Science",
        "courses": [
            "Java"
        ]
    },
    {
        "id": 319,
        "firstName": "Leonora",
        "lastName": "Perrygo",
        "email": "lperrygob@domainmarket.com",
        "programme": "Computer Science",
        "courses": [
            "C#"
        ]
    },
    {
        "id": 320,
        "firstName": "Giuditta",
        "lastName": "Luparto",
        "email": "glupartoc@taobao.com",
        "programme": "Information Science",
        "courses": [
            "Java"
        ]
    },
    {
        "id": 321,
        "firstName": "Hewitt",
        "lastName": "Drummer",
        "email": "hdrummerd@sakura.ne.jp",
        "programme": "Computer Science",
        "courses": [
            "Java"
        ]
    },
    {
        "id": 322,
        "firstName": "Forrester",
        "lastName": "O'Neil",
        "email": "foneile@wikimedia.org",
        "programme": "Information Science",
        "courses": [
            "SCALA"
        ]
    },
    {
        "id": 323,
        "firstName": "Maximilian",
        "lastName": "Muino",
        "email": "mmuinof@army.mil",
        "programme": "Computer Science",
        "courses": [
            "Java"
        ]
    },
    {
        "id": 324,
        "firstName": "Illa",
        "lastName": "Josephsen",
        "email": "ijosephseng@gnu.org",
        "programme": "Information Science",
        "courses": [
            "Java"
        ]
    },
    {
        "id": 325,
        "firstName": "Arabele",
        "lastName": "McInnes",
        "email": "amcinnesh@phpbb.com",
        "programme": "Information Science",
        "courses": [
            "C#"
        ]
    },
    {
        "id": 326,
        "firstName": "Octavia",
        "lastName": "Yglesia",
        "email": "oyglesiai@1688.com",
        "programme": "Computer Science",
        "courses": [
            "SCALA"
        ]
    },
    {
        "id": 327,
        "firstName": "Bobby",
        "lastName": "Dutt",
        "email": "bduttj@dell.com",
        "programme": "Information Science",
        "courses": [
            "C#"
        ]
    },
    {
        "id": 328,
        "firstName": "Freida",
        "lastName": "Prydie",
        "email": "fprydiek@woothemes.com",
        "programme": "Computer Science",
        "courses": [
            "C#"
        ]
    },
    {
        "id": 329,
        "firstName": "Ninetta",
        "lastName": "Beton",
        "email": "nbetonl@mozilla.com",
        "programme": "Computer Science",
        "courses": [
            "Java"
        ]
    },
    {
        "id": 330,
        "firstName": "Jannel",
        "lastName": "Lokier",
        "email": "jlokierm@wikimedia.org",
        "programme": "Information Science",
        "courses": [
            "SCALA"
        ]
    },
    {
        "id": 331,
        "firstName": "Deonne",
        "lastName": "Cracoe",
        "email": "dcracoen@gravatar.com",
        "programme": "Information Science",
        "courses": [
            "Java"
        ]
    },
    {
        "id": 332,
        "firstName": "Cathy",
        "lastName": "Boothman",
        "email": "cboothmano@nymag.com",
        "programme": "Information Science",
        "courses": [
            "C#"
        ]
    },
    {
        "id": 333,
        "firstName": "Rudolfo",
        "lastName": "Dmitrichenko",
        "email": "rdmitrichenkop@va.gov",
        "programme": "Computer Science",
        "courses": [
            "C#"
        ]
    },
    {
        "id": 334,
        "firstName": "Sheffy",
        "lastName": "Rudolfer",
        "email": "srudolferq@technorati.com",
        "programme": "Computer Science",
        "courses": [
            "C#"
        ]
    },
    {
        "id": 335,
        "firstName": "Rikki",
        "lastName": "Montilla",
        "email": "rmontillar@va.gov",
        "programme": "Computer Science",
        "courses": [
            "Java"
        ]
    },
    {
        "id": 336,
        "firstName": "Dore",
        "lastName": "Ratt",
        "email": "dratts@rambler.ru",
        "programme": "Information Science",
        "courses": [
            "C#"
        ]
    },
    {
        "id": 337,
        "firstName": "Agnola",
        "lastName": "Bech",
        "email": "abecht@github.io",
        "programme": "Computer Science",
        "courses": [
            "Java"
        ]
    },
    {
        "id": 338,
        "firstName": "Katy",
        "lastName": "Zorzenoni",
        "email": "kzorzenoniu@yandex.ru",
        "programme": "Information Science",
        "courses": [
            "SCALA"
        ]
    },
    {
        "id": 339,
        "firstName": "Sella",
        "lastName": "Macura",
        "email": "smacurav@elpais.com",
        "programme": "Computer Science",
        "courses": [
            "SCALA"
        ]
    },
    {
        "id": 340,
        "firstName": "Cara",
        "lastName": "Lissandri",
        "email": "clissandriw@latimes.com",
        "programme": "Information Science",
        "courses": [
            "C#"
        ]
    },
    {
        "id": 341,
        "firstName": "Verine",
        "lastName": "Shurlock",
        "email": "vshurlockx@biglobe.ne.jp",
        "programme": "Computer Science",
        "courses": [
            "C#"
        ]
    },
    {
        "id": 342,
        "firstName": "Lynelle",
        "lastName": "Wendover",
        "email": "lwendovery@t-online.de",
        "programme": "Information Science",
        "courses": [
            "C#"
        ]
    },
    {
        "id": 343,
        "firstName": "Jori",
        "lastName": "Bakhrushkin",
        "email": "jbakhrushkinz@nature.com",
        "programme": "Information Science",
        "courses": [
            "SCALA"
        ]
    },
    {
        "id": 344,
        "firstName": "Leeanne",
        "lastName": "Gutteridge",
        "email": "lgutteridge10@google.pl",
        "programme": "Information Science",
        "courses": [
            "C#"
        ]
    },
    {
        "id": 345,
        "firstName": "Maddalena",
        "lastName": "Ciabatteri",
        "email": "mciabatteri11@webnode.com",
        "programme": "Computer Science",
        "courses": [
            "C#"
        ]
    },
    {
        "id": 346,
        "firstName": "Diego",
        "lastName": "Gheeraert",
        "email": "dgheeraert12@shareasale.com",
        "programme": "Information Science",
        "courses": [
            "SCALA"
        ]
    },
    {
        "id": 347,
        "firstName": "Maynord",
        "lastName": "Sandercock",
        "email": "msandercock13@telegraph.co.uk",
        "programme": "Computer Science",
        "courses": [
            "Java"
        ]
    },
    {
        "id": 348,
        "firstName": "Virgina",
        "lastName": "Vassay",
        "email": "vvassay14@odnoklassniki.ru",
        "programme": "Computer Science",
        "courses": [
            "SCALA"
        ]
    },
    {
        "id": 349,
        "firstName": "Daffy",
        "lastName": "Di Meo",
        "email": "ddimeo15@networksolutions.com",
        "programme": "Computer Science",
        "courses": [
            "C#"
        ]
    },
    {
        "id": 350,
        "firstName": "Aguie",
        "lastName": "Skerme",
        "email": "askerme16@sfgate.com",
        "programme": "Information Science",
        "courses": [
            "SCALA"
        ]
    },
    {
        "id": 351,
        "firstName": "Ceil",
        "lastName": "Kolis",
        "email": "ckolis17@rakuten.co.jp",
        "programme": "Information Science",
        "courses": [
            "C#"
        ]
    },
    {
        "id": 352,
        "firstName": "Alastair",
        "lastName": "Bowlesworth",
        "email": "abowlesworth18@so-net.ne.jp",
        "programme": "Computer Science",
        "courses": [
            "SCALA"
        ]
    },
    {
        "id": 353,
        "firstName": "Arron",
        "lastName": "Fishwick",
        "email": "afishwick19@cornell.edu",
        "programme": "Computer Science",
        "courses": [
            "C#"
        ]
    },
    {
        "id": 354,
        "firstName": "Patricia",
        "lastName": "Edmeads",
        "email": "pedmeads1a@gnu.org",
        "programme": "Information Science",
        "courses": [
            "SCALA"
        ]
    },
    {
        "id": 355,
        "firstName": "Shena",
        "lastName": "De Mattia",
        "email": "sdemattia1b@fc2.com",
        "programme": "Information Science",
        "courses": [
            "Java"
        ]
    },
    {
        "id": 356,
        "firstName": "Dorthea",
        "lastName": "Jurs",
        "email": "djurs1c@liveinternet.ru",
        "programme": "Information Science",
        "courses": [
            "Java"
        ]
    },
    {
        "id": 357,
        "firstName": "Inge",
        "lastName": "Dorro",
        "email": "idorro1d@fda.gov",
        "programme": "Computer Science",
        "courses": [
            "SCALA"
        ]
    },
    {
        "id": 358,
        "firstName": "Earle",
        "lastName": "Southcott",
        "email": "esouthcott1e@jalbum.net",
        "programme": "Information Science",
        "courses": [
            "C#"
        ]
    },
    {
        "id": 359,
        "firstName": "Donnie",
        "lastName": "Corr",
        "email": "dcorr1f@de.vu",
        "programme": "Information Science",
        "courses": [
            "SCALA"
        ]
    },
    {
        "id": 360,
        "firstName": "Naoma",
        "lastName": "Biesterfeld",
        "email": "nbiesterfeld1g@multiply.com",
        "programme": "Information Science",
        "courses": [
            "SCALA"
        ]
    },
    {
        "id": 361,
        "firstName": "Quentin",
        "lastName": "Haine",
        "email": "qhaine1h@amazon.co.uk",
        "programme": "Information Science",
        "courses": [
            "SCALA"
        ]
    },
    {
        "id": 362,
        "firstName": "Sloane",
        "lastName": "Dovidaitis",
        "email": "sdovidaitis1i@techcrunch.com",
        "programme": "Information Science",
        "courses": [
            "C#"
        ]
    },
    {
        "id": 363,
        "firstName": "Mei",
        "lastName": "Yallop",
        "email": "myallop1j@usgs.gov",
        "programme": "Information Science",
        "courses": [
            "C#"
        ]
    },
    {
        "id": 364,
        "firstName": "Wren",
        "lastName": "Antonat",
        "email": "wantonat1k@house.gov",
        "programme": "Information Science",
        "courses": [
            "SCALA"
        ]
    },
    {
        "id": 365,
        "firstName": "Benjamin",
        "lastName": "Jorczyk",
        "email": "bjorczyk1l@pbs.org",
        "programme": "Computer Science",
        "courses": [
            "SCALA"
        ]
    },
    {
        "id": 366,
        "firstName": "Felisha",
        "lastName": "McRill",
        "email": "fmcrill1m@sourceforge.net",
        "programme": "Computer Science",
        "courses": [
            "C#"
        ]
    },
    {
        "id": 367,
        "firstName": "Frieda",
        "lastName": "Downing",
        "email": "fdowning1n@redcross.org",
        "programme": "Computer Science",
        "courses": [
            "SCALA"
        ]
    },
    {
        "id": 368,
        "firstName": "Haven",
        "lastName": "Compston",
        "email": "hcompston1o@msu.edu",
        "programme": "Information Science",
        "courses": [
            "Java"
        ]
    },
    {
        "id": 369,
        "firstName": "Ursa",
        "lastName": "Pelerin",
        "email": "upelerin1p@salon.com",
        "programme": "Information Science",
        "courses": [
            "C#"
        ]
    },
    {
        "id": 370,
        "firstName": "Ode",
        "lastName": "Guidera",
        "email": "oguidera1q@123-reg.co.uk",
        "programme": "Information Science",
        "courses": [
            "C#"
        ]
    },
    {
        "id": 371,
        "firstName": "Cyrus",
        "lastName": "Forrestall",
        "email": "cforrestall1r@jigsy.com",
        "programme": "Computer Science",
        "courses": [
            "SCALA"
        ]
    },
    {
        "id": 372,
        "firstName": "Maurise",
        "lastName": "Adamthwaite",
        "email": "madamthwaite1s@mac.com",
        "programme": "Computer Science",
        "courses": [
            "Java"
        ]
    },
    {
        "id": 373,
        "firstName": "Jennifer",
        "lastName": "Broadist",
        "email": "jbroadist1t@angelfire.com",
        "programme": "Computer Science",
        "courses": [
            "SCALA"
        ]
    },
    {
        "id": 374,
        "firstName": "Sheeree",
        "lastName": "Popplewell",
        "email": "spopplewell1u@mediafire.com",
        "programme": "Information Science",
        "courses": [
            "Java"
        ]
    },
    {
        "id": 375,
        "firstName": "Odetta",
        "lastName": "Broggelli",
        "email": "obroggelli1v@harvard.edu",
        "programme": "Information Science",
        "courses": [
            "Java"
        ]
    },
    {
        "id": 376,
        "firstName": "Gerald",
        "lastName": "Barbier",
        "email": "gbarbier1w@clickbank.net",
        "programme": "Information Science",
        "courses": [
            "C#"
        ]
    },
    {
        "id": 377,
        "firstName": "Liva",
        "lastName": "Casserley",
        "email": "lcasserley1x@yahoo.co.jp",
        "programme": "Information Science",
        "courses": [
            "C#"
        ]
    },
    {
        "id": 378,
        "firstName": "Kariotta",
        "lastName": "Bernt",
        "email": "kbernt1y@wikimedia.org",
        "programme": "Computer Science",
        "courses": [
            "SCALA"
        ]
    },
    {
        "id": 379,
        "firstName": "Katerine",
        "lastName": "Limb",
        "email": "klimb1z@w3.org",
        "programme": "Computer Science",
        "courses": [
            "C#"
        ]
    },
    {
        "id": 380,
        "firstName": "Mirella",
        "lastName": "Le Blanc",
        "email": "mleblanc20@facebook.com",
        "programme": "Computer Science",
        "courses": [
            "SCALA"
        ]
    },
    {
        "id": 381,
        "firstName": "Karlik",
        "lastName": "Putman",
        "email": "kputman21@pinterest.com",
        "programme": "Information Science",
        "courses": [
            "C#"
        ]
    },
    {
        "id": 382,
        "firstName": "Roi",
        "lastName": "Ammer",
        "email": "rammer22@toplist.cz",
        "programme": "Information Science",
        "courses": [
            "C#"
        ]
    },
    {
        "id": 383,
        "firstName": "Evelina",
        "lastName": "Drage",
        "email": "edrage23@purevolume.com",
        "programme": "Information Science",
        "courses": [
            "C#"
        ]
    },
    {
        "id": 384,
        "firstName": "Chicky",
        "lastName": "Inchan",
        "email": "cinchan24@gnu.org",
        "programme": "Information Science",
        "courses": [
            "Java"
        ]
    },
    {
        "id": 385,
        "firstName": "Tiffi",
        "lastName": "Danbye",
        "email": "tdanbye25@odnoklassniki.ru",
        "programme": "Information Science",
        "courses": [
            "Java"
        ]
    },
    {
        "id": 386,
        "firstName": "Edsel",
        "lastName": "Stidson",
        "email": "estidson26@cbsnews.com",
        "programme": "Information Science",
        "courses": [
            "Java"
        ]
    },
    {
        "id": 387,
        "firstName": "Timotheus",
        "lastName": "Pattesall",
        "email": "tpattesall27@go.com",
        "programme": "Information Science",
        "courses": [
            "Java"
        ]
    },
    {
        "id": 388,
        "firstName": "Marysa",
        "lastName": "Storres",
        "email": "mstorres28@nba.com",
        "programme": "Computer Science",
        "courses": [
            "Java"
        ]
    },
    {
        "id": 389,
        "firstName": "Karlik",
        "lastName": "Samson",
        "email": "ksamson29@linkedin.com",
        "programme": "Information Science",
        "courses": [
            "C#"
        ]
    },
    {
        "id": 390,
        "firstName": "Saul",
        "lastName": "Sapwell",
        "email": "ssapwell2a@netvibes.com",
        "programme": "Information Science",
        "courses": [
            "C#"
        ]
    },
    {
        "id": 391,
        "firstName": "Rosmunda",
        "lastName": "Huish",
        "email": "rhuish2b@com.com",
        "programme": "Computer Science",
        "courses": [
            "SCALA"
        ]
    },
    {
        "id": 392,
        "firstName": "Adriaens",
        "lastName": "Chevin",
        "email": "achevin2c@bandcamp.com",
        "programme": "Information Science",
        "courses": [
            "C#"
        ]
    },
    {
        "id": 393,
        "firstName": "Kalil",
        "lastName": "Drysdall",
        "email": "kdrysdall2d@domainmarket.com",
        "programme": "Computer Science",
        "courses": [
            "SCALA"
        ]
    },
    {
        "id": 394,
        "firstName": "Aarika",
        "lastName": "Giorgio",
        "email": "agiorgio2e@wisc.edu",
        "programme": "Computer Science",
        "courses": [
            "C#"
        ]
    },
    {
        "id": 395,
        "firstName": "Debi",
        "lastName": "Broggetti",
        "email": "dbroggetti2f@etsy.com",
        "programme": "Information Science",
        "courses": [
            "SCALA"
        ]
    },
    {
        "id": 396,
        "firstName": "Clevey",
        "lastName": "Mellanby",
        "email": "cmellanby2g@omniture.com",
        "programme": "Computer Science",
        "courses": [
            "Java"
        ]
    },
    {
        "id": 397,
        "firstName": "Edna",
        "lastName": "Spyby",
        "email": "espyby2h@4shared.com",
        "programme": "Computer Science",
        "courses": [
            "SCALA"
        ]
    },
    {
        "id": 398,
        "firstName": "Tish",
        "lastName": "Devitt",
        "email": "tdevitt2i@w3.org",
        "programme": "Information Science",
        "courses": [
            "Java"
        ]
    },
    {
        "id": 399,
        "firstName": "Germain",
        "lastName": "Radborn",
        "email": "gradborn2j@wordpress.org",
        "programme": "Information Science",
        "courses": [
            "C#"
        ]
    },
    {
        "id": 400,
        "firstName": "Antoni",
        "lastName": "Bilsborrow",
        "email": "abilsborrow2k@bluehost.com",
        "programme": "Information Science",
        "courses": [
            "SCALA"
        ]
    },
    {
        "id": 401,
        "firstName": "Pippa",
        "lastName": "Shane",
        "email": "pshane2l@businesswire.com",
        "programme": "Information Science",
        "courses": [
            "C#"
        ]
    },
    {
        "id": 402,
        "firstName": "Ashlee",
        "lastName": "Billo",
        "email": "abillo2m@studiopress.com",
        "programme": "Computer Science",
        "courses": [
            "Java"
        ]
    },
    {
        "id": 403,
        "firstName": "Vidovik",
        "lastName": "Cordes",
        "email": "vcordes2n@is.gd",
        "programme": "Information Science",
        "courses": [
            "SCALA"
        ]
    },
    {
        "id": 404,
        "firstName": "Rosina",
        "lastName": "De Maria",
        "email": "rdemaria2o@newyorker.com",
        "programme": "Computer Science",
        "courses": [
            "SCALA"
        ]
    },
    {
        "id": 405,
        "firstName": "Jodie",
        "lastName": "Palatini",
        "email": "jpalatini2p@google.ca",
        "programme": "Information Science",
        "courses": [
            "C#"
        ]
    },
    {
        "id": 406,
        "firstName": "Timothea",
        "lastName": "Nafziger",
        "email": "tnafziger2q@mediafire.com",
        "programme": "Computer Science",
        "courses": [
            "SCALA"
        ]
    },
    {
        "id": 407,
        "firstName": "Calvin",
        "lastName": "Benezet",
        "email": "cbenezet2r@dropbox.com",
        "programme": "Computer Science",
        "courses": [
            "SCALA"
        ]
    },
    {
        "id": 507,
        "firstName": "Findley",
        "lastName": "Eccersley",
        "email": "feccersleyn@mozilla.org",
        "programme": "CS",
        "courses": [
            "BigData"
        ]
    },
    {
        "id": 508,
        "firstName": "Sarena",
        "lastName": "Titcumb",
        "email": "stitcumbu@wikia.com",
        "programme": "CS",
        "courses": [
            "Hadoop"
        ]
    },
    {
        "id": 509,
        "firstName": "Terri",
        "lastName": "Ritchman",
        "email": "tritchmant@harvard.edu",
        "programme": "ME",
        "courses": [
            "BigData"
        ]
    },
    {
        "id": 510,
        "firstName": "Kai",
        "lastName": "Crome",
        "email": "kcromes@desdev.cn",
        "programme": "CO",
        "courses": [
            "Digital Forensics"
        ]
    },
    {
        "id": 511,
        "firstName": "Fredra",
        "lastName": "Janaud",
        "email": "fjanaud3@feedburner.com",
        "programme": "IE",
        "courses": [
            "BigData"
        ]
    },
    {
        "id": 512,
        "firstName": "Brenden",
        "lastName": "Mairs",
        "email": "bmairsl@smh.com.au",
        "programme": "ME",
        "courses": [
            "Hadoop"
        ]
    },
    {
        "id": 513,
        "firstName": "Martyn",
        "lastName": "Delagnes",
        "email": "mdelagnesv@youtu.be",
        "programme": "CS",
        "courses": [
            "Hadoop"
        ]
    },
    {
        "id": 514,
        "firstName": "Neddy",
        "lastName": "Ebbotts",
        "email": "nebbottsr@constantcontact.com",
        "programme": "IE",
        "courses": [
            "BigData"
        ]
    },
    {
        "id": 515,
        "firstName": "Allene",
        "lastName": "Bowstead",
        "email": "abowstead5@is.gd",
        "programme": "CS",
        "courses": [
            "Hadoop"
        ]
    },
    {
        "id": 516,
        "firstName": "Arman",
        "lastName": "McShirie",
        "email": "amcshiriee@friendfeed.com",
        "programme": "EX",
        "courses": [
            "Digital Forensics"
        ]
    },
    {
        "id": 517,
        "firstName": "Gwendolin",
        "lastName": "Albon",
        "email": "galbonf@ocn.ne.jp",
        "programme": "CO",
        "courses": [
            "BigData"
        ]
    },
    {
        "id": 518,
        "firstName": "Mead",
        "lastName": "MacAnespie",
        "email": "mmacanespiek@sakura.ne.jp",
        "programme": "CO",
        "courses": [
            "BigData"
        ]
    },
    {
        "id": 519,
        "firstName": "Belita",
        "lastName": "Phipps",
        "email": "bphipps8@com.com",
        "programme": "ME",
        "courses": [
            "Hadoop"
        ]
    },
    {
        "id": 520,
        "firstName": "Kyla",
        "lastName": "Eastbury",
        "email": "keastbury4@youtube.com",
        "programme": "ME",
        "courses": [
            "Digital Forensics"
        ]
    },
    {
        "id": 521,
        "firstName": "Cora",
        "lastName": "McGeechan",
        "email": "cmcgeechanm@tuttocitta.it",
        "programme": "ME",
        "courses": [
            "Hadoop"
        ]
    },
    {
        "id": 522,
        "firstName": "Archie",
        "lastName": "Hazelgreave",
        "email": "ahazelgreaveb@seesaa.net",
        "programme": "EX",
        "courses": [
            "BigData"
        ]
    },
    {
        "id": 523,
        "firstName": "Adamo",
        "lastName": "Sedworth",
        "email": "asedworth1@creativecommons.org",
        "programme": "IE",
        "courses": [
            "Hadoop"
        ]
    },
    {
        "id": 524,
        "firstName": "Roman",
        "lastName": "Witch",
        "email": "rwitch9@dmoz.org",
        "programme": "CS",
        "courses": [
            "Hadoop"
        ]
    },
    {
        "id": 525,
        "firstName": "Janifer",
        "lastName": "Rallinshaw",
        "email": "jrallinshawi@japanpost.jp",
        "programme": "CS",
        "courses": [
            "BigData"
        ]
    },
    {
        "id": 526,
        "firstName": "Kalila",
        "lastName": "Lockier",
        "email": "klockierj@boston.com",
        "programme": "EX",
        "courses": [
            "Digital Forensics"
        ]
    },
    {
        "id": 527,
        "firstName": "Dasie",
        "lastName": "Mein",
        "email": "dmeinc@google.it",
        "programme": "CS",
        "courses": [
            "Digital Forensics"
        ]
    },
    {
        "id": 528,
        "firstName": "Odelinda",
        "lastName": "Creany",
        "email": "ocreany7@live.com",
        "programme": "IE",
        "courses": [
            "Digital Forensics"
        ]
    },
    {
        "id": 529,
        "firstName": "Ara",
        "lastName": "Borsi",
        "email": "aborsio@wsj.com",
        "programme": "CS",
        "courses": [
            "Digital Forensics"
        ]
    },
    {
        "id": 530,
        "firstName": "Chrisy",
        "lastName": "Pond-Jones",
        "email": "cpondjonesp@ucoz.com",
        "programme": "ME",
        "courses": [
            "Digital Forensics"
        ]
    },
    {
        "id": 531,
        "firstName": "Emma",
        "lastName": "Davidof",
        "email": "edavidofa@sitemeter.com",
        "programme": "CS",
        "courses": [
            "Hadoop"
        ]
    },
    {
        "id": 532,
        "firstName": "Wenonah",
        "lastName": "Bossel",
        "email": "wbosselh@wisc.edu",
        "programme": "IE",
        "courses": [
            "Hadoop"
        ]
    },
    {
        "id": 533,
        "firstName": "Enrika",
        "lastName": "Whyler",
        "email": "ewhylerg@baidu.com",
        "programme": "CO",
        "courses": [
            "BigData"
        ]
    },
    {
        "id": 534,
        "firstName": "Winne",
        "lastName": "Godman",
        "email": "wgodmanq@wunderground.com",
        "programme": "IE",
        "courses": [
            "Hadoop"
        ]
    },
    {
        "id": 535,
        "firstName": "Shelley",
        "lastName": "Dangerfield",
        "email": "sdangerfield2@sogou.com",
        "programme": "CO",
        "courses": [
            "BigData"
        ]
    },
    {
        "id": 536,
        "firstName": "Kimmi",
        "lastName": "Martinec",
        "email": "kmartinec0@squidoo.com",
        "programme": "EX",
        "courses": [
            "Digital Forensics"
        ]
    },
    {
        "id": 537,
        "firstName": "Kristine",
        "lastName": "O' Mulderrig",
        "email": "komulderrig6@hostgator.com",
        "programme": "ME",
        "courses": [
            "BigData"
        ]
    },
    {
        "id": 538,
        "firstName": "Frayda",
        "lastName": "Worthing",
        "email": "fworthingd@aboutads.info",
        "programme": "CO",
        "courses": [
            "Hadoop"
        ]
    },
    {
        "id": 539,
        "firstName": "Jillayne",
        "lastName": "Snoad",
        "email": "jsnoad12@over-blog.com",
        "programme": "CO",
        "courses": [
            "BigData"
        ]
    },
    {
        "id": 540,
        "firstName": "Dorothy",
        "lastName": "Futcher",
        "email": "dfutcher14@yelp.com",
        "programme": "ME",
        "courses": [
            "Digital Forensics"
        ]
    },
    {
        "id": 541,
        "firstName": "Betsey",
        "lastName": "Statter",
        "email": "bstatter11@networksolutions.com",
        "programme": "CO",
        "courses": [
            "Digital Forensics"
        ]
    },
    {
        "id": 542,
        "firstName": "Diego",
        "lastName": "Droogan",
        "email": "ddroogan13@google.nl",
        "programme": "CS",
        "courses": [
            "Hadoop"
        ]
    },
    {
        "id": 543,
        "firstName": "Chen",
        "lastName": "Meake",
        "email": "cmeakex@cbsnews.com",
        "programme": "EX",
        "courses": [
            "Hadoop"
        ]
    },
    {
        "id": 544,
        "firstName": "Ami",
        "lastName": "Frusher",
        "email": "afrusher1f@issuu.com",
        "programme": "EX",
        "courses": [
            "Digital Forensics"
        ]
    },
    {
        "id": 545,
        "firstName": "Vyky",
        "lastName": "Mapis",
        "email": "vmapis1m@xrea.com",
        "programme": "IE",
        "courses": [
            "Hadoop"
        ]
    },
    {
        "id": 546,
        "firstName": "Moritz",
        "lastName": "Hebner",
        "email": "mhebner16@salon.com",
        "programme": "CO",
        "courses": [
            "Hadoop"
        ]
    },
    {
        "id": 547,
        "firstName": "Martelle",
        "lastName": "Casiroli",
        "email": "mcasiroliy@vinaora.com",
        "programme": "CS",
        "courses": [
            "Hadoop"
        ]
    },
    {
        "id": 548,
        "firstName": "Joshia",
        "lastName": "Gue",
        "email": "jgue1i@51.la",
        "programme": "EX",
        "courses": [
            "Digital Forensics"
        ]
    },
    {
        "id": 549,
        "firstName": "Cecil",
        "lastName": "Ebbings",
        "email": "cebbings1e@ning.com",
        "programme": "IE",
        "courses": [
            "Digital Forensics"
        ]
    },
    {
        "id": 550,
        "firstName": "Guinevere",
        "lastName": "Penrose",
        "email": "gpenrose1d@multiply.com",
        "programme": "EX",
        "courses": [
            "BigData"
        ]
    },
    {
        "id": 551,
        "firstName": "Lillis",
        "lastName": "Haitlie",
        "email": "lhaitlie1l@goo.ne.jp",
        "programme": "CO",
        "courses": [
            "Hadoop"
        ]
    },
    {
        "id": 552,
        "firstName": "Lyon",
        "lastName": "Maffezzoli",
        "email": "lmaffezzoli1n@desdev.cn",
        "programme": "CO",
        "courses": [
            "Hadoop"
        ]
    },
    {
        "id": 553,
        "firstName": "Madelin",
        "lastName": "Scrowby",
        "email": "mscrowby1p@storify.com",
        "programme": "CS",
        "courses": [
            "BigData"
        ]
    },
    {
        "id": 554,
        "firstName": "Sharona",
        "lastName": "Simionescu",
        "email": "ssimionescu10@uol.com.br",
        "programme": "IE",
        "courses": [
            "BigData"
        ]
    },
    {
        "id": 555,
        "firstName": "Roseanne",
        "lastName": "Jellett",
        "email": "rjellett15@vistaprint.com",
        "programme": "EX",
        "courses": [
            "Digital Forensics"
        ]
    },
    {
        "id": 556,
        "firstName": "Selene",
        "lastName": "Ogg",
        "email": "soggz@example.com",
        "programme": "ME",
        "courses": [
            "Digital Forensics"
        ]
    },
    {
        "id": 557,
        "firstName": "Kellyann",
        "lastName": "Elwell",
        "email": "kelwell1o@prnewswire.com",
        "programme": "ME",
        "courses": [
            "BigData"
        ]
    },
    {
        "id": 558,
        "firstName": "Ansley",
        "lastName": "Heintzsch",
        "email": "aheintzsch17@jugem.jp",
        "programme": "IE",
        "courses": [
            "Hadoop"
        ]
    },
    {
        "id": 559,
        "firstName": "Hillard",
        "lastName": "Minchin",
        "email": "hminchin1u@scientificamerican.com",
        "programme": "CS",
        "courses": [
            "Hadoop"
        ]
    },
    {
        "id": 560,
        "firstName": "Birch",
        "lastName": "MacNess",
        "email": "bmacness1s@google.fr",
        "programme": "CO",
        "courses": [
            "Hadoop"
        ]
    },
    {
        "id": 561,
        "firstName": "Gwynne",
        "lastName": "Gallagher",
        "email": "ggallagher1j@soundcloud.com",
        "programme": "CS",
        "courses": [
            "BigData"
        ]
    },
    {
        "id": 562,
        "firstName": "Dav",
        "lastName": "Crumly",
        "email": "dcrumly1g@harvard.edu",
        "programme": "EX",
        "courses": [
            "Hadoop"
        ]
    },
    {
        "id": 563,
        "firstName": "Holly",
        "lastName": "Hilldrop",
        "email": "hhilldrop1r@hc360.com",
        "programme": "EX",
        "courses": [
            "Digital Forensics"
        ]
    },
    {
        "id": 564,
        "firstName": "Moore",
        "lastName": "Blyth",
        "email": "mblyth1k@ucla.edu",
        "programme": "IE",
        "courses": [
            "Digital Forensics"
        ]
    },
    {
        "id": 565,
        "firstName": "Cecily",
        "lastName": "Curteis",
        "email": "ccurteis19@techcrunch.com",
        "programme": "IE",
        "courses": [
            "Hadoop"
        ]
    },
    {
        "id": 566,
        "firstName": "Trenton",
        "lastName": "Tommasi",
        "email": "ttommasi1a@ucsd.edu",
        "programme": "CO",
        "courses": [
            "Hadoop"
        ]
    },
    {
        "id": 567,
        "firstName": "Virginie",
        "lastName": "Crathern",
        "email": "vcrathernw@irs.gov",
        "programme": "IE",
        "courses": [
            "BigData"
        ]
    },
    {
        "id": 568,
        "firstName": "Dasi",
        "lastName": "Sails",
        "email": "dsails1t@biglobe.ne.jp",
        "programme": "EX",
        "courses": [
            "BigData"
        ]
    },
    {
        "id": 569,
        "firstName": "Viviyan",
        "lastName": "Wadge",
        "email": "vwadge1h@delicious.com",
        "programme": "CS",
        "courses": [
            "Hadoop"
        ]
    },
    {
        "id": 570,
        "firstName": "Trixy",
        "lastName": "Lorkings",
        "email": "tlorkings20@jimdo.com",
        "programme": "IE",
        "courses": [
            "BigData"
        ]
    },
    {
        "id": 571,
        "firstName": "Nancie",
        "lastName": "Scotcher",
        "email": "nscotcher1x@gizmodo.com",
        "programme": "IE",
        "courses": [
            "Digital Forensics"
        ]
    },
    {
        "id": 572,
        "firstName": "Stephi",
        "lastName": "Hugh",
        "email": "shugh1c@booking.com",
        "programme": "CS",
        "courses": [
            "Hadoop"
        ]
    },
    {
        "id": 573,
        "firstName": "Ferrell",
        "lastName": "Ansett",
        "email": "fansett18@redcross.org",
        "programme": "IE",
        "courses": [
            "Hadoop"
        ]
    },
    {
        "id": 574,
        "firstName": "Jason",
        "lastName": "Bollin",
        "email": "jbollin1y@blogspot.com",
        "programme": "CS",
        "courses": [
            "Hadoop"
        ]
    },
    {
        "id": 575,
        "firstName": "Fern",
        "lastName": "Diggles",
        "email": "fdiggles1z@technorati.com",
        "programme": "ME",
        "courses": [
            "BigData"
        ]
    },
    {
        "id": 576,
        "firstName": "Dre",
        "lastName": "Mervyn",
        "email": "dmervyn23@mail.ru",
        "programme": "ME",
        "courses": [
            "BigData"
        ]
    },
    {
        "id": 577,
        "firstName": "Norton",
        "lastName": "Albasiny",
        "email": "nalbasiny1v@ow.ly",
        "programme": "ME",
        "courses": [
            "Hadoop"
        ]
    },
    {
        "id": 578,
        "firstName": "Geoffry",
        "lastName": "Donavan",
        "email": "gdonavan21@geocities.com",
        "programme": "EX",
        "courses": [
            "BigData"
        ]
    },
    {
        "id": 579,
        "firstName": "Gottfried",
        "lastName": "Koenraad",
        "email": "gkoenraad1q@theguardian.com",
        "programme": "CO",
        "courses": [
            "BigData"
        ]
    },
    {
        "id": 580,
        "firstName": "Fowler",
        "lastName": "Wathan",
        "email": "fwathan25@fda.gov",
        "programme": "ME",
        "courses": [
            "Digital Forensics"
        ]
    },
    {
        "id": 581,
        "firstName": "Shaylah",
        "lastName": "Gonthard",
        "email": "sgonthard26@drupal.org",
        "programme": "EX",
        "courses": [
            "Hadoop"
        ]
    },
    {
        "id": 582,
        "firstName": "Bancroft",
        "lastName": "Colbrun",
        "email": "bcolbrun1w@mit.edu",
        "programme": "EX",
        "courses": [
            "Hadoop"
        ]
    },
    {
        "id": 583,
        "firstName": "Hebert",
        "lastName": "Darlington",
        "email": "hdarlington2d@irs.gov",
        "programme": "IE",
        "courses": [
            "BigData"
        ]
    },
    {
        "id": 584,
        "firstName": "Calvin",
        "lastName": "Pennings",
        "email": "cpennings22@blogtalkradio.com",
        "programme": "EX",
        "courses": [
            "BigData"
        ]
    },
    {
        "id": 585,
        "firstName": "Evangelin",
        "lastName": "Boyle",
        "email": "eboyle29@wikia.com",
        "programme": "ME",
        "courses": [
            "Digital Forensics"
        ]
    },
    {
        "id": 586,
        "firstName": "Demetra",
        "lastName": "Baggalley",
        "email": "dbaggalley2o@harvard.edu",
        "programme": "ME",
        "courses": [
            "Digital Forensics"
        ]
    },
    {
        "id": 587,
        "firstName": "Yoshiko",
        "lastName": "Reddington",
        "email": "yreddington27@cargocollective.com",
        "programme": "CS",
        "courses": [
            "Hadoop"
        ]
    },
    {
        "id": 588,
        "firstName": "Cristy",
        "lastName": "Wollen",
        "email": "cwollen2q@europa.eu",
        "programme": "CO",
        "courses": [
            "Hadoop"
        ]
    },
    {
        "id": 589,
        "firstName": "Carie",
        "lastName": "Sneesbie",
        "email": "csneesbie2p@mit.edu",
        "programme": "ME",
        "courses": [
            "Hadoop"
        ]
    },
    {
        "id": 590,
        "firstName": "Silvester",
        "lastName": "Gossart",
        "email": "sgossart2b@usgs.gov",
        "programme": "ME",
        "courses": [
            "BigData"
        ]
    },
    {
        "id": 591,
        "firstName": "Kalie",
        "lastName": "Binnall",
        "email": "kbinnall2r@opensource.org",
        "programme": "EX",
        "courses": [
            "Digital Forensics"
        ]
    },
    {
        "id": 592,
        "firstName": "Karia",
        "lastName": "Huthart",
        "email": "khuthart2e@alibaba.com",
        "programme": "EX",
        "courses": [
            "Hadoop"
        ]
    },
    {
        "id": 593,
        "firstName": "Eustacia",
        "lastName": "Bartolozzi",
        "email": "ebartolozzi2a@booking.com",
        "programme": "CS",
        "courses": [
            "Digital Forensics"
        ]
    },
    {
        "id": 594,
        "firstName": "Claudius",
        "lastName": "Zecchini",
        "email": "czecchini2k@about.com",
        "programme": "EX",
        "courses": [
            "BigData"
        ]
    },
    {
        "id": 595,
        "firstName": "Bartolemo",
        "lastName": "Faithfull",
        "email": "bfaithfull2i@homestead.com",
        "programme": "IE",
        "courses": [
            "BigData"
        ]
    },
    {
        "id": 596,
        "firstName": "Jaquith",
        "lastName": "Hallad",
        "email": "jhallad1b@odnoklassniki.ru",
        "programme": "ME",
        "courses": [
            "BigData"
        ]
    },
    {
        "id": 597,
        "firstName": "Onofredo",
        "lastName": "O'Doran",
        "email": "oodoran2n@omniture.com",
        "programme": "CS",
        "courses": [
            "Digital Forensics"
        ]
    },
    {
        "id": 598,
        "firstName": "Winna",
        "lastName": "Notton",
        "email": "wnotton2j@1688.com",
        "programme": "ME",
        "courses": [
            "Hadoop"
        ]
    },
    {
        "id": 599,
        "firstName": "Ciel",
        "lastName": "Fley",
        "email": "cfley28@over-blog.com",
        "programme": "CS",
        "courses": [
            "Hadoop"
        ]
    },
    {
        "id": 600,
        "firstName": "Brendon",
        "lastName": "Jory",
        "email": "bjory2c@storify.com",
        "programme": "CO",
        "courses": [
            "Digital Forensics"
        ]
    },
    {
        "id": 601,
        "firstName": "Dame",
        "lastName": "Jeanneau",
        "email": "djeanneau2g@livejournal.com",
        "programme": "CO",
        "courses": [
            "Digital Forensics"
        ]
    },
    {
        "id": 602,
        "firstName": "Evie",
        "lastName": "Bunton",
        "email": "ebunton2m@tinypic.com",
        "programme": "ME",
        "courses": [
            "Hadoop"
        ]
    },
    {
        "id": 603,
        "firstName": "Viviana",
        "lastName": "Barnsdale",
        "email": "vbarnsdale2f@bravesites.com",
        "programme": "IE",
        "courses": [
            "BigData"
        ]
    },
    {
        "id": 604,
        "firstName": "Boonie",
        "lastName": "Hardaway",
        "email": "bhardaway2h@taobao.com",
        "programme": "CO",
        "courses": [
            "Digital Forensics"
        ]
    },
    {
        "id": 605,
        "firstName": "Coop",
        "lastName": "Sollitt",
        "email": "csollitt24@cbsnews.com",
        "programme": "CS",
        "courses": [
            "Digital Forensics"
        ]
    },
    {
        "id": 606,
        "firstName": "Nydia",
        "lastName": "Hooks",
        "email": "nhooks2l@feedburner.com",
        "programme": "CS",
        "courses": [
            "Digital Forensics"
        ]
    },
    {
        "id": 607,
        "firstName": "Deny",
        "lastName": "Werny",
        "email": "dwerny1e@mediafire.com",
        "programme": "CO",
        "courses": [
            "Digital Forensics"
        ]
    },
    {
        "id": 608,
        "firstName": "Monty",
        "lastName": "Seak",
        "email": "mseaky@slideshare.net",
        "programme": "CS",
        "courses": [
            "Hadoop"
        ]
    },
    {
        "id": 609,
        "firstName": "Angie",
        "lastName": "Aicheson",
        "email": "aaicheson1f@cisco.com",
        "programme": "CO",
        "courses": [
            "BigData"
        ]
    },
    {
        "id": 610,
        "firstName": "Gar",
        "lastName": "Sherington",
        "email": "gsherington1q@nasa.gov",
        "programme": "IE",
        "courses": [
            "BigData"
        ]
    },
    {
        "id": 611,
        "firstName": "Nicol",
        "lastName": "Covelle",
        "email": "ncovelle3@prlog.org",
        "programme": "EX",
        "courses": [
            "Hadoop"
        ]
    },
    {
        "id": 612,
        "firstName": "Sven",
        "lastName": "Bresland",
        "email": "sbresland1n@si.edu",
        "programme": "ME",
        "courses": [
            "Digital Forensics"
        ]
    },
    {
        "id": 613,
        "firstName": "Avram",
        "lastName": "Hub",
        "email": "ahub11@gnu.org",
        "programme": "CS",
        "courses": [
            "Digital Forensics"
        ]
    },
    {
        "id": 614,
        "firstName": "Philbert",
        "lastName": "MacCroary",
        "email": "pmaccroaryd@drupal.org",
        "programme": "CS",
        "courses": [
            "Hadoop"
        ]
    },
    {
        "id": 615,
        "firstName": "Tomi",
        "lastName": "Wiggington",
        "email": "twiggington14@dion.ne.jp",
        "programme": "IE",
        "courses": [
            "BigData"
        ]
    },
    {
        "id": 616,
        "firstName": "Blakeley",
        "lastName": "Tessier",
        "email": "btessier5@naver.com",
        "programme": "CO",
        "courses": [
            "Hadoop"
        ]
    },
    {
        "id": 617,
        "firstName": "Monica",
        "lastName": "Tedstone",
        "email": "mtedstone1h@skyrock.com",
        "programme": "ME",
        "courses": [
            "Digital Forensics"
        ]
    },
    {
        "id": 618,
        "firstName": "Orren",
        "lastName": "Asche",
        "email": "oasche1d@google.co.jp",
        "programme": "CS",
        "courses": [
            "Hadoop"
        ]
    },
    {
        "id": 619,
        "firstName": "Lauree",
        "lastName": "Webborn",
        "email": "lwebborn1m@infoseek.co.jp",
        "programme": "CO",
        "courses": [
            "Hadoop"
        ]
    },
    {
        "id": 620,
        "firstName": "Lara",
        "lastName": "Flear",
        "email": "lflear18@aboutads.info",
        "programme": "IE",
        "courses": [
            "Hadoop"
        ]
    },
    {
        "id": 621,
        "firstName": "Colene",
        "lastName": "Izacenko",
        "email": "cizacenkos@examiner.com",
        "programme": "CS",
        "courses": [
            "BigData"
        ]
    },
    {
        "id": 622,
        "firstName": "Ephrayim",
        "lastName": "Dionisi",
        "email": "edionisi1c@instagram.com",
        "programme": "IE",
        "courses": [
            "BigData"
        ]
    },
    {
        "id": 623,
        "firstName": "Marie-ann",
        "lastName": "Bourdas",
        "email": "mbourdasv@reddit.com",
        "programme": "CS",
        "courses": [
            "Hadoop"
        ]
    },
    {
        "id": 624,
        "firstName": "Robinson",
        "lastName": "Talboy",
        "email": "rtalboy15@auda.org.au",
        "programme": "CS",
        "courses": [
            "BigData"
        ]
    },
    {
        "id": 625,
        "firstName": "Faber",
        "lastName": "O'Donovan",
        "email": "fodonovanw@comsenz.com",
        "programme": "EX",
        "courses": [
            "Hadoop"
        ]
    },
    {
        "id": 626,
        "firstName": "Ashlie",
        "lastName": "Hannon",
        "email": "ahannon0@infoseek.co.jp",
        "programme": "EX",
        "courses": [
            "BigData"
        ]
    },
    {
        "id": 627,
        "firstName": "Shelby",
        "lastName": "McElhinney",
        "email": "smcelhinney2@google.es",
        "programme": "IE",
        "courses": [
            "Digital Forensics"
        ]
    },
    {
        "id": 628,
        "firstName": "Thelma",
        "lastName": "Hearsum",
        "email": "thearsum12@cbslocal.com",
        "programme": "IE",
        "courses": [
            "BigData"
        ]
    },
    {
        "id": 629,
        "firstName": "Joelynn",
        "lastName": "Alvarado",
        "email": "jalvarado8@mac.com",
        "programme": "ME",
        "courses": [
            "BigData"
        ]
    },
    {
        "id": 630,
        "firstName": "Maje",
        "lastName": "Moorman",
        "email": "mmoormanz@blog.com",
        "programme": "CS",
        "courses": [
            "BigData"
        ]
    },
    {
        "id": 631,
        "firstName": "Rachael",
        "lastName": "Edy",
        "email": "redy1r@accuweather.com",
        "programme": "ME",
        "courses": [
            "Digital Forensics"
        ]
    },
    {
        "id": 632,
        "firstName": "Rainer",
        "lastName": "Salway",
        "email": "rsalway1o@irs.gov",
        "programme": "ME",
        "courses": [
            "Hadoop"
        ]
    },
    {
        "id": 633,
        "firstName": "Conny",
        "lastName": "Ruller",
        "email": "crullerp@multiply.com",
        "programme": "EX",
        "courses": [
            "Digital Forensics"
        ]
    },
    {
        "id": 634,
        "firstName": "Temple",
        "lastName": "Kensit",
        "email": "tkensitt@ucoz.com",
        "programme": "CS",
        "courses": [
            "Hadoop"
        ]
    },
    {
        "id": 635,
        "firstName": "Agnella",
        "lastName": "Stygall",
        "email": "astygallj@tinypic.com",
        "programme": "CS",
        "courses": [
            "Digital Forensics"
        ]
    },
    {
        "id": 636,
        "firstName": "Ashley",
        "lastName": "Bolam",
        "email": "abolamo@intel.com",
        "programme": "EX",
        "courses": [
            "Hadoop"
        ]
    },
    {
        "id": 637,
        "firstName": "Rachel",
        "lastName": "Audritt",
        "email": "raudrittu@ucsd.edu",
        "programme": "CO",
        "courses": [
            "Hadoop"
        ]
    },
    {
        "id": 638,
        "firstName": "Letty",
        "lastName": "Applebee",
        "email": "lapplebee17@amazon.co.jp",
        "programme": "CO",
        "courses": [
            "Hadoop"
        ]
    },
    {
        "id": 639,
        "firstName": "Cesare",
        "lastName": "Tarbet",
        "email": "ctarbet13@accuweather.com",
        "programme": "IE",
        "courses": [
            "BigData"
        ]
    },
    {
        "id": 640,
        "firstName": "Alysia",
        "lastName": "Andreutti",
        "email": "aandreuttik@utexas.edu",
        "programme": "EX",
        "courses": [
            "Digital Forensics"
        ]
    },
    {
        "id": 641,
        "firstName": "Brien",
        "lastName": "Gonin",
        "email": "bgonin1g@tamu.edu",
        "programme": "ME",
        "courses": [
            "Hadoop"
        ]
    },
    {
        "id": 642,
        "firstName": "Griffith",
        "lastName": "Lacy",
        "email": "glacyf@homestead.com",
        "programme": "ME",
        "courses": [
            "BigData"
        ]
    },
    {
        "id": 643,
        "firstName": "Emmanuel",
        "lastName": "Eshmade",
        "email": "eeshmade1@nba.com",
        "programme": "IE",
        "courses": [
            "BigData"
        ]
    },
    {
        "id": 644,
        "firstName": "Aldus",
        "lastName": "Scholig",
        "email": "ascholig10@soup.io",
        "programme": "IE",
        "courses": [
            "Hadoop"
        ]
    },
    {
        "id": 645,
        "firstName": "Doretta",
        "lastName": "Mansel",
        "email": "dmanselg@state.tx.us",
        "programme": "CS",
        "courses": [
            "Digital Forensics"
        ]
    },
    {
        "id": 646,
        "firstName": "Fonzie",
        "lastName": "Maben",
        "email": "fmabenr@163.com",
        "programme": "ME",
        "courses": [
            "Digital Forensics"
        ]
    },
    {
        "id": 647,
        "firstName": "Jaquenetta",
        "lastName": "Dinan",
        "email": "jdinana@delicious.com",
        "programme": "EX",
        "courses": [
            "BigData"
        ]
    },
    {
        "id": 648,
        "firstName": "Franklyn",
        "lastName": "Duddle",
        "email": "fduddle9@ucoz.com",
        "programme": "IE",
        "courses": [
            "Hadoop"
        ]
    },
    {
        "id": 649,
        "firstName": "Kenny",
        "lastName": "Pearmine",
        "email": "kpearmineb@ask.com",
        "programme": "EX",
        "courses": [
            "BigData"
        ]
    },
    {
        "id": 650,
        "firstName": "Terrie",
        "lastName": "Chalcot",
        "email": "tchalcot1b@spotify.com",
        "programme": "EX",
        "courses": [
            "Digital Forensics"
        ]
    },
    {
        "id": 651,
        "firstName": "Clay",
        "lastName": "Irlam",
        "email": "cirlam19@dailymail.co.uk",
        "programme": "CS",
        "courses": [
            "Digital Forensics"
        ]
    },
    {
        "id": 652,
        "firstName": "Ly",
        "lastName": "Volkes",
        "email": "lvolkesl@seesaa.net",
        "programme": "ME",
        "courses": [
            "Digital Forensics"
        ]
    },
    {
        "id": 653,
        "firstName": "Val",
        "lastName": "Gergler",
        "email": "vgergler6@webmd.com",
        "programme": "CO",
        "courses": [
            "Digital Forensics"
        ]
    },
    {
        "id": 654,
        "firstName": "Tadeas",
        "lastName": "Rowlands",
        "email": "trowlands1k@sogou.com",
        "programme": "CO",
        "courses": [
            "BigData"
        ]
    },
    {
        "id": 655,
        "firstName": "Beltran",
        "lastName": "Gebbie",
        "email": "bgebbie1l@japanpost.jp",
        "programme": "IE",
        "courses": [
            "BigData"
        ]
    },
    {
        "id": 656,
        "firstName": "Colet",
        "lastName": "Denyukin",
        "email": "cdenyukin16@google.co.uk",
        "programme": "IE",
        "courses": [
            "BigData"
        ]
    },
    {
        "id": 657,
        "firstName": "Flossy",
        "lastName": "Spinney",
        "email": "fspinney1j@acquirethisname.com",
        "programme": "IE",
        "courses": [
            "Hadoop"
        ]
    },
    {
        "id": 658,
        "firstName": "Drud",
        "lastName": "Lockhart",
        "email": "dlockhartx@discovery.com",
        "programme": "IE",
        "courses": [
            "BigData"
        ]
    },
    {
        "id": 659,
        "firstName": "Missy",
        "lastName": "Lawles",
        "email": "mlawles1i@tmall.com",
        "programme": "CS",
        "courses": [
            "BigData"
        ]
    },
    {
        "id": 660,
        "firstName": "Maryrose",
        "lastName": "Farmery",
        "email": "mfarmerye@auda.org.au",
        "programme": "EX",
        "courses": [
            "Digital Forensics"
        ]
    },
    {
        "id": 661,
        "firstName": "Scarlett",
        "lastName": "Govini",
        "email": "sgovinic@nature.com",
        "programme": "EX",
        "courses": [
            "Hadoop"
        ]
    },
    {
        "id": 662,
        "firstName": "Tamara",
        "lastName": "Luty",
        "email": "tlutyi@vk.com",
        "programme": "CS",
        "courses": [
            "BigData"
        ]
    },
    {
        "id": 663,
        "firstName": "Rosalinda",
        "lastName": "Mixon",
        "email": "rmixon1p@friendfeed.com",
        "programme": "ME",
        "courses": [
            "Hadoop"
        ]
    },
    {
        "id": 664,
        "firstName": "Giffy",
        "lastName": "Hedger",
        "email": "ghedger1a@sciencedaily.com",
        "programme": "CS",
        "courses": [
            "Digital Forensics"
        ]
    },
    {
        "id": 665,
        "firstName": "Hernando",
        "lastName": "Postans",
        "email": "hpostansm@slate.com",
        "programme": "EX",
        "courses": [
            "Hadoop"
        ]
    },
    {
        "id": 666,
        "firstName": "Zared",
        "lastName": "Danbye",
        "email": "zdanbyeh@studiopress.com",
        "programme": "EX",
        "courses": [
            "BigData"
        ]
    },
    {
        "id": 667,
        "firstName": "Andromache",
        "lastName": "Bignell",
        "email": "abignell4@archive.org",
        "programme": "EX",
        "courses": [
            "Digital Forensics"
        ]
    },
    {
        "id": 668,
        "firstName": "Gerrie",
        "lastName": "Marty",
        "email": "gmarty7@bloomberg.com",
        "programme": "CS",
        "courses": [
            "BigData"
        ]
    },
    {
        "id": 669,
        "firstName": "Sonnie",
        "lastName": "Zammett",
        "email": "szammettn@macromedia.com",
        "programme": "IE",
        "courses": [
            "Hadoop"
        ]
    },
    {
        "id": 670,
        "firstName": "Alane",
        "lastName": "Abdy",
        "email": "aabdyq@hc360.com",
        "programme": "CS",
        "courses": [
            "BigData"
        ]
    },
    {
        "id": 671,
        "firstName": "Lyndsey",
        "lastName": "Oatley",
        "email": "loatley1t@army.mil",
        "programme": "EX",
        "courses": [
            "Digital Forensics"
        ]
    },
    {
        "id": 672,
        "firstName": "Noella",
        "lastName": "Biagioni",
        "email": "nbiagioni2h@answers.com",
        "programme": "IE",
        "courses": [
            "Digital Forensics"
        ]
    },
    {
        "id": 673,
        "firstName": "Alvy",
        "lastName": "Tallman",
        "email": "atallman2c@mtv.com",
        "programme": "ME",
        "courses": [
            "BigData"
        ]
    },
    {
        "id": 674,
        "firstName": "Thayne",
        "lastName": "Serchwell",
        "email": "tserchwell1s@xing.com",
        "programme": "ME",
        "courses": [
            "BigData"
        ]
    },
    {
        "id": 675,
        "firstName": "Rasia",
        "lastName": "Fulmen",
        "email": "rfulmen1u@nymag.com",
        "programme": "ME",
        "courses": [
            "Digital Forensics"
        ]
    },
    {
        "id": 676,
        "firstName": "Fayina",
        "lastName": "O'Hartagan",
        "email": "fohartagan24@instagram.com",
        "programme": "CO",
        "courses": [
            "Hadoop"
        ]
    },
    {
        "id": 677,
        "firstName": "Lyndsey",
        "lastName": "Leggan",
        "email": "lleggan1y@twitpic.com",
        "programme": "CO",
        "courses": [
            "BigData"
        ]
    },
    {
        "id": 678,
        "firstName": "Winifield",
        "lastName": "Gudd",
        "email": "wgudd2b@wisc.edu",
        "programme": "EX",
        "courses": [
            "Digital Forensics"
        ]
    },
    {
        "id": 679,
        "firstName": "Byran",
        "lastName": "Jennins",
        "email": "bjennins1w@networkadvertising.org",
        "programme": "ME",
        "courses": [
            "Hadoop"
        ]
    },
    {
        "id": 680,
        "firstName": "Barbee",
        "lastName": "Burehill",
        "email": "bburehill26@unc.edu",
        "programme": "IE",
        "courses": [
            "BigData"
        ]
    },
    {
        "id": 681,
        "firstName": "Johnette",
        "lastName": "Corrao",
        "email": "jcorrao2k@nifty.com",
        "programme": "ME",
        "courses": [
            "Hadoop"
        ]
    },
    {
        "id": 682,
        "firstName": "Gayler",
        "lastName": "Futcher",
        "email": "gfutcher20@hp.com",
        "programme": "ME",
        "courses": [
            "BigData"
        ]
    },
    {
        "id": 683,
        "firstName": "Luci",
        "lastName": "Cunnah",
        "email": "lcunnah2d@icio.us",
        "programme": "EX",
        "courses": [
            "Hadoop"
        ]
    },
    {
        "id": 684,
        "firstName": "Hobard",
        "lastName": "Feasby",
        "email": "hfeasby2p@economist.com",
        "programme": "CO",
        "courses": [
            "BigData"
        ]
    },
    {
        "id": 685,
        "firstName": "Washington",
        "lastName": "Parncutt",
        "email": "wparncutt2f@fc2.com",
        "programme": "ME",
        "courses": [
            "BigData"
        ]
    },
    {
        "id": 686,
        "firstName": "Jerry",
        "lastName": "Rissen",
        "email": "jrissen25@ox.ac.uk",
        "programme": "ME",
        "courses": [
            "Hadoop"
        ]
    },
    {
        "id": 687,
        "firstName": "Brien",
        "lastName": "Grahl",
        "email": "bgrahl1x@newyorker.com",
        "programme": "CO",
        "courses": [
            "Digital Forensics"
        ]
    },
    {
        "id": 688,
        "firstName": "Leif",
        "lastName": "Hugonin",
        "email": "lhugonin2a@bravesites.com",
        "programme": "EX",
        "courses": [
            "Hadoop"
        ]
    },
    {
        "id": 689,
        "firstName": "Stacee",
        "lastName": "Lethby",
        "email": "slethby1v@walmart.com",
        "programme": "EX",
        "courses": [
            "BigData"
        ]
    },
    {
        "id": 690,
        "firstName": "Zonda",
        "lastName": "Charke",
        "email": "zcharke2q@gov.uk",
        "programme": "CO",
        "courses": [
            "Hadoop"
        ]
    },
    {
        "id": 691,
        "firstName": "Paula",
        "lastName": "Aubry",
        "email": "paubry1z@is.gd",
        "programme": "EX",
        "courses": [
            "Hadoop"
        ]
    },
    {
        "id": 692,
        "firstName": "Adair",
        "lastName": "Jiruch",
        "email": "ajiruch21@dell.com",
        "programme": "CO",
        "courses": [
            "BigData"
        ]
    },
    {
        "id": 693,
        "firstName": "Forster",
        "lastName": "Apfelmann",
        "email": "fapfelmann2l@sbwire.com",
        "programme": "EX",
        "courses": [
            "Digital Forensics"
        ]
    },
    {
        "id": 694,
        "firstName": "Ariela",
        "lastName": "O' Shea",
        "email": "aoshea2g@europa.eu",
        "programme": "EX",
        "courses": [
            "Digital Forensics"
        ]
    },
    {
        "id": 695,
        "firstName": "Layton",
        "lastName": "Shirt",
        "email": "lshirt2o@squidoo.com",
        "programme": "CO",
        "courses": [
            "BigData"
        ]
    },
    {
        "id": 696,
        "firstName": "Cybill",
        "lastName": "Dunlap",
        "email": "cdunlap27@cafepress.com",
        "programme": "ME",
        "courses": [
            "Hadoop"
        ]
    },
    {
        "id": 697,
        "firstName": "Shanna",
        "lastName": "Atwel",
        "email": "satwel22@freewebs.com",
        "programme": "CO",
        "courses": [
            "Digital Forensics"
        ]
    },
    {
        "id": 698,
        "firstName": "Colette",
        "lastName": "Rushbrook",
        "email": "crushbrook2i@unesco.org",
        "programme": "IE",
        "courses": [
            "Digital Forensics"
        ]
    },
    {
        "id": 699,
        "firstName": "Amelita",
        "lastName": "Warbey",
        "email": "awarbey2m@about.me",
        "programme": "CO",
        "courses": [
            "Hadoop"
        ]
    },
    {
        "id": 700,
        "firstName": "Jed",
        "lastName": "Jiracek",
        "email": "jjiracek23@flavors.me",
        "programme": "IE",
        "courses": [
            "Digital Forensics"
        ]
    },
    {
        "id": 701,
        "firstName": "Maureen",
        "lastName": "Gerin",
        "email": "mgerin2r@blog.com",
        "programme": "EX",
        "courses": [
            "Digital Forensics"
        ]
    },
    {
        "id": 702,
        "firstName": "Claude",
        "lastName": "MacVagh",
        "email": "cmacvagh29@webnode.com",
        "programme": "IE",
        "courses": [
            "Hadoop"
        ]
    },
    {
        "id": 703,
        "firstName": "Mable",
        "lastName": "Isac",
        "email": "misac2e@mapquest.com",
        "programme": "IE",
        "courses": [
            "Hadoop"
        ]
    },
    {
        "id": 704,
        "firstName": "Lanie",
        "lastName": "Cissell",
        "email": "lcissell2j@epa.gov",
        "programme": "CS",
        "courses": [
            "Digital Forensics"
        ]
    },
    {
        "id": 705,
        "firstName": "Alan",
        "lastName": "MacAlpin",
        "email": "amacalpin28@amazon.co.uk",
        "programme": "EX",
        "courses": [
            "Digital Forensics"
        ]
    },
    {
        "id": 706,
        "firstName": "Sheba",
        "lastName": "Berney",
        "email": "sberneyv@free.fr",
        "programme": "CS",
        "courses": [
            "C#"
        ]
    },
    {
        "id": 707,
        "firstName": "Georgena",
        "lastName": "Dyne",
        "email": "gdyneq@timesonline.co.uk",
        "programme": "CS",
        "courses": [
            "C#"
        ]
    },
    {
        "id": 708,
        "firstName": "Umberto",
        "lastName": "Fincher",
        "email": "ufincher1l@cdc.gov",
        "programme": "CO",
        "courses": [
            "Hadoop"
        ]
    },
    {
        "id": 709,
        "firstName": "Morey",
        "lastName": "Lemonby",
        "email": "mlemonby3@acquirethisname.com",
        "programme": "CO",
        "courses": [
            "Java"
        ]
    },
    {
        "id": 710,
        "firstName": "Renaud",
        "lastName": "Kelk",
        "email": "rkelkm@ftc.gov",
        "programme": "CO",
        "courses": [
            "Java"
        ]
    },
    {
        "id": 711,
        "firstName": "Candie",
        "lastName": "Cogdon",
        "email": "ccogdons@theglobeandmail.com",
        "programme": "CS",
        "courses": [
            "Hadoop"
        ]
    },
    {
        "id": 712,
        "firstName": "Madison",
        "lastName": "Dunne",
        "email": "mdunne4@state.tx.us",
        "programme": "ME",
        "courses": [
            "Data"
        ]
    },
    {
        "id": 713,
        "firstName": "Kelwin",
        "lastName": "Rubinshtein",
        "email": "krubinshtein1o@timesonline.co.uk",
        "programme": "ME",
        "courses": [
            "Data"
        ]
    },
    {
        "id": 714,
        "firstName": "Dav",
        "lastName": "Peterson",
        "email": "dpetersonk@vimeo.com",
        "programme": "CS",
        "courses": [
            "C#"
        ]
    },
    {
        "id": 715,
        "firstName": "Maure",
        "lastName": "Pearcehouse",
        "email": "mpearcehouse1a@myspace.com",
        "programme": "CO",
        "courses": [
            "Data"
        ]
    },
    {
        "id": 716,
        "firstName": "Curtis",
        "lastName": "Lazonby",
        "email": "clazonbyx@zdnet.com",
        "programme": "CS",
        "courses": [
            "Data"
        ]
    },
    {
        "id": 717,
        "firstName": "Darline",
        "lastName": "Bleibaum",
        "email": "dbleibaum1r@ezinearticles.com",
        "programme": "CO",
        "courses": [
            "C#"
        ]
    },
    {
        "id": 718,
        "firstName": "Todd",
        "lastName": "Ondra",
        "email": "tondrai@springer.com",
        "programme": "CS",
        "courses": [
            "C#"
        ]
    },
    {
        "id": 719,
        "firstName": "Tome",
        "lastName": "Heinsh",
        "email": "theinsh1m@usatoday.com",
        "programme": "CO",
        "courses": [
            "Data"
        ]
    },
    {
        "id": 720,
        "firstName": "Hinda",
        "lastName": "Blenkiron",
        "email": "hblenkiron1k@pcworld.com",
        "programme": "CS",
        "courses": [
            "Data"
        ]
    },
    {
        "id": 721,
        "firstName": "Filberte",
        "lastName": "Simononsky",
        "email": "fsimononsky1d@istockphoto.com",
        "programme": "CS",
        "courses": [
            "C#"
        ]
    },
    {
        "id": 722,
        "firstName": "Dana",
        "lastName": "Bernhardt",
        "email": "dbernhardt15@people.com.cn",
        "programme": "ME",
        "courses": [
            "Java"
        ]
    },
    {
        "id": 723,
        "firstName": "Garfield",
        "lastName": "Stoffersen",
        "email": "gstoffersen2@paypal.com",
        "programme": "CS",
        "courses": [
            "Java"
        ]
    },
    {
        "id": 724,
        "firstName": "Laurie",
        "lastName": "Jancic",
        "email": "ljancict@yale.edu",
        "programme": "CS",
        "courses": [
            "Hadoop"
        ]
    },
    {
        "id": 725,
        "firstName": "Bride",
        "lastName": "Hambrick",
        "email": "bhambrick9@webeden.co.uk",
        "programme": "ME",
        "courses": [
            "Hadoop"
        ]
    },
    {
        "id": 726,
        "firstName": "Iver",
        "lastName": "Boat",
        "email": "iboatg@dailymail.co.uk",
        "programme": "CO",
        "courses": [
            "Hadoop"
        ]
    },
    {
        "id": 727,
        "firstName": "Alden",
        "lastName": "De Blasiis",
        "email": "adeblasiis1g@bigcartel.com",
        "programme": "CO",
        "courses": [
            "C#"
        ]
    },
    {
        "id": 728,
        "firstName": "Adah",
        "lastName": "Hatfull",
        "email": "ahatfull0@163.com",
        "programme": "CO",
        "courses": [
            "C#"
        ]
    },
    {
        "id": 729,
        "firstName": "Clevie",
        "lastName": "Accum",
        "email": "caccum14@amazon.com",
        "programme": "CS",
        "courses": [
            "Data"
        ]
    },
    {
        "id": 730,
        "firstName": "Guillaume",
        "lastName": "Pringle",
        "email": "gpringled@webnode.com",
        "programme": "CO",
        "courses": [
            "C#"
        ]
    },
    {
        "id": 731,
        "firstName": "Felisha",
        "lastName": "Perrygo",
        "email": "fperrygoe@smugmug.com",
        "programme": "ME",
        "courses": [
            "C#"
        ]
    },
    {
        "id": 732,
        "firstName": "Wyn",
        "lastName": "Strase",
        "email": "wstrase12@nbcnews.com",
        "programme": "CO",
        "courses": [
            "Data"
        ]
    },
    {
        "id": 733,
        "firstName": "Dael",
        "lastName": "Baptiste",
        "email": "dbaptiste1p@naver.com",
        "programme": "CO",
        "courses": [
            "Java"
        ]
    },
    {
        "id": 734,
        "firstName": "Mozes",
        "lastName": "Crabb",
        "email": "mcrabb1q@reverbnation.com",
        "programme": "ME",
        "courses": [
            "Hadoop"
        ]
    },
    {
        "id": 735,
        "firstName": "Lonnie",
        "lastName": "Wolsey",
        "email": "lwolsey1@abc.net.au",
        "programme": "CS",
        "courses": [
            "Hadoop"
        ]
    },
    {
        "id": 736,
        "firstName": "Kalila",
        "lastName": "Burton",
        "email": "kburton5@aol.com",
        "programme": "CO",
        "courses": [
            "C#"
        ]
    },
    {
        "id": 737,
        "firstName": "Devinne",
        "lastName": "Sogg",
        "email": "dsoggu@google.es",
        "programme": "CS",
        "courses": [
            "Data"
        ]
    },
    {
        "id": 738,
        "firstName": "Allen",
        "lastName": "Maryon",
        "email": "amaryon1j@google.com.au",
        "programme": "CO",
        "courses": [
            "Data"
        ]
    },
    {
        "id": 739,
        "firstName": "Wileen",
        "lastName": "Lochead",
        "email": "wlochead1h@photobucket.com",
        "programme": "ME",
        "courses": [
            "C#"
        ]
    },
    {
        "id": 740,
        "firstName": "Gnni",
        "lastName": "Tick",
        "email": "gticka@360.cn",
        "programme": "CS",
        "courses": [
            "Data"
        ]
    },
    {
        "id": 741,
        "firstName": "Nikolaos",
        "lastName": "Coughlin",
        "email": "ncoughlin1f@chron.com",
        "programme": "CS",
        "courses": [
            "Java"
        ]
    },
    {
        "id": 742,
        "firstName": "Anetta",
        "lastName": "Evison",
        "email": "aevison19@alibaba.com",
        "programme": "CO",
        "courses": [
            "Data"
        ]
    },
    {
        "id": 743,
        "firstName": "Rosalinde",
        "lastName": "McIleen",
        "email": "rmcileen1c@ed.gov",
        "programme": "CO",
        "courses": [
            "Data"
        ]
    },
    {
        "id": 744,
        "firstName": "Aristotle",
        "lastName": "Bartosinski",
        "email": "abartosinski8@msn.com",
        "programme": "CO",
        "courses": [
            "Data"
        ]
    },
    {
        "id": 745,
        "firstName": "Raoul",
        "lastName": "Swindell",
        "email": "rswindellh@fema.gov",
        "programme": "CO",
        "courses": [
            "C#"
        ]
    },
    {
        "id": 746,
        "firstName": "Rosamond",
        "lastName": "Seemmonds",
        "email": "rseemmonds10@illinois.edu",
        "programme": "CS",
        "courses": [
            "Java"
        ]
    },
    {
        "id": 747,
        "firstName": "Andras",
        "lastName": "Rodgerson",
        "email": "arodgerson7@biglobe.ne.jp",
        "programme": "CS",
        "courses": [
            "Data"
        ]
    },
    {
        "id": 748,
        "firstName": "Issi",
        "lastName": "Mountjoy",
        "email": "imountjoy17@army.mil",
        "programme": "CO",
        "courses": [
            "Hadoop"
        ]
    },
    {
        "id": 749,
        "firstName": "Donny",
        "lastName": "Ferre",
        "email": "dferren@pcworld.com",
        "programme": "ME",
        "courses": [
            "Data"
        ]
    },
    {
        "id": 750,
        "firstName": "Kyle",
        "lastName": "Thirtle",
        "email": "kthirtle1e@pcworld.com",
        "programme": "CO",
        "courses": [
            "C#"
        ]
    },
    {
        "id": 751,
        "firstName": "Nonna",
        "lastName": "Pietraszek",
        "email": "npietraszekj@constantcontact.com",
        "programme": "CO",
        "courses": [
            "Hadoop"
        ]
    },
    {
        "id": 752,
        "firstName": "Zsazsa",
        "lastName": "Newsham",
        "email": "znewsham1b@ibm.com",
        "programme": "CO",
        "courses": [
            "C#"
        ]
    },
    {
        "id": 753,
        "firstName": "Edee",
        "lastName": "Vaan",
        "email": "evaanc@ca.gov",
        "programme": "CS",
        "courses": [
            "Java"
        ]
    },
    {
        "id": 754,
        "firstName": "Calv",
        "lastName": "Ruff",
        "email": "cruff1i@geocities.jp",
        "programme": "CO",
        "courses": [
            "C#"
        ]
    },
    {
        "id": 755,
        "firstName": "Cordell",
        "lastName": "Sumption",
        "email": "csumptionr@skyrock.com",
        "programme": "CO",
        "courses": [
            "Hadoop"
        ]
    },
    {
        "id": 756,
        "firstName": "Alexander",
        "lastName": "Uman",
        "email": "aumanb@wiley.com",
        "programme": "ME",
        "courses": [
            "Hadoop"
        ]
    },
    {
        "id": 757,
        "firstName": "George",
        "lastName": "Farry",
        "email": "gfarryz@upenn.edu",
        "programme": "CS",
        "courses": [
            "Hadoop"
        ]
    },
    {
        "id": 758,
        "firstName": "Tressa",
        "lastName": "Windas",
        "email": "twindasp@imgur.com",
        "programme": "CO",
        "courses": [
            "Hadoop"
        ]
    },
    {
        "id": 759,
        "firstName": "Loren",
        "lastName": "Lanegran",
        "email": "llanegranw@eepurl.com",
        "programme": "ME",
        "courses": [
            "C#"
        ]
    },
    {
        "id": 760,
        "firstName": "Dixie",
        "lastName": "Phlippi",
        "email": "dphlippi18@free.fr",
        "programme": "CS",
        "courses": [
            "Data"
        ]
    },
    {
        "id": 761,
        "firstName": "Augustina",
        "lastName": "Gunning",
        "email": "agunning13@bing.com",
        "programme": "ME",
        "courses": [
            "Hadoop"
        ]
    },
    {
        "id": 762,
        "firstName": "Judi",
        "lastName": "Oxlade",
        "email": "joxlade6@qq.com",
        "programme": "CS",
        "courses": [
            "C#"
        ]
    },
    {
        "id": 763,
        "firstName": "Kayle",
        "lastName": "Lyston",
        "email": "klystony@networkadvertising.org",
        "programme": "CO",
        "courses": [
            "Java"
        ]
    },
    {
        "id": 764,
        "firstName": "Henry",
        "lastName": "Weinmann",
        "email": "hweinmann11@google.nl",
        "programme": "ME",
        "courses": [
            "C#"
        ]
    },
    {
        "id": 765,
        "firstName": "Arabele",
        "lastName": "Slopier",
        "email": "aslopierl@simplemachines.org",
        "programme": "CO",
        "courses": [
            "Hadoop"
        ]
    },
    {
        "id": 766,
        "firstName": "Guillermo",
        "lastName": "Hastings",
        "email": "ghastings16@amazon.com",
        "programme": "ME",
        "courses": [
            "C#"
        ]
    },
    {
        "id": 767,
        "firstName": "Silvia",
        "lastName": "Elijah",
        "email": "selijaho@foxnews.com",
        "programme": "CO",
        "courses": [
            "Hadoop"
        ]
    },
    {
        "id": 768,
        "firstName": "Jamal",
        "lastName": "Harewood",
        "email": "jharewoodf@bigcartel.com",
        "programme": "CO",
        "courses": [
            "C#"
        ]
    },
    {
        "id": 769,
        "firstName": "Jaquenette",
        "lastName": "Pinke",
        "email": "jpinke1n@mac.com",
        "programme": "CO",
        "courses": [
            "Hadoop"
        ]
    },
    {
        "id": 770,
        "firstName": "Aylmer",
        "lastName": "McChruiter",
        "email": "amcchruiter22@dropbox.com",
        "programme": "ME",
        "courses": [
            "Data"
        ]
    },
    {
        "id": 771,
        "firstName": "Zorine",
        "lastName": "Akehurst",
        "email": "zakehurst2l@imdb.com",
        "programme": "ME",
        "courses": [
            "C#"
        ]
    },
    {
        "id": 772,
        "firstName": "Odetta",
        "lastName": "Matthieson",
        "email": "omatthieson1s@bigcartel.com",
        "programme": "ME",
        "courses": [
            "C#"
        ]
    },
    {
        "id": 773,
        "firstName": "Latrina",
        "lastName": "Wesley",
        "email": "lwesley20@jimdo.com",
        "programme": "CO",
        "courses": [
            "Data"
        ]
    },
    {
        "id": 774,
        "firstName": "Osgood",
        "lastName": "Ottiwill",
        "email": "oottiwill2d@123-reg.co.uk",
        "programme": "CO",
        "courses": [
            "C#"
        ]
    },
    {
        "id": 775,
        "firstName": "Lon",
        "lastName": "Benedikt",
        "email": "lbenedikt1v@businessinsider.com",
        "programme": "CS",
        "courses": [
            "Data"
        ]
    },
    {
        "id": 776,
        "firstName": "Lolita",
        "lastName": "Monkley",
        "email": "lmonkley1t@tamu.edu",
        "programme": "CS",
        "courses": [
            "C#"
        ]
    },
    {
        "id": 777,
        "firstName": "Cathyleen",
        "lastName": "Stacy",
        "email": "cstacy2a@usa.gov",
        "programme": "ME",
        "courses": [
            "Hadoop"
        ]
    },
    {
        "id": 778,
        "firstName": "Angelica",
        "lastName": "Winchurst",
        "email": "awinchurst2e@msu.edu",
        "programme": "CS",
        "courses": [
            "Data"
        ]
    },
    {
        "id": 779,
        "firstName": "Aurea",
        "lastName": "Balderston",
        "email": "abalderston29@reuters.com",
        "programme": "CS",
        "courses": [
            "Hadoop"
        ]
    },
    {
        "id": 780,
        "firstName": "Izzy",
        "lastName": "Cholerton",
        "email": "icholerton1x@stanford.edu",
        "programme": "ME",
        "courses": [
            "Data"
        ]
    },
    {
        "id": 781,
        "firstName": "Chrysler",
        "lastName": "Alam",
        "email": "calam1w@surveymonkey.com",
        "programme": "ME",
        "courses": [
            "Hadoop"
        ]
    },
    {
        "id": 782,
        "firstName": "Minda",
        "lastName": "Cereceres",
        "email": "mcereceres1y@booking.com",
        "programme": "CS",
        "courses": [
            "C#"
        ]
    },
    {
        "id": 783,
        "firstName": "Ettie",
        "lastName": "Diable",
        "email": "ediable24@51.la",
        "programme": "CO",
        "courses": [
            "C#"
        ]
    },
    {
        "id": 784,
        "firstName": "Sharleen",
        "lastName": "Jermey",
        "email": "sjermey28@tumblr.com",
        "programme": "CS",
        "courses": [
            "Java"
        ]
    },
    {
        "id": 785,
        "firstName": "Zenia",
        "lastName": "Wickham",
        "email": "zwickham23@netvibes.com",
        "programme": "CO",
        "courses": [
            "Hadoop"
        ]
    },
    {
        "id": 786,
        "firstName": "Lewiss",
        "lastName": "Guy",
        "email": "lguy26@microsoft.com",
        "programme": "CS",
        "courses": [
            "C#"
        ]
    },
    {
        "id": 787,
        "firstName": "Loree",
        "lastName": "Eglise",
        "email": "leglise2b@qq.com",
        "programme": "CO",
        "courses": [
            "Data"
        ]
    },
    {
        "id": 788,
        "firstName": "Hilton",
        "lastName": "Mallinder",
        "email": "hmallinder1z@yellowbook.com",
        "programme": "CS",
        "courses": [
            "Java"
        ]
    },
    {
        "id": 789,
        "firstName": "Barnett",
        "lastName": "Doree",
        "email": "bdoree21@gizmodo.com",
        "programme": "CO",
        "courses": [
            "Java"
        ]
    },
    {
        "id": 790,
        "firstName": "Barnabe",
        "lastName": "Deveril",
        "email": "bdeveril2g@desdev.cn",
        "programme": "CS",
        "courses": [
            "Hadoop"
        ]
    },
    {
        "id": 791,
        "firstName": "Ashley",
        "lastName": "Core",
        "email": "acore2r@oakley.com",
        "programme": "CS",
        "courses": [
            "Data"
        ]
    },
    {
        "id": 792,
        "firstName": "Charleen",
        "lastName": "Menloe",
        "email": "cmenloe2n@chron.com",
        "programme": "CO",
        "courses": [
            "C#"
        ]
    },
    {
        "id": 793,
        "firstName": "Bernadine",
        "lastName": "Goeff",
        "email": "bgoeff2f@independent.co.uk",
        "programme": "CO",
        "courses": [
            "Java"
        ]
    },
    {
        "id": 794,
        "firstName": "Carlie",
        "lastName": "Blagbrough",
        "email": "cblagbrough27@pen.io",
        "programme": "ME",
        "courses": [
            "Java"
        ]
    },
    {
        "id": 795,
        "firstName": "Markos",
        "lastName": "De Giorgi",
        "email": "mdegiorgi25@bbc.co.uk",
        "programme": "ME",
        "courses": [
            "Java"
        ]
    },
    {
        "id": 796,
        "firstName": "Wyn",
        "lastName": "Kelner",
        "email": "wkelner1u@time.com",
        "programme": "CO",
        "courses": [
            "Data"
        ]
    },
    {
        "id": 797,
        "firstName": "Birdie",
        "lastName": "Sisselot",
        "email": "bsisselot2j@odnoklassniki.ru",
        "programme": "CS",
        "courses": [
            "Hadoop"
        ]
    },
    {
        "id": 798,
        "firstName": "Maddie",
        "lastName": "Broseke",
        "email": "mbroseke2o@usgs.gov",
        "programme": "ME",
        "courses": [
            "Hadoop"
        ]
    },
    {
        "id": 799,
        "firstName": "Ronnie",
        "lastName": "Burgan",
        "email": "rburgan2q@goo.ne.jp",
        "programme": "CO",
        "courses": [
            "Data"
        ]
    },
    {
        "id": 800,
        "firstName": "Lotti",
        "lastName": "Hillock",
        "email": "lhillock2c@theguardian.com",
        "programme": "ME",
        "courses": [
            "Hadoop"
        ]
    },
    {
        "id": 801,
        "firstName": "Ilyssa",
        "lastName": "Glennard",
        "email": "iglennard2m@columbia.edu",
        "programme": "CO",
        "courses": [
            "C#"
        ]
    },
    {
        "id": 802,
        "firstName": "Morgana",
        "lastName": "Quin",
        "email": "mquin2i@google.com.au",
        "programme": "CO",
        "courses": [
            "C#"
        ]
    },
    {
        "id": 803,
        "firstName": "Creigh",
        "lastName": "Klempke",
        "email": "cklempke2h@bbb.org",
        "programme": "CS",
        "courses": [
            "C#"
        ]
    },
    {
        "id": 804,
        "firstName": "Elane",
        "lastName": "Charopen",
        "email": "echaropen2p@dedecms.com",
        "programme": "CS",
        "courses": [
            "Hadoop"
        ]
    },
    {
        "id": 805,
        "firstName": "Connie",
        "lastName": "Yaxley",
        "email": "cyaxley2k@miitbeian.gov.cn",
        "programme": "CS",
        "courses": [
            "Hadoop"
        ]
    },
    {
        "id": 904,
        "firstName": "Velma",
        "lastName": "Kears",
        "email": "vkears1s@123-reg.co.uk",
        "programme": "CS",
        "courses": [
            "Data"
        ]
    },
    {
        "id": 905,
        "firstName": "Jonie",
        "lastName": "Bortoletti",
        "email": "jbortolettiq@cdc.gov",
        "programme": "CS",
        "courses": [
            "C#"
        ]
    },
    {
        "id": 906,
        "firstName": "Izak",
        "lastName": "Whelpdale",
        "email": "iwhelpdale1u@wired.com",
        "programme": "CO",
        "courses": [
            "Data"
        ]
    },
    {
        "id": 907,
        "firstName": "Vinnie",
        "lastName": "Wallbank",
        "email": "vwallbank1i@harvard.edu",
        "programme": "CO",
        "courses": [
            "C#"
        ]
    },
    {
        "id": 908,
        "firstName": "Georgetta",
        "lastName": "Chirm",
        "email": "gchirm1a@typepad.com",
        "programme": "CO",
        "courses": [
            "C#"
        ]
    },
    {
        "id": 909,
        "firstName": "Jan",
        "lastName": "Lummis",
        "email": "jlummis2@sina.com.cn",
        "programme": "CO",
        "courses": [
            "Data"
        ]
    },
    {
        "id": 910,
        "firstName": "Anni",
        "lastName": "Durgan",
        "email": "adurgan2q@yellowbook.com",
        "programme": "CS",
        "courses": [
            "Hadoop"
        ]
    },
    {
        "id": 911,
        "firstName": "Guinna",
        "lastName": "Masham",
        "email": "gmasham2e@un.org",
        "programme": "CO",
        "courses": [
            "Hadoop"
        ]
    },
    {
        "id": 912,
        "firstName": "Peri",
        "lastName": "Toffalo",
        "email": "ptoffalos@google.de",
        "programme": "ME",
        "courses": [
            "Data"
        ]
    },
    {
        "id": 913,
        "firstName": "Alyosha",
        "lastName": "McVicker",
        "email": "amcvicker12@chicagotribune.com",
        "programme": "CS",
        "courses": [
            "C#"
        ]
    },
    {
        "id": 914,
        "firstName": "Dominique",
        "lastName": "Passie",
        "email": "dpassie9@buzzfeed.com",
        "programme": "CO",
        "courses": [
            "Java"
        ]
    },
    {
        "id": 915,
        "firstName": "Zollie",
        "lastName": "Pryer",
        "email": "zpryer2l@ezinearticles.com",
        "programme": "CO",
        "courses": [
            "Data"
        ]
    },
    {
        "id": 916,
        "firstName": "Micki",
        "lastName": "Wetwood",
        "email": "mwetwood13@wired.com",
        "programme": "ME",
        "courses": [
            "Java"
        ]
    },
    {
        "id": 917,
        "firstName": "Cross",
        "lastName": "Gallihawk",
        "email": "cgallihawk1n@answers.com",
        "programme": "CS",
        "courses": [
            "Java"
        ]
    },
    {
        "id": 918,
        "firstName": "Marlin",
        "lastName": "Plunket",
        "email": "mplunket2b@whitehouse.gov",
        "programme": "CO",
        "courses": [
            "C#"
        ]
    },
    {
        "id": 919,
        "firstName": "Emili",
        "lastName": "Feldman",
        "email": "efeldman1j@hibu.com",
        "programme": "CO",
        "courses": [
            "Java"
        ]
    },
    {
        "id": 920,
        "firstName": "Dominik",
        "lastName": "Halden",
        "email": "dhaldenr@free.fr",
        "programme": "CO",
        "courses": [
            "C#"
        ]
    },
    {
        "id": 921,
        "firstName": "Rodi",
        "lastName": "Georgeou",
        "email": "rgeorgeou22@google.fr",
        "programme": "CS",
        "courses": [
            "Hadoop"
        ]
    },
    {
        "id": 922,
        "firstName": "Seana",
        "lastName": "Lynds",
        "email": "slynds27@symantec.com",
        "programme": "CS",
        "courses": [
            "Java"
        ]
    },
    {
        "id": 923,
        "firstName": "Karisa",
        "lastName": "Partrick",
        "email": "kpartrick2h@va.gov",
        "programme": "CS",
        "courses": [
            "Java"
        ]
    },
    {
        "id": 924,
        "firstName": "Borden",
        "lastName": "Panchin",
        "email": "bpanchin26@japanpost.jp",
        "programme": "CS",
        "courses": [
            "Hadoop"
        ]
    },
    {
        "id": 925,
        "firstName": "Aubrey",
        "lastName": "Chappelow",
        "email": "achappelowt@etsy.com",
        "programme": "ME",
        "courses": [
            "Data"
        ]
    },
    {
        "id": 926,
        "firstName": "Deidre",
        "lastName": "Seel",
        "email": "dseel1@jalbum.net",
        "programme": "ME",
        "courses": [
            "Java"
        ]
    },
    {
        "id": 927,
        "firstName": "Zolly",
        "lastName": "Mallen",
        "email": "zmallenv@narod.ru",
        "programme": "CS",
        "courses": [
            "Java"
        ]
    },
    {
        "id": 928,
        "firstName": "Ariella",
        "lastName": "Denniston",
        "email": "adenniston16@shop-pro.jp",
        "programme": "CO",
        "courses": [
            "Hadoop"
        ]
    },
    {
        "id": 929,
        "firstName": "Merle",
        "lastName": "Francklin",
        "email": "mfrancklin2a@yahoo.com",
        "programme": "CO",
        "courses": [
            "C#"
        ]
    },
    {
        "id": 930,
        "firstName": "Ginni",
        "lastName": "Newens",
        "email": "gnewensf@adobe.com",
        "programme": "ME",
        "courses": [
            "C#"
        ]
    },
    {
        "id": 931,
        "firstName": "Candida",
        "lastName": "Kassman",
        "email": "ckassmanh@bloglovin.com",
        "programme": "ME",
        "courses": [
            "Hadoop"
        ]
    },
    {
        "id": 932,
        "firstName": "Josephine",
        "lastName": "Dingwall",
        "email": "jdingwallj@google.ca",
        "programme": "CS",
        "courses": [
            "Hadoop"
        ]
    },
    {
        "id": 933,
        "firstName": "Mitzi",
        "lastName": "Van der Linde",
        "email": "mvanderlinde1p@nih.gov",
        "programme": "ME",
        "courses": [
            "Data"
        ]
    },
    {
        "id": 934,
        "firstName": "Bibby",
        "lastName": "Longcake",
        "email": "blongcakep@mozilla.com",
        "programme": "CO",
        "courses": [
            "Java"
        ]
    },
    {
        "id": 935,
        "firstName": "Demetria",
        "lastName": "Sherer",
        "email": "dsherer17@seattletimes.com",
        "programme": "CO",
        "courses": [
            "Java"
        ]
    },
    {
        "id": 936,
        "firstName": "Nanci",
        "lastName": "Teasey",
        "email": "nteaseyk@163.com",
        "programme": "CS",
        "courses": [
            "Hadoop"
        ]
    },
    {
        "id": 937,
        "firstName": "Valentine",
        "lastName": "Pimm",
        "email": "vpimm2n@xing.com",
        "programme": "CS",
        "courses": [
            "Data"
        ]
    },
    {
        "id": 938,
        "firstName": "Cyb",
        "lastName": "Penner",
        "email": "cpenner2j@weather.com",
        "programme": "CS",
        "courses": [
            "Java"
        ]
    },
    {
        "id": 939,
        "firstName": "Dur",
        "lastName": "Inge",
        "email": "dinge1f@ihg.com",
        "programme": "ME",
        "courses": [
            "Hadoop"
        ]
    },
    {
        "id": 940,
        "firstName": "Harvey",
        "lastName": "Droghan",
        "email": "hdroghan11@w3.org",
        "programme": "CS",
        "courses": [
            "C#"
        ]
    },
    {
        "id": 941,
        "firstName": "Dmitri",
        "lastName": "Kilford",
        "email": "dkilford28@wordpress.com",
        "programme": "ME",
        "courses": [
            "Hadoop"
        ]
    },
    {
        "id": 942,
        "firstName": "Jinny",
        "lastName": "Vitet",
        "email": "jviteti@cdc.gov",
        "programme": "CS",
        "courses": [
            "Java"
        ]
    },
    {
        "id": 943,
        "firstName": "Farlie",
        "lastName": "Callendar",
        "email": "fcallendarx@nymag.com",
        "programme": "CO",
        "courses": [
            "Data"
        ]
    },
    {
        "id": 944,
        "firstName": "Tarra",
        "lastName": "Phin",
        "email": "tphin2o@hexun.com",
        "programme": "CO",
        "courses": [
            "C#"
        ]
    },
    {
        "id": 945,
        "firstName": "Hayden",
        "lastName": "Abbay",
        "email": "habbay1w@smh.com.au",
        "programme": "CO",
        "courses": [
            "Java"
        ]
    },
    {
        "id": 946,
        "firstName": "Idelle",
        "lastName": "Worms",
        "email": "iwormsd@about.com",
        "programme": "CO",
        "courses": [
            "C#"
        ]
    },
    {
        "id": 947,
        "firstName": "Josselyn",
        "lastName": "Borrows",
        "email": "jborrows1y@webmd.com",
        "programme": "CS",
        "courses": [
            "Hadoop"
        ]
    },
    {
        "id": 948,
        "firstName": "Gabbi",
        "lastName": "Wordington",
        "email": "gwordington3@barnesandnoble.com",
        "programme": "ME",
        "courses": [
            "Hadoop"
        ]
    },
    {
        "id": 949,
        "firstName": "Horatio",
        "lastName": "Pow",
        "email": "hpow1t@posterous.com",
        "programme": "CO",
        "courses": [
            "Data"
        ]
    },
    {
        "id": 950,
        "firstName": "Evy",
        "lastName": "Hurn",
        "email": "ehurng@netvibes.com",
        "programme": "CS",
        "courses": [
            "Data"
        ]
    },
    {
        "id": 951,
        "firstName": "Monika",
        "lastName": "Thurlby",
        "email": "mthurlby2m@hibu.com",
        "programme": "CO",
        "courses": [
            "Hadoop"
        ]
    },
    {
        "id": 952,
        "firstName": "Xenia",
        "lastName": "Meeks",
        "email": "xmeeks1o@google.co.uk",
        "programme": "CS",
        "courses": [
            "C#"
        ]
    },
    {
        "id": 953,
        "firstName": "Lacy",
        "lastName": "Bourchier",
        "email": "lbourchiern@narod.ru",
        "programme": "CS",
        "courses": [
            "Hadoop"
        ]
    },
    {
        "id": 954,
        "firstName": "Rakel",
        "lastName": "Lecount",
        "email": "rlecount5@nasa.gov",
        "programme": "CO",
        "courses": [
            "Hadoop"
        ]
    },
    {
        "id": 955,
        "firstName": "Wildon",
        "lastName": "Caccavale",
        "email": "wcaccavaley@mashable.com",
        "programme": "CO",
        "courses": [
            "C#"
        ]
    },
    {
        "id": 956,
        "firstName": "Bernita",
        "lastName": "Normabell",
        "email": "bnormabell1c@last.fm",
        "programme": "CS",
        "courses": [
            "Java"
        ]
    },
    {
        "id": 957,
        "firstName": "Carlos",
        "lastName": "Markwell",
        "email": "cmarkwellb@ft.com",
        "programme": "ME",
        "courses": [
            "Data"
        ]
    },
    {
        "id": 958,
        "firstName": "Mirabella",
        "lastName": "De la Yglesia",
        "email": "mdelayglesia20@flavors.me",
        "programme": "CS",
        "courses": [
            "Hadoop"
        ]
    },
    {
        "id": 959,
        "firstName": "Hynda",
        "lastName": "Yurinov",
        "email": "hyurinovz@ezinearticles.com",
        "programme": "CS",
        "courses": [
            "Hadoop"
        ]
    },
    {
        "id": 960,
        "firstName": "Chelsae",
        "lastName": "Weedenburg",
        "email": "cweedenburg2k@amazon.com",
        "programme": "CS",
        "courses": [
            "C#"
        ]
    },
    {
        "id": 961,
        "firstName": "Lily",
        "lastName": "Metzke",
        "email": "lmetzke1q@pagesperso-orange.fr",
        "programme": "CS",
        "courses": [
            "Hadoop"
        ]
    },
    {
        "id": 962,
        "firstName": "Ludvig",
        "lastName": "Michele",
        "email": "lmichele18@cnet.com",
        "programme": "CS",
        "courses": [
            "C#"
        ]
    },
    {
        "id": 963,
        "firstName": "Gregoor",
        "lastName": "Causer",
        "email": "gcauser10@toplist.cz",
        "programme": "ME",
        "courses": [
            "Java"
        ]
    },
    {
        "id": 964,
        "firstName": "Ericka",
        "lastName": "Aysh",
        "email": "eaysh1m@constantcontact.com",
        "programme": "CS",
        "courses": [
            "Hadoop"
        ]
    },
    {
        "id": 965,
        "firstName": "Hilarius",
        "lastName": "Chetham",
        "email": "hchetham1r@live.com",
        "programme": "ME",
        "courses": [
            "Data"
        ]
    },
    {
        "id": 966,
        "firstName": "Tabbitha",
        "lastName": "Cristofvao",
        "email": "tcristofvaoe@economist.com",
        "programme": "CO",
        "courses": [
            "Data"
        ]
    },
    {
        "id": 967,
        "firstName": "Humfrid",
        "lastName": "Behning",
        "email": "hbehning6@slideshare.net",
        "programme": "CS",
        "courses": [
            "Java"
        ]
    },
    {
        "id": 968,
        "firstName": "Phoebe",
        "lastName": "Stevens",
        "email": "pstevens2p@tinyurl.com",
        "programme": "CO",
        "courses": [
            "Hadoop"
        ]
    },
    {
        "id": 969,
        "firstName": "Muire",
        "lastName": "Chartre",
        "email": "mchartrec@usgs.gov",
        "programme": "CS",
        "courses": [
            "Java"
        ]
    },
    {
        "id": 970,
        "firstName": "Findley",
        "lastName": "Dring",
        "email": "fdringl@bbc.co.uk",
        "programme": "CS",
        "courses": [
            "Data"
        ]
    },
    {
        "id": 971,
        "firstName": "Mikkel",
        "lastName": "Jaukovic",
        "email": "mjaukovic23@wordpress.org",
        "programme": "CO",
        "courses": [
            "Data"
        ]
    },
    {
        "id": 972,
        "firstName": "Jacinta",
        "lastName": "Edwicker",
        "email": "jedwicker15@deviantart.com",
        "programme": "ME",
        "courses": [
            "Data"
        ]
    },
    {
        "id": 973,
        "firstName": "Ferrel",
        "lastName": "Havoc",
        "email": "fhavoc1z@aboutads.info",
        "programme": "CO",
        "courses": [
            "C#"
        ]
    },
    {
        "id": 974,
        "firstName": "Cordi",
        "lastName": "Goodbarne",
        "email": "cgoodbarne2c@woothemes.com",
        "programme": "ME",
        "courses": [
            "C#"
        ]
    },
    {
        "id": 975,
        "firstName": "Gilburt",
        "lastName": "Cuesta",
        "email": "gcuesta25@livejournal.com",
        "programme": "CO",
        "courses": [
            "Data"
        ]
    },
    {
        "id": 976,
        "firstName": "Wilhelmina",
        "lastName": "Eake",
        "email": "weake21@ow.ly",
        "programme": "CO",
        "courses": [
            "Hadoop"
        ]
    },
    {
        "id": 977,
        "firstName": "Jackqueline",
        "lastName": "Lightman",
        "email": "jlightman4@wsj.com",
        "programme": "CS",
        "courses": [
            "Data"
        ]
    },
    {
        "id": 978,
        "firstName": "Tomasina",
        "lastName": "Horsell",
        "email": "thorsell0@msu.edu",
        "programme": "CO",
        "courses": [
            "Data"
        ]
    },
    {
        "id": 979,
        "firstName": "Truman",
        "lastName": "Burnhill",
        "email": "tburnhill2r@surveymonkey.com",
        "programme": "ME",
        "courses": [
            "Hadoop"
        ]
    },
    {
        "id": 980,
        "firstName": "Brigitta",
        "lastName": "Padbery",
        "email": "bpadbery7@liveinternet.ru",
        "programme": "CS",
        "courses": [
            "Java"
        ]
    },
    {
        "id": 981,
        "firstName": "Ikey",
        "lastName": "Ellcock",
        "email": "iellcock19@usnews.com",
        "programme": "CO",
        "courses": [
            "C#"
        ]
    },
    {
        "id": 982,
        "firstName": "Anett",
        "lastName": "Domico",
        "email": "adomico8@sbwire.com",
        "programme": "ME",
        "courses": [
            "Hadoop"
        ]
    },
    {
        "id": 983,
        "firstName": "Angy",
        "lastName": "Jonas",
        "email": "ajonaso@t-online.de",
        "programme": "ME",
        "courses": [
            "Data"
        ]
    },
    {
        "id": 984,
        "firstName": "Dela",
        "lastName": "Alfonso",
        "email": "dalfonso2d@techcrunch.com",
        "programme": "ME",
        "courses": [
            "C#"
        ]
    },
    {
        "id": 985,
        "firstName": "Parsifal",
        "lastName": "Faint",
        "email": "pfaint1e@patch.com",
        "programme": "ME",
        "courses": [
            "C#"
        ]
    },
    {
        "id": 986,
        "firstName": "Cirillo",
        "lastName": "Erlam",
        "email": "cerlamw@cmu.edu",
        "programme": "CO",
        "courses": [
            "Java"
        ]
    },
    {
        "id": 987,
        "firstName": "Arlette",
        "lastName": "Meates",
        "email": "ameates29@dailymail.co.uk",
        "programme": "CS",
        "courses": [
            "Data"
        ]
    },
    {
        "id": 988,
        "firstName": "Kary",
        "lastName": "Blaisdell",
        "email": "kblaisdellu@tuttocitta.it",
        "programme": "CO",
        "courses": [
            "Data"
        ]
    },
    {
        "id": 989,
        "firstName": "Chan",
        "lastName": "Eakley",
        "email": "ceakley1h@networkadvertising.org",
        "programme": "CO",
        "courses": [
            "C#"
        ]
    },
    {
        "id": 990,
        "firstName": "Reiko",
        "lastName": "Held",
        "email": "rheld1x@yale.edu",
        "programme": "CO",
        "courses": [
            "C#"
        ]
    },
    {
        "id": 991,
        "firstName": "Francoise",
        "lastName": "McGeagh",
        "email": "fmcgeagh2f@g.co",
        "programme": "ME",
        "courses": [
            "Data"
        ]
    },
    {
        "id": 992,
        "firstName": "Pippy",
        "lastName": "Delafont",
        "email": "pdelafont1k@networksolutions.com",
        "programme": "CS",
        "courses": [
            "Data"
        ]
    },
    {
        "id": 993,
        "firstName": "Mildred",
        "lastName": "Peterkin",
        "email": "mpeterkin24@disqus.com",
        "programme": "ME",
        "courses": [
            "Data"
        ]
    },
    {
        "id": 994,
        "firstName": "Damita",
        "lastName": "Offin",
        "email": "doffin2g@deviantart.com",
        "programme": "ME",
        "courses": [
            "Java"
        ]
    },
    {
        "id": 995,
        "firstName": "Kerianne",
        "lastName": "Eltone",
        "email": "keltone2i@mashable.com",
        "programme": "CS",
        "courses": [
            "Data"
        ]
    },
    {
        "id": 996,
        "firstName": "Jeramie",
        "lastName": "Millea",
        "email": "jmilleam@hatena.ne.jp",
        "programme": "CO",
        "courses": [
            "C#"
        ]
    },
    {
        "id": 997,
        "firstName": "Coralie",
        "lastName": "Rodgerson",
        "email": "crodgerson1d@un.org",
        "programme": "ME",
        "courses": [
            "Hadoop"
        ]
    },
    {
        "id": 998,
        "firstName": "Edmund",
        "lastName": "Petrulis",
        "email": "epetrulis1v@intel.com",
        "programme": "CO",
        "courses": [
            "Hadoop"
        ]
    },
    {
        "id": 999,
        "firstName": "Bellanca",
        "lastName": "Honnan",
        "email": "bhonnan1b@shop-pro.jp",
        "programme": "ME",
        "courses": [
            "C#"
        ]
    },
    {
        "id": 1000,
        "firstName": "Vania",
        "lastName": "De Bischof",
        "email": "vdebischof1g@newyorker.com",
        "programme": "CO",
        "courses": [
            "Hadoop"
        ]
    },
    {
        "id": 1001,
        "firstName": "Analiese",
        "lastName": "Venton",
        "email": "aventona@shop-pro.jp",
        "programme": "CS",
        "courses": [
            "Java"
        ]
    },
    {
        "id": 1002,
        "firstName": "Erskine",
        "lastName": "Barrass",
        "email": "ebarrass1l@hugedomains.com",
        "programme": "ME",
        "courses": [
            "Java"
        ]
    },
    {
        "id": 1003,
        "firstName": "Abra",
        "lastName": "Rollinshaw",
        "email": "arollinshaw14@ustream.tv",
        "programme": "CO",
        "courses": [
            "Data"
        ]
    },
    {
        "id": 1004,
        "firstName": "SMOKEUSER60348",
        "lastName": "SMOKEUSER83557",
        "email": "51995xyz@gmail.com",
        "programme": "Computer Science",
        "courses": [
            "JAVA",
            "C++"
        ]
    },
    {
        "id": 1005,
        "firstName": "SMOKEUSER53909",
        "lastName": "SMOKEUSER23664",
        "email": "80260xyz@gmail.com",
        "programme": "Computer Science",
        "courses": [
            "JAVA",
            "C++"
        ]
    },
    {
        "id": 1006,
        "firstName": "SMOKEUSER3620",
        "lastName": "SMOKEUSER78210",
        "email": "64303xyz@gmail.com",
        "programme": "Computer Science",
        "courses": [
            "JAVA",
            "C++"
        ]
    },
    {
        "id": 1007,
        "firstName": "SMOKEUSER12376",
        "lastName": "SMOKEUSER80927",
        "email": "89028xyz@gmail.com",
        "programme": "Computer Science",
        "courses": [
            "JAVA",
            "C++"
        ]
    },
    {
        "id": 1008,
        "firstName": "SMOKEUSER26465",
        "lastName": "SMOKEUSER68423",
        "email": "57548xyz@gmail.com",
        "programme": "Computer Science",
        "courses": [
            "JAVA",
            "C++"
        ]
    },
    {
        "id": 1009,
        "firstName": "SMOKEUSER6546",
        "lastName": "SMOKEUSER97342",
        "email": "49624xyz@gmail.com",
        "programme": "Computer Science",
        "courses": [
            "JAVA",
            "C++"
        ]
    },
    {
        "id": 1010,
        "firstName": "SMOKEUSER97343",
        "lastName": "SMOKEUSER85053",
        "email": "438xyz@gmail.com",
        "programme": "Computer Science",
        "courses": [
            "JAVA",
            "C++"
        ]
    },
    {
        "id": 1011,
        "firstName": "SMOKEUSER5462",
        "lastName": "SMOKEUSER78462",
        "email": "86863xyz@gmail.com",
        "programme": "Computer Science",
        "courses": [
            "JAVA",
            "C++"
        ]
    },
    {
        "id": 1012,
        "firstName": "SMOKEUSER65770",
        "lastName": "SMOKEUSER97066",
        "email": "31112xyz@gmail.com",
        "programme": "Computer Science",
        "courses": [
            "JAVA",
            "C++"
        ]
    }
]
]]></system-out>
  </testcase>
</testsuite>